<?xml version="1.0" encoding="UTF-8"?>
<testsuite xmlns:xsi="http://www.w3.org/2001/XMLSchema-instance" xsi:noNamespaceSchemaLocation="https://maven.apache.org/surefire/maven-surefire-plugin/xsd/surefire-test-report-3.0.xsd" version="3.0" name="com.example.pagamentoService.ApplicationTests" time="11.129" tests="1" errors="0" skipped="0" failures="0">
  <properties>
[...]
</properties>
  <testcase name="contextLoads" classname="com.example.pagamentoService.ApplicationTests" time="0.301">
    <system-out><![CDATA[17:50:30.382 [main] INFO org.springframework.test.context.support.AnnotationConfigContextLoaderUtils -- Could not detect default configuration classes for test class [com.example.pagamentoService.ApplicationTests]: ApplicationTests does not declare any static, non-private, non-final, nested classes annotated with @Configuration.
17:50:30.437 [main] INFO org.springframework.boot.test.context.SpringBootTestContextBootstrapper -- Found @SpringBootConfiguration com.example.pagamentoService.Application for test class com.example.pagamentoService.ApplicationTests

  .   ____          _            __ _ _
 /\\ / ___'_ __ _ _(_)_ __  __ _ \ \ \ \
( ( )\___ | '_ | '_| | '_ \/ _` | \ \ \ \
 \\/  ___)| |_)| | | | | || (_| |  ) ) ) )
  '  |____| .__|_| |_|_| |_\__, | / / / /
 =========|_|==============|___/=/_/_/_/

 :: Spring Boot ::                (v3.3.5)

2024-12-07T17:50:30.688-03:00  INFO 13138 --- [pagamentoService] [           main] c.e.pagamentoService.ApplicationTests    : Starting ApplicationTests using Java 17.0.10 with PID 13138 (started by lzndev in /home/lzndev/Documents/workspace/code/git/pagamento-service)
2024-12-07T17:50:30.689-03:00  INFO 13138 --- [pagamentoService] [           main] c.e.pagamentoService.ApplicationTests    : No active profile set, falling back to 1 default profile: "default"
2024-12-07T17:50:31.073-03:00  INFO 13138 --- [pagamentoService] [           main] .s.d.r.c.RepositoryConfigurationDelegate : Bootstrapping Spring Data JPA repositories in DEFAULT mode.
2024-12-07T17:50:31.103-03:00  INFO 13138 --- [pagamentoService] [           main] .s.d.r.c.RepositoryConfigurationDelegate : Finished Spring Data repository scanning in 25 ms. Found 1 JPA repository interface.
2024-12-07T17:50:31.457-03:00 DEBUG 13138 --- [pagamentoService] [           main] o.hibernate.jpa.internal.util.LogHelper  : PersistenceUnitInfo [
	name: default
	persistence provider classname: null
	classloader: jdk.internal.loader.ClassLoaders$AppClassLoader@46fbb2c1
	excludeUnlistedClasses: true
	JTA datasource: null
	Non JTA datasource: HikariDataSource (null)
	Transaction type: RESOURCE_LOCAL
	PU root URL: file:/home/lzndev/Documents/workspace/code/git/pagamento-service/target/test-classes/
	Shared Cache Mode: UNSPECIFIED
	Validation Mode: AUTO
	Jar files URLs []
	Managed classes names [
		com.example.pagamentoService.entidade.Cliente]
	Mapping files names []
	Properties []
2024-12-07T17:50:31.463-03:00 DEBUG 13138 --- [pagamentoService] [           main] o.h.i.internal.IntegratorServiceImpl     : Adding Integrator [org.hibernate.boot.beanvalidation.BeanValidationIntegrator].
2024-12-07T17:50:31.464-03:00 DEBUG 13138 --- [pagamentoService] [           main] o.h.i.internal.IntegratorServiceImpl     : Adding Integrator [org.hibernate.cache.internal.CollectionCacheInvalidator].
2024-12-07T17:50:31.488-03:00  INFO 13138 --- [pagamentoService] [           main] org.hibernate.Version                    : HHH000412: Hibernate ORM core version 6.5.3.Final
2024-12-07T17:50:31.489-03:00 DEBUG 13138 --- [pagamentoService] [           main] org.hibernate.cfg.Environment            : HHH000206: 'hibernate.properties' not found
2024-12-07T17:50:31.503-03:00 DEBUG 13138 --- [pagamentoService] [           main] org.hibernate.orm.idgen.factory          : Registering IdentifierGenerator strategy [uuid2] -> [org.hibernate.id.UUIDGenerator]
2024-12-07T17:50:31.503-03:00 DEBUG 13138 --- [pagamentoService] [           main] org.hibernate.orm.idgen.factory          : Registering IdentifierGenerator strategy [guid] -> [org.hibernate.id.GUIDGenerator]
2024-12-07T17:50:31.503-03:00 DEBUG 13138 --- [pagamentoService] [           main] org.hibernate.orm.idgen.factory          : Registering IdentifierGenerator strategy [uuid] -> [org.hibernate.id.UUIDHexGenerator]
2024-12-07T17:50:31.504-03:00 DEBUG 13138 --- [pagamentoService] [           main] org.hibernate.orm.idgen.factory          : Registering IdentifierGenerator strategy [uuid.hex] -> [org.hibernate.id.UUIDHexGenerator]
2024-12-07T17:50:31.504-03:00 DEBUG 13138 --- [pagamentoService] [           main] org.hibernate.orm.idgen.factory          : Registering IdentifierGenerator strategy [assigned] -> [org.hibernate.id.Assigned]
2024-12-07T17:50:31.504-03:00 DEBUG 13138 --- [pagamentoService] [           main] org.hibernate.orm.idgen.factory          : Registering IdentifierGenerator strategy [identity] -> [org.hibernate.id.IdentityGenerator]
2024-12-07T17:50:31.504-03:00 DEBUG 13138 --- [pagamentoService] [           main] org.hibernate.orm.idgen.factory          : Registering IdentifierGenerator strategy [select] -> [org.hibernate.id.SelectGenerator]
2024-12-07T17:50:31.505-03:00 DEBUG 13138 --- [pagamentoService] [           main] org.hibernate.orm.idgen.factory          : Registering IdentifierGenerator strategy [sequence] -> [org.hibernate.id.enhanced.SequenceStyleGenerator]
2024-12-07T17:50:31.506-03:00 DEBUG 13138 --- [pagamentoService] [           main] org.hibernate.orm.idgen.factory          : Registering IdentifierGenerator strategy [increment] -> [org.hibernate.id.IncrementGenerator]
2024-12-07T17:50:31.506-03:00 DEBUG 13138 --- [pagamentoService] [           main] org.hibernate.orm.idgen.factory          : Registering IdentifierGenerator strategy [foreign] -> [org.hibernate.id.ForeignGenerator]
2024-12-07T17:50:31.506-03:00 DEBUG 13138 --- [pagamentoService] [           main] org.hibernate.orm.idgen.factory          : Registering IdentifierGenerator strategy [enhanced-sequence] -> [org.hibernate.id.enhanced.SequenceStyleGenerator]
2024-12-07T17:50:31.507-03:00 DEBUG 13138 --- [pagamentoService] [           main] org.hibernate.orm.idgen.factory          : Registering IdentifierGenerator strategy [enhanced-table] -> [org.hibernate.id.enhanced.TableGenerator]
2024-12-07T17:50:31.511-03:00 DEBUG 13138 --- [pagamentoService] [           main] o.h.c.internal.RegionFactoryInitiator    : Cannot default RegionFactory based on registered strategies as `[]` RegionFactory strategies were registered
2024-12-07T17:50:31.511-03:00  INFO 13138 --- [pagamentoService] [           main] o.h.c.internal.RegionFactoryInitiator    : HHH000026: Second-level cache disabled
2024-12-07T17:50:31.556-03:00 DEBUG 13138 --- [pagamentoService] [           main] org.hibernate.type.BasicTypeRegistry     : Adding type registration boolean -> org.hibernate.type.BasicTypeReference@8840c98
2024-12-07T17:50:31.557-03:00 DEBUG 13138 --- [pagamentoService] [           main] org.hibernate.type.BasicTypeRegistry     : Adding type registration boolean -> org.hibernate.type.BasicTypeReference@8840c98
2024-12-07T17:50:31.557-03:00 DEBUG 13138 --- [pagamentoService] [           main] org.hibernate.type.BasicTypeRegistry     : Adding type registration java.lang.Boolean -> org.hibernate.type.BasicTypeReference@8840c98
2024-12-07T17:50:31.557-03:00 DEBUG 13138 --- [pagamentoService] [           main] org.hibernate.type.BasicTypeRegistry     : Adding type registration numeric_boolean -> org.hibernate.type.BasicTypeReference@626b639e
2024-12-07T17:50:31.557-03:00 DEBUG 13138 --- [pagamentoService] [           main] org.hibernate.type.BasicTypeRegistry     : Adding type registration org.hibernate.type.NumericBooleanConverter -> org.hibernate.type.BasicTypeReference@626b639e
2024-12-07T17:50:31.557-03:00 DEBUG 13138 --- [pagamentoService] [           main] org.hibernate.type.BasicTypeRegistry     : Adding type registration true_false -> org.hibernate.type.BasicTypeReference@273fa9e
2024-12-07T17:50:31.557-03:00 DEBUG 13138 --- [pagamentoService] [           main] org.hibernate.type.BasicTypeRegistry     : Adding type registration org.hibernate.type.TrueFalseConverter -> org.hibernate.type.BasicTypeReference@273fa9e
2024-12-07T17:50:31.557-03:00 DEBUG 13138 --- [pagamentoService] [           main] org.hibernate.type.BasicTypeRegistry     : Adding type registration yes_no -> org.hibernate.type.BasicTypeReference@527a8665
2024-12-07T17:50:31.557-03:00 DEBUG 13138 --- [pagamentoService] [           main] org.hibernate.type.BasicTypeRegistry     : Adding type registration org.hibernate.type.YesNoConverter -> org.hibernate.type.BasicTypeReference@527a8665
2024-12-07T17:50:31.557-03:00 DEBUG 13138 --- [pagamentoService] [           main] org.hibernate.type.BasicTypeRegistry     : Adding type registration byte -> org.hibernate.type.BasicTypeReference@7ab2a07e
2024-12-07T17:50:31.557-03:00 DEBUG 13138 --- [pagamentoService] [           main] org.hibernate.type.BasicTypeRegistry     : Adding type registration byte -> org.hibernate.type.BasicTypeReference@7ab2a07e
2024-12-07T17:50:31.557-03:00 DEBUG 13138 --- [pagamentoService] [           main] org.hibernate.type.BasicTypeRegistry     : Adding type registration java.lang.Byte -> org.hibernate.type.BasicTypeReference@7ab2a07e
2024-12-07T17:50:31.558-03:00 DEBUG 13138 --- [pagamentoService] [           main] org.hibernate.type.BasicTypeRegistry     : Adding type registration binary -> org.hibernate.type.BasicTypeReference@437c4b25
2024-12-07T17:50:31.558-03:00 DEBUG 13138 --- [pagamentoService] [           main] org.hibernate.type.BasicTypeRegistry     : Adding type registration byte[] -> org.hibernate.type.BasicTypeReference@437c4b25
2024-12-07T17:50:31.558-03:00 DEBUG 13138 --- [pagamentoService] [           main] org.hibernate.type.BasicTypeRegistry     : Adding type registration [B -> org.hibernate.type.BasicTypeReference@437c4b25
2024-12-07T17:50:31.558-03:00 DEBUG 13138 --- [pagamentoService] [           main] org.hibernate.type.BasicTypeRegistry     : Adding type registration binary_wrapper -> org.hibernate.type.BasicTypeReference@5ec6fede
2024-12-07T17:50:31.558-03:00 DEBUG 13138 --- [pagamentoService] [           main] org.hibernate.type.BasicTypeRegistry     : Adding type registration wrapper-binary -> org.hibernate.type.BasicTypeReference@5ec6fede
2024-12-07T17:50:31.558-03:00 DEBUG 13138 --- [pagamentoService] [           main] org.hibernate.type.BasicTypeRegistry     : Adding type registration image -> org.hibernate.type.BasicTypeReference@580902cd
2024-12-07T17:50:31.558-03:00 DEBUG 13138 --- [pagamentoService] [           main] org.hibernate.type.BasicTypeRegistry     : Adding type registration blob -> org.hibernate.type.BasicTypeReference@3757e8e2
2024-12-07T17:50:31.558-03:00 DEBUG 13138 --- [pagamentoService] [           main] org.hibernate.type.BasicTypeRegistry     : Adding type registration java.sql.Blob -> org.hibernate.type.BasicTypeReference@3757e8e2
2024-12-07T17:50:31.558-03:00 DEBUG 13138 --- [pagamentoService] [           main] org.hibernate.type.BasicTypeRegistry     : Adding type registration materialized_blob -> org.hibernate.type.BasicTypeReference@1653b84e
2024-12-07T17:50:31.558-03:00 DEBUG 13138 --- [pagamentoService] [           main] org.hibernate.type.BasicTypeRegistry     : Adding type registration materialized_blob_wrapper -> org.hibernate.type.BasicTypeReference@7f8a9454
2024-12-07T17:50:31.558-03:00 DEBUG 13138 --- [pagamentoService] [           main] org.hibernate.type.BasicTypeRegistry     : Adding type registration short -> org.hibernate.type.BasicTypeReference@6f85ee02
2024-12-07T17:50:31.558-03:00 DEBUG 13138 --- [pagamentoService] [           main] org.hibernate.type.BasicTypeRegistry     : Adding type registration short -> org.hibernate.type.BasicTypeReference@6f85ee02
2024-12-07T17:50:31.559-03:00 DEBUG 13138 --- [pagamentoService] [           main] org.hibernate.type.BasicTypeRegistry     : Adding type registration java.lang.Short -> org.hibernate.type.BasicTypeReference@6f85ee02
2024-12-07T17:50:31.559-03:00 DEBUG 13138 --- [pagamentoService] [           main] org.hibernate.type.BasicTypeRegistry     : Adding type registration integer -> org.hibernate.type.BasicTypeReference@679d0be8
2024-12-07T17:50:31.559-03:00 DEBUG 13138 --- [pagamentoService] [           main] org.hibernate.type.BasicTypeRegistry     : Adding type registration int -> org.hibernate.type.BasicTypeReference@679d0be8
2024-12-07T17:50:31.559-03:00 DEBUG 13138 --- [pagamentoService] [           main] org.hibernate.type.BasicTypeRegistry     : Adding type registration java.lang.Integer -> org.hibernate.type.BasicTypeReference@679d0be8
2024-12-07T17:50:31.559-03:00 DEBUG 13138 --- [pagamentoService] [           main] org.hibernate.type.BasicTypeRegistry     : Adding type registration long -> org.hibernate.type.BasicTypeReference@6c075e9d
2024-12-07T17:50:31.559-03:00 DEBUG 13138 --- [pagamentoService] [           main] org.hibernate.type.BasicTypeRegistry     : Adding type registration long -> org.hibernate.type.BasicTypeReference@6c075e9d
2024-12-07T17:50:31.559-03:00 DEBUG 13138 --- [pagamentoService] [           main] org.hibernate.type.BasicTypeRegistry     : Adding type registration java.lang.Long -> org.hibernate.type.BasicTypeReference@6c075e9d
2024-12-07T17:50:31.559-03:00 DEBUG 13138 --- [pagamentoService] [           main] org.hibernate.type.BasicTypeRegistry     : Adding type registration float -> org.hibernate.type.BasicTypeReference@47044f7d
2024-12-07T17:50:31.559-03:00 DEBUG 13138 --- [pagamentoService] [           main] org.hibernate.type.BasicTypeRegistry     : Adding type registration float -> org.hibernate.type.BasicTypeReference@47044f7d
2024-12-07T17:50:31.559-03:00 DEBUG 13138 --- [pagamentoService] [           main] org.hibernate.type.BasicTypeRegistry     : Adding type registration java.lang.Float -> org.hibernate.type.BasicTypeReference@47044f7d
2024-12-07T17:50:31.559-03:00 DEBUG 13138 --- [pagamentoService] [           main] org.hibernate.type.BasicTypeRegistry     : Adding type registration double -> org.hibernate.type.BasicTypeReference@7b14c61
2024-12-07T17:50:31.559-03:00 DEBUG 13138 --- [pagamentoService] [           main] org.hibernate.type.BasicTypeRegistry     : Adding type registration double -> org.hibernate.type.BasicTypeReference@7b14c61
2024-12-07T17:50:31.559-03:00 DEBUG 13138 --- [pagamentoService] [           main] org.hibernate.type.BasicTypeRegistry     : Adding type registration java.lang.Double -> org.hibernate.type.BasicTypeReference@7b14c61
2024-12-07T17:50:31.560-03:00 DEBUG 13138 --- [pagamentoService] [           main] org.hibernate.type.BasicTypeRegistry     : Adding type registration big_integer -> org.hibernate.type.BasicTypeReference@8fcc534
2024-12-07T17:50:31.560-03:00 DEBUG 13138 --- [pagamentoService] [           main] org.hibernate.type.BasicTypeRegistry     : Adding type registration java.math.BigInteger -> org.hibernate.type.BasicTypeReference@8fcc534
2024-12-07T17:50:31.560-03:00 DEBUG 13138 --- [pagamentoService] [           main] org.hibernate.type.BasicTypeRegistry     : Adding type registration big_decimal -> org.hibernate.type.BasicTypeReference@5e599100
2024-12-07T17:50:31.560-03:00 DEBUG 13138 --- [pagamentoService] [           main] org.hibernate.type.BasicTypeRegistry     : Adding type registration java.math.BigDecimal -> org.hibernate.type.BasicTypeReference@5e599100
2024-12-07T17:50:31.560-03:00 DEBUG 13138 --- [pagamentoService] [           main] org.hibernate.type.BasicTypeRegistry     : Adding type registration character -> org.hibernate.type.BasicTypeReference@3b435211
2024-12-07T17:50:31.560-03:00 DEBUG 13138 --- [pagamentoService] [           main] org.hibernate.type.BasicTypeRegistry     : Adding type registration char -> org.hibernate.type.BasicTypeReference@3b435211
2024-12-07T17:50:31.560-03:00 DEBUG 13138 --- [pagamentoService] [           main] org.hibernate.type.BasicTypeRegistry     : Adding type registration java.lang.Character -> org.hibernate.type.BasicTypeReference@3b435211
2024-12-07T17:50:31.560-03:00 DEBUG 13138 --- [pagamentoService] [           main] org.hibernate.type.BasicTypeRegistry     : Adding type registration character_nchar -> org.hibernate.type.BasicTypeReference@361cd35c
2024-12-07T17:50:31.560-03:00 DEBUG 13138 --- [pagamentoService] [           main] org.hibernate.type.BasicTypeRegistry     : Adding type registration string -> org.hibernate.type.BasicTypeReference@58a765ce
2024-12-07T17:50:31.560-03:00 DEBUG 13138 --- [pagamentoService] [           main] org.hibernate.type.BasicTypeRegistry     : Adding type registration java.lang.String -> org.hibernate.type.BasicTypeReference@58a765ce
2024-12-07T17:50:31.560-03:00 DEBUG 13138 --- [pagamentoService] [           main] org.hibernate.type.BasicTypeRegistry     : Adding type registration nstring -> org.hibernate.type.BasicTypeReference@4a642e4b
2024-12-07T17:50:31.560-03:00 DEBUG 13138 --- [pagamentoService] [           main] org.hibernate.type.BasicTypeRegistry     : Adding type registration characters -> org.hibernate.type.BasicTypeReference@6b162ecc
2024-12-07T17:50:31.560-03:00 DEBUG 13138 --- [pagamentoService] [           main] org.hibernate.type.BasicTypeRegistry     : Adding type registration char[] -> org.hibernate.type.BasicTypeReference@6b162ecc
2024-12-07T17:50:31.560-03:00 DEBUG 13138 --- [pagamentoService] [           main] org.hibernate.type.BasicTypeRegistry     : Adding type registration [C -> org.hibernate.type.BasicTypeReference@6b162ecc
2024-12-07T17:50:31.561-03:00 DEBUG 13138 --- [pagamentoService] [           main] org.hibernate.type.BasicTypeRegistry     : Adding type registration wrapper-characters -> org.hibernate.type.BasicTypeReference@3b4086c1
2024-12-07T17:50:31.561-03:00 DEBUG 13138 --- [pagamentoService] [           main] org.hibernate.type.BasicTypeRegistry     : Adding type registration text -> org.hibernate.type.BasicTypeReference@58aa1d72
2024-12-07T17:50:31.561-03:00 DEBUG 13138 --- [pagamentoService] [           main] org.hibernate.type.BasicTypeRegistry     : Adding type registration ntext -> org.hibernate.type.BasicTypeReference@33d7765a
2024-12-07T17:50:31.561-03:00 DEBUG 13138 --- [pagamentoService] [           main] org.hibernate.type.BasicTypeRegistry     : Adding type registration clob -> org.hibernate.type.BasicTypeReference@69ed5ea2
2024-12-07T17:50:31.561-03:00 DEBUG 13138 --- [pagamentoService] [           main] org.hibernate.type.BasicTypeRegistry     : Adding type registration java.sql.Clob -> org.hibernate.type.BasicTypeReference@69ed5ea2
2024-12-07T17:50:31.561-03:00 DEBUG 13138 --- [pagamentoService] [           main] org.hibernate.type.BasicTypeRegistry     : Adding type registration nclob -> org.hibernate.type.BasicTypeReference@56a4abd0
2024-12-07T17:50:31.561-03:00 DEBUG 13138 --- [pagamentoService] [           main] org.hibernate.type.BasicTypeRegistry     : Adding type registration java.sql.NClob -> org.hibernate.type.BasicTypeReference@56a4abd0
2024-12-07T17:50:31.561-03:00 DEBUG 13138 --- [pagamentoService] [           main] org.hibernate.type.BasicTypeRegistry     : Adding type registration materialized_clob -> org.hibernate.type.BasicTypeReference@5eed6dfb
2024-12-07T17:50:31.561-03:00 DEBUG 13138 --- [pagamentoService] [           main] org.hibernate.type.BasicTypeRegistry     : Adding type registration materialized_clob_char_array -> org.hibernate.type.BasicTypeReference@5600a5da
2024-12-07T17:50:31.561-03:00 DEBUG 13138 --- [pagamentoService] [           main] org.hibernate.type.BasicTypeRegistry     : Adding type registration materialized_clob_character_array -> org.hibernate.type.BasicTypeReference@551be9f6
2024-12-07T17:50:31.561-03:00 DEBUG 13138 --- [pagamentoService] [           main] org.hibernate.type.BasicTypeRegistry     : Adding type registration materialized_nclob -> org.hibernate.type.BasicTypeReference@269222ae
2024-12-07T17:50:31.561-03:00 DEBUG 13138 --- [pagamentoService] [           main] org.hibernate.type.BasicTypeRegistry     : Adding type registration materialized_nclob_character_array -> org.hibernate.type.BasicTypeReference@13250132
2024-12-07T17:50:31.561-03:00 DEBUG 13138 --- [pagamentoService] [           main] org.hibernate.type.BasicTypeRegistry     : Adding type registration materialized_nclob_char_array -> org.hibernate.type.BasicTypeReference@40d848f9
2024-12-07T17:50:31.561-03:00 DEBUG 13138 --- [pagamentoService] [           main] org.hibernate.type.BasicTypeRegistry     : Adding type registration Duration -> org.hibernate.type.BasicTypeReference@4a864d4d
2024-12-07T17:50:31.562-03:00 DEBUG 13138 --- [pagamentoService] [           main] org.hibernate.type.BasicTypeRegistry     : Adding type registration java.time.Duration -> org.hibernate.type.BasicTypeReference@4a864d4d
2024-12-07T17:50:31.562-03:00 DEBUG 13138 --- [pagamentoService] [           main] org.hibernate.type.BasicTypeRegistry     : Adding type registration LocalDateTime -> org.hibernate.type.BasicTypeReference@7d3691e1
2024-12-07T17:50:31.562-03:00 DEBUG 13138 --- [pagamentoService] [           main] org.hibernate.type.BasicTypeRegistry     : Adding type registration java.time.LocalDateTime -> org.hibernate.type.BasicTypeReference@7d3691e1
2024-12-07T17:50:31.562-03:00 DEBUG 13138 --- [pagamentoService] [           main] org.hibernate.type.BasicTypeRegistry     : Adding type registration LocalDate -> org.hibernate.type.BasicTypeReference@46a123e4
2024-12-07T17:50:31.562-03:00 DEBUG 13138 --- [pagamentoService] [           main] org.hibernate.type.BasicTypeRegistry     : Adding type registration java.time.LocalDate -> org.hibernate.type.BasicTypeReference@46a123e4
2024-12-07T17:50:31.562-03:00 DEBUG 13138 --- [pagamentoService] [           main] org.hibernate.type.BasicTypeRegistry     : Adding type registration LocalTime -> org.hibernate.type.BasicTypeReference@44bc2449
2024-12-07T17:50:31.562-03:00 DEBUG 13138 --- [pagamentoService] [           main] org.hibernate.type.BasicTypeRegistry     : Adding type registration java.time.LocalTime -> org.hibernate.type.BasicTypeReference@44bc2449
2024-12-07T17:50:31.562-03:00 DEBUG 13138 --- [pagamentoService] [           main] org.hibernate.type.BasicTypeRegistry     : Adding type registration OffsetDateTime -> org.hibernate.type.BasicTypeReference@3c28e5b6
2024-12-07T17:50:31.562-03:00 DEBUG 13138 --- [pagamentoService] [           main] org.hibernate.type.BasicTypeRegistry     : Adding type registration java.time.OffsetDateTime -> org.hibernate.type.BasicTypeReference@3c28e5b6
2024-12-07T17:50:31.562-03:00 DEBUG 13138 --- [pagamentoService] [           main] org.hibernate.type.BasicTypeRegistry     : Adding type registration OffsetDateTimeWithTimezone -> org.hibernate.type.BasicTypeReference@7558c24b
2024-12-07T17:50:31.562-03:00 DEBUG 13138 --- [pagamentoService] [           main] org.hibernate.type.BasicTypeRegistry     : Adding type registration OffsetDateTimeWithoutTimezone -> org.hibernate.type.BasicTypeReference@3a296107
2024-12-07T17:50:31.562-03:00 DEBUG 13138 --- [pagamentoService] [           main] org.hibernate.type.BasicTypeRegistry     : Adding type registration OffsetTime -> org.hibernate.type.BasicTypeReference@1f129467
2024-12-07T17:50:31.562-03:00 DEBUG 13138 --- [pagamentoService] [           main] org.hibernate.type.BasicTypeRegistry     : Adding type registration java.time.OffsetTime -> org.hibernate.type.BasicTypeReference@1f129467
2024-12-07T17:50:31.562-03:00 DEBUG 13138 --- [pagamentoService] [           main] org.hibernate.type.BasicTypeRegistry     : Adding type registration OffsetTimeUtc -> org.hibernate.type.BasicTypeReference@646cd766
2024-12-07T17:50:31.562-03:00 DEBUG 13138 --- [pagamentoService] [           main] org.hibernate.type.BasicTypeRegistry     : Adding type registration OffsetTimeWithTimezone -> org.hibernate.type.BasicTypeReference@57151b3a
2024-12-07T17:50:31.563-03:00 DEBUG 13138 --- [pagamentoService] [           main] org.hibernate.type.BasicTypeRegistry     : Adding type registration OffsetTimeWithoutTimezone -> org.hibernate.type.BasicTypeReference@26457986
2024-12-07T17:50:31.563-03:00 DEBUG 13138 --- [pagamentoService] [           main] org.hibernate.type.BasicTypeRegistry     : Adding type registration ZonedDateTime -> org.hibernate.type.BasicTypeReference@2dff7085
2024-12-07T17:50:31.563-03:00 DEBUG 13138 --- [pagamentoService] [           main] org.hibernate.type.BasicTypeRegistry     : Adding type registration java.time.ZonedDateTime -> org.hibernate.type.BasicTypeReference@2dff7085
2024-12-07T17:50:31.563-03:00 DEBUG 13138 --- [pagamentoService] [           main] org.hibernate.type.BasicTypeRegistry     : Adding type registration ZonedDateTimeWithTimezone -> org.hibernate.type.BasicTypeReference@2faa55bb
2024-12-07T17:50:31.563-03:00 DEBUG 13138 --- [pagamentoService] [           main] org.hibernate.type.BasicTypeRegistry     : Adding type registration ZonedDateTimeWithoutTimezone -> org.hibernate.type.BasicTypeReference@501957bf
2024-12-07T17:50:31.563-03:00 DEBUG 13138 --- [pagamentoService] [           main] org.hibernate.type.BasicTypeRegistry     : Adding type registration date -> org.hibernate.type.BasicTypeReference@5d1d9d73
2024-12-07T17:50:31.563-03:00 DEBUG 13138 --- [pagamentoService] [           main] org.hibernate.type.BasicTypeRegistry     : Adding type registration java.sql.Date -> org.hibernate.type.BasicTypeReference@5d1d9d73
2024-12-07T17:50:31.563-03:00 DEBUG 13138 --- [pagamentoService] [           main] org.hibernate.type.BasicTypeRegistry     : Adding type registration time -> org.hibernate.type.BasicTypeReference@b30a50d
2024-12-07T17:50:31.563-03:00 DEBUG 13138 --- [pagamentoService] [           main] org.hibernate.type.BasicTypeRegistry     : Adding type registration java.sql.Time -> org.hibernate.type.BasicTypeReference@b30a50d
2024-12-07T17:50:31.563-03:00 DEBUG 13138 --- [pagamentoService] [           main] org.hibernate.type.BasicTypeRegistry     : Adding type registration timestamp -> org.hibernate.type.BasicTypeReference@764a3e5d
2024-12-07T17:50:31.563-03:00 DEBUG 13138 --- [pagamentoService] [           main] org.hibernate.type.BasicTypeRegistry     : Adding type registration java.sql.Timestamp -> org.hibernate.type.BasicTypeReference@764a3e5d
2024-12-07T17:50:31.563-03:00 DEBUG 13138 --- [pagamentoService] [           main] org.hibernate.type.BasicTypeRegistry     : Adding type registration java.util.Date -> org.hibernate.type.BasicTypeReference@764a3e5d
2024-12-07T17:50:31.563-03:00 DEBUG 13138 --- [pagamentoService] [           main] org.hibernate.type.BasicTypeRegistry     : Adding type registration calendar -> org.hibernate.type.BasicTypeReference@6c742b84
2024-12-07T17:50:31.563-03:00 DEBUG 13138 --- [pagamentoService] [           main] org.hibernate.type.BasicTypeRegistry     : Adding type registration java.util.Calendar -> org.hibernate.type.BasicTypeReference@6c742b84
2024-12-07T17:50:31.563-03:00 DEBUG 13138 --- [pagamentoService] [           main] org.hibernate.type.BasicTypeRegistry     : Adding type registration java.util.GregorianCalendar -> org.hibernate.type.BasicTypeReference@6c742b84
2024-12-07T17:50:31.563-03:00 DEBUG 13138 --- [pagamentoService] [           main] org.hibernate.type.BasicTypeRegistry     : Adding type registration calendar_date -> org.hibernate.type.BasicTypeReference@5db3d57c
2024-12-07T17:50:31.563-03:00 DEBUG 13138 --- [pagamentoService] [           main] org.hibernate.type.BasicTypeRegistry     : Adding type registration calendar_time -> org.hibernate.type.BasicTypeReference@53a50b0a
2024-12-07T17:50:31.564-03:00 DEBUG 13138 --- [pagamentoService] [           main] org.hibernate.type.BasicTypeRegistry     : Adding type registration instant -> org.hibernate.type.BasicTypeReference@74ba6ff5
2024-12-07T17:50:31.564-03:00 DEBUG 13138 --- [pagamentoService] [           main] org.hibernate.type.BasicTypeRegistry     : Adding type registration java.time.Instant -> org.hibernate.type.BasicTypeReference@74ba6ff5
2024-12-07T17:50:31.564-03:00 DEBUG 13138 --- [pagamentoService] [           main] org.hibernate.type.BasicTypeRegistry     : Adding type registration uuid -> org.hibernate.type.BasicTypeReference@395f52ed
2024-12-07T17:50:31.564-03:00 DEBUG 13138 --- [pagamentoService] [           main] org.hibernate.type.BasicTypeRegistry     : Adding type registration java.util.UUID -> org.hibernate.type.BasicTypeReference@395f52ed
2024-12-07T17:50:31.564-03:00 DEBUG 13138 --- [pagamentoService] [           main] org.hibernate.type.BasicTypeRegistry     : Adding type registration pg-uuid -> org.hibernate.type.BasicTypeReference@395f52ed
2024-12-07T17:50:31.564-03:00 DEBUG 13138 --- [pagamentoService] [           main] org.hibernate.type.BasicTypeRegistry     : Adding type registration uuid-binary -> org.hibernate.type.BasicTypeReference@7a84788f
2024-12-07T17:50:31.564-03:00 DEBUG 13138 --- [pagamentoService] [           main] org.hibernate.type.BasicTypeRegistry     : Adding type registration uuid-char -> org.hibernate.type.BasicTypeReference@102c18e
2024-12-07T17:50:31.564-03:00 DEBUG 13138 --- [pagamentoService] [           main] org.hibernate.type.BasicTypeRegistry     : Adding type registration class -> org.hibernate.type.BasicTypeReference@26e0d39c
2024-12-07T17:50:31.564-03:00 DEBUG 13138 --- [pagamentoService] [           main] org.hibernate.type.BasicTypeRegistry     : Adding type registration java.lang.Class -> org.hibernate.type.BasicTypeReference@26e0d39c
2024-12-07T17:50:31.564-03:00 DEBUG 13138 --- [pagamentoService] [           main] org.hibernate.type.BasicTypeRegistry     : Adding type registration currency -> org.hibernate.type.BasicTypeReference@65eb3597
2024-12-07T17:50:31.564-03:00 DEBUG 13138 --- [pagamentoService] [           main] org.hibernate.type.BasicTypeRegistry     : Adding type registration Currency -> org.hibernate.type.BasicTypeReference@65eb3597
2024-12-07T17:50:31.564-03:00 DEBUG 13138 --- [pagamentoService] [           main] org.hibernate.type.BasicTypeRegistry     : Adding type registration java.util.Currency -> org.hibernate.type.BasicTypeReference@65eb3597
2024-12-07T17:50:31.564-03:00 DEBUG 13138 --- [pagamentoService] [           main] org.hibernate.type.BasicTypeRegistry     : Adding type registration locale -> org.hibernate.type.BasicTypeReference@3c7279a5
2024-12-07T17:50:31.564-03:00 DEBUG 13138 --- [pagamentoService] [           main] org.hibernate.type.BasicTypeRegistry     : Adding type registration java.util.Locale -> org.hibernate.type.BasicTypeReference@3c7279a5
2024-12-07T17:50:31.564-03:00 DEBUG 13138 --- [pagamentoService] [           main] org.hibernate.type.BasicTypeRegistry     : Adding type registration serializable -> org.hibernate.type.BasicTypeReference@2bebd114
2024-12-07T17:50:31.564-03:00 DEBUG 13138 --- [pagamentoService] [           main] org.hibernate.type.BasicTypeRegistry     : Adding type registration java.io.Serializable -> org.hibernate.type.BasicTypeReference@2bebd114
2024-12-07T17:50:31.565-03:00 DEBUG 13138 --- [pagamentoService] [           main] org.hibernate.type.BasicTypeRegistry     : Adding type registration timezone -> org.hibernate.type.BasicTypeReference@b379bc6
2024-12-07T17:50:31.565-03:00 DEBUG 13138 --- [pagamentoService] [           main] org.hibernate.type.BasicTypeRegistry     : Adding type registration java.util.TimeZone -> org.hibernate.type.BasicTypeReference@b379bc6
2024-12-07T17:50:31.565-03:00 DEBUG 13138 --- [pagamentoService] [           main] org.hibernate.type.BasicTypeRegistry     : Adding type registration ZoneOffset -> org.hibernate.type.BasicTypeReference@374c40ba
2024-12-07T17:50:31.565-03:00 DEBUG 13138 --- [pagamentoService] [           main] org.hibernate.type.BasicTypeRegistry     : Adding type registration java.time.ZoneOffset -> org.hibernate.type.BasicTypeReference@374c40ba
2024-12-07T17:50:31.565-03:00 DEBUG 13138 --- [pagamentoService] [           main] org.hibernate.type.BasicTypeRegistry     : Adding type registration url -> org.hibernate.type.BasicTypeReference@18dcb8a7
2024-12-07T17:50:31.565-03:00 DEBUG 13138 --- [pagamentoService] [           main] org.hibernate.type.BasicTypeRegistry     : Adding type registration java.net.URL -> org.hibernate.type.BasicTypeReference@18dcb8a7
2024-12-07T17:50:31.565-03:00 DEBUG 13138 --- [pagamentoService] [           main] org.hibernate.type.BasicTypeRegistry     : Adding type registration vector -> org.hibernate.type.BasicTypeReference@6dcab9d9
2024-12-07T17:50:31.565-03:00 DEBUG 13138 --- [pagamentoService] [           main] org.hibernate.type.BasicTypeRegistry     : Adding type registration row_version -> org.hibernate.type.BasicTypeReference@5a14e60d
2024-12-07T17:50:31.567-03:00 DEBUG 13138 --- [pagamentoService] [           main] org.hibernate.type.BasicTypeRegistry     : Adding type registration object -> org.hibernate.type.JavaObjectType@582e9152
2024-12-07T17:50:31.567-03:00 DEBUG 13138 --- [pagamentoService] [           main] org.hibernate.type.BasicTypeRegistry     : Adding type registration java.lang.Object -> org.hibernate.type.JavaObjectType@582e9152
2024-12-07T17:50:31.568-03:00 DEBUG 13138 --- [pagamentoService] [           main] org.hibernate.type.BasicTypeRegistry     : Adding type registration null -> org.hibernate.type.NullType@4d518c66
2024-12-07T17:50:31.568-03:00 DEBUG 13138 --- [pagamentoService] [           main] org.hibernate.type.BasicTypeRegistry     : Adding type registration imm_date -> org.hibernate.type.BasicTypeReference@411fa0ce
2024-12-07T17:50:31.568-03:00 DEBUG 13138 --- [pagamentoService] [           main] org.hibernate.type.BasicTypeRegistry     : Adding type registration imm_time -> org.hibernate.type.BasicTypeReference@251d7fdd
2024-12-07T17:50:31.568-03:00 DEBUG 13138 --- [pagamentoService] [           main] org.hibernate.type.BasicTypeRegistry     : Adding type registration imm_timestamp -> org.hibernate.type.BasicTypeReference@78e68401
2024-12-07T17:50:31.568-03:00 DEBUG 13138 --- [pagamentoService] [           main] org.hibernate.type.BasicTypeRegistry     : Adding type registration imm_calendar -> org.hibernate.type.BasicTypeReference@391515c7
2024-12-07T17:50:31.568-03:00 DEBUG 13138 --- [pagamentoService] [           main] org.hibernate.type.BasicTypeRegistry     : Adding type registration imm_calendar_date -> org.hibernate.type.BasicTypeReference@5b0dbfb
2024-12-07T17:50:31.568-03:00 DEBUG 13138 --- [pagamentoService] [           main] org.hibernate.type.BasicTypeRegistry     : Adding type registration imm_calendar_time -> org.hibernate.type.BasicTypeReference@4b9dbf07
2024-12-07T17:50:31.569-03:00 DEBUG 13138 --- [pagamentoService] [           main] org.hibernate.type.BasicTypeRegistry     : Adding type registration imm_binary -> org.hibernate.type.BasicTypeReference@797fcf9
2024-12-07T17:50:31.569-03:00 DEBUG 13138 --- [pagamentoService] [           main] org.hibernate.type.BasicTypeRegistry     : Adding type registration imm_serializable -> org.hibernate.type.BasicTypeReference@16bd7ae1
2024-12-07T17:50:31.571-03:00 DEBUG 13138 --- [pagamentoService] [           main] o.h.boot.internal.BootstrapContextImpl   : Injecting JPA temp ClassLoader [org.springframework.instrument.classloading.SimpleThrowawayClassLoader@4c38cd16] into BootstrapContext; was [null]
2024-12-07T17:50:31.571-03:00 DEBUG 13138 --- [pagamentoService] [           main] o.h.boot.internal.ClassLoaderAccessImpl  : ClassLoaderAccessImpl#injectTempClassLoader(org.springframework.instrument.classloading.SimpleThrowawayClassLoader@4c38cd16) [was null]
2024-12-07T17:50:31.571-03:00 DEBUG 13138 --- [pagamentoService] [           main] o.h.boot.internal.BootstrapContextImpl   : Injecting ScanEnvironment [org.hibernate.jpa.boot.internal.StandardJpaScanEnvironmentImpl@3e856100] into BootstrapContext; was [null]
2024-12-07T17:50:31.571-03:00 DEBUG 13138 --- [pagamentoService] [           main] o.h.boot.internal.BootstrapContextImpl   : Injecting ScanOptions [org.hibernate.boot.archive.scan.internal.StandardScanOptions@6e9a0bea] into BootstrapContext; was [org.hibernate.boot.archive.scan.internal.StandardScanOptions@28fc1132]
2024-12-07T17:50:31.700-03:00  INFO 13138 --- [pagamentoService] [           main] o.s.o.j.p.SpringPersistenceUnitInfo      : No LoadTimeWeaver setup: ignoring JPA class transformer
2024-12-07T17:50:31.701-03:00 DEBUG 13138 --- [pagamentoService] [           main] o.h.boot.internal.BootstrapContextImpl   : Injecting JPA temp ClassLoader [null] into BootstrapContext; was [org.springframework.instrument.classloading.SimpleThrowawayClassLoader@4c38cd16]
2024-12-07T17:50:31.701-03:00 DEBUG 13138 --- [pagamentoService] [           main] o.h.boot.internal.ClassLoaderAccessImpl  : ClassLoaderAccessImpl#injectTempClassLoader(null) [was org.springframework.instrument.classloading.SimpleThrowawayClassLoader@4c38cd16]
2024-12-07T17:50:31.719-03:00  INFO 13138 --- [pagamentoService] [           main] com.zaxxer.hikari.HikariDataSource       : HikariPool-1 - Starting...
2024-12-07T17:50:31.940-03:00  INFO 13138 --- [pagamentoService] [           main] com.zaxxer.hikari.pool.HikariPool        : HikariPool-1 - Added connection oracle.jdbc.driver.T4CConnection@619c3546
2024-12-07T17:50:31.942-03:00  INFO 13138 --- [pagamentoService] [           main] com.zaxxer.hikari.HikariDataSource       : HikariPool-1 - Start completed.
2024-12-07T17:50:31.945-03:00 DEBUG 13138 --- [pagamentoService] [           main] o.h.e.j.e.i.JdbcEnvironmentInitiator     : Database ->
	   name : Oracle
	version : Oracle Database 21c Express Edition Release 21.0.0.0.0 - Production
Version 21.3.0.0.0
	  major : 21
	  minor : 3
2024-12-07T17:50:31.945-03:00 DEBUG 13138 --- [pagamentoService] [           main] o.h.e.j.e.i.JdbcEnvironmentInitiator     : Driver ->
	   name : Oracle JDBC driver
	version : 23.2.0.0.0
	  major : 23
	  minor : 2
2024-12-07T17:50:31.946-03:00 DEBUG 13138 --- [pagamentoService] [           main] o.h.e.j.e.i.JdbcEnvironmentInitiator     : JDBC version : 4.3
2024-12-07T17:50:32.045-03:00 DEBUG 13138 --- [pagamentoService] [           main] org.hibernate.orm.dialect                : HHH035001: Using dialect: org.hibernate.dialect.OracleDialect, version: 21.3
2024-12-07T17:50:32.112-03:00 DEBUG 13138 --- [pagamentoService] [           main] o.h.t.d.jdbc.spi.JdbcTypeRegistry        : addDescriptor(NCharTypeDescriptor) replaced previous registration(CharTypeDescriptor)
2024-12-07T17:50:32.112-03:00 DEBUG 13138 --- [pagamentoService] [           main] o.h.t.d.jdbc.spi.JdbcTypeRegistry        : addDescriptor(NVarcharTypeDescriptor) replaced previous registration(VarcharTypeDescriptor)
2024-12-07T17:50:32.113-03:00 DEBUG 13138 --- [pagamentoService] [           main] o.h.t.d.jdbc.spi.JdbcTypeRegistry        : addDescriptor(LongNVarcharTypeDescriptor) replaced previous registration(LongVarcharTypeDescriptor)
2024-12-07T17:50:32.114-03:00 DEBUG 13138 --- [pagamentoService] [           main] o.h.t.d.jdbc.spi.JdbcTypeRegistry        : addDescriptor(NClobTypeDescriptor(DEFAULT)) replaced previous registration(ClobTypeDescriptor(DEFAULT))
2024-12-07T17:50:32.114-03:00 DEBUG 13138 --- [pagamentoService] [           main] o.h.t.d.jdbc.spi.JdbcTypeRegistry        : addDescriptor(2005, ClobTypeDescriptor(STREAM_BINDING)) replaced previous registration(ClobTypeDescriptor(DEFAULT))
2024-12-07T17:50:32.115-03:00 DEBUG 13138 --- [pagamentoService] [           main] o.h.t.d.jdbc.spi.JdbcTypeRegistry        : addDescriptor(BooleanTypeDescriptor) replaced previous registration(BooleanTypeDescriptor)
2024-12-07T17:50:32.120-03:00 DEBUG 13138 --- [pagamentoService] [           main] org.hibernate.type.BasicTypeRegistry     : Adding type registration null -> org.hibernate.type.NullType@30133a11
2024-12-07T17:50:32.120-03:00 DEBUG 13138 --- [pagamentoService] [           main] org.hibernate.type.BasicTypeRegistry     : Type registration key [null] overrode previous entry : `org.hibernate.type.NullType@4d518c66`
2024-12-07T17:50:32.121-03:00 DEBUG 13138 --- [pagamentoService] [           main] org.hibernate.type.BasicTypeRegistry     : Adding type registration JAVA_OBJECT -> org.hibernate.type.JavaObjectType@54a6ef6
2024-12-07T17:50:32.121-03:00 DEBUG 13138 --- [pagamentoService] [           main] org.hibernate.type.BasicTypeRegistry     : Adding type registration java.lang.Object -> org.hibernate.type.JavaObjectType@54a6ef6
2024-12-07T17:50:32.121-03:00 DEBUG 13138 --- [pagamentoService] [           main] org.hibernate.type.BasicTypeRegistry     : Type registration key [java.lang.Object] overrode previous entry : `org.hibernate.type.JavaObjectType@582e9152`
2024-12-07T17:50:32.124-03:00 DEBUG 13138 --- [pagamentoService] [           main] org.hibernate.type.BasicTypeRegistry     : Adding type registration org.hibernate.type.DurationType -> basicType@1(java.time.Duration,3015)
2024-12-07T17:50:32.124-03:00 DEBUG 13138 --- [pagamentoService] [           main] org.hibernate.type.BasicTypeRegistry     : Adding type registration Duration -> basicType@1(java.time.Duration,3015)
2024-12-07T17:50:32.124-03:00 DEBUG 13138 --- [pagamentoService] [           main] org.hibernate.type.BasicTypeRegistry     : Adding type registration java.time.Duration -> basicType@1(java.time.Duration,3015)
2024-12-07T17:50:32.126-03:00 DEBUG 13138 --- [pagamentoService] [           main] o.h.type.spi.TypeConfiguration$Scope     : Scoping TypeConfiguration [org.hibernate.type.spi.TypeConfiguration@5a1c7619] to MetadataBuildingContext [org.hibernate.boot.internal.MetadataBuildingContextRootImpl@20a946d9]
2024-12-07T17:50:32.146-03:00 DEBUG 13138 --- [pagamentoService] [           main] o.h.boot.model.relational.Namespace      : Created database namespace [logicalName=Name{catalog=null, schema=null}, physicalName=Name{catalog=null, schema=null}]
2024-12-07T17:50:32.159-03:00 DEBUG 13138 --- [pagamentoService] [           main] o.h.boot.model.internal.EntityBinder     : Binding entity from annotated class: com.example.pagamentoService.entidade.Cliente
2024-12-07T17:50:32.162-03:00 DEBUG 13138 --- [pagamentoService] [           main] o.h.boot.model.internal.EntityBinder     : Import with entity name Cliente
2024-12-07T17:50:32.170-03:00 DEBUG 13138 --- [pagamentoService] [           main] o.h.boot.model.internal.EntityBinder     : Bind entity com.example.pagamentoService.entidade.Cliente on table clientes
2024-12-07T17:50:32.176-03:00 DEBUG 13138 --- [pagamentoService] [           main] o.h.boot.model.internal.AnnotatedColumn  : Binding column: AnnotatedDiscriminatorColumn(column='DTYPE')
2024-12-07T17:50:32.184-03:00 DEBUG 13138 --- [pagamentoService] [           main] o.h.boot.model.internal.AnnotatedColumn  : Binding column: AnnotatedColumn(column='NUM_SEQ_CLIENTE')
2024-12-07T17:50:32.184-03:00 DEBUG 13138 --- [pagamentoService] [           main] o.h.boot.internal.ClassLoaderAccessImpl  : Not known whether passed class name [com.example.pagamentoService.entidade.Cliente] is safe
2024-12-07T17:50:32.184-03:00 DEBUG 13138 --- [pagamentoService] [           main] o.h.boot.internal.ClassLoaderAccessImpl  : No temp ClassLoader provided; using live ClassLoader for loading potentially unsafe class : com.example.pagamentoService.entidade.Cliente
2024-12-07T17:50:32.192-03:00 DEBUG 13138 --- [pagamentoService] [           main] o.h.boot.model.internal.PropertyBinder   : MetadataSourceProcessor property id with lazy=false
2024-12-07T17:50:32.194-03:00 DEBUG 13138 --- [pagamentoService] [           main] o.h.b.m.internal.AbstractPropertyHolder  : Attempting to locate auto-apply AttributeConverter for property [com.example.pagamentoService.entidade.Cliente:id]
2024-12-07T17:50:32.196-03:00 DEBUG 13138 --- [pagamentoService] [           main] o.h.b.model.internal.BasicValueBinder    : building BasicValue for id
2024-12-07T17:50:32.198-03:00 DEBUG 13138 --- [pagamentoService] [           main] org.hibernate.mapping.BasicValue         : Skipping column re-registration: clientes.num_seq_cliente
2024-12-07T17:50:32.199-03:00 DEBUG 13138 --- [pagamentoService] [           main] o.h.boot.model.internal.PropertyBinder   : Building property id
2024-12-07T17:50:32.202-03:00 DEBUG 13138 --- [pagamentoService] [           main] o.h.boot.model.internal.BinderHelper     : #makeIdGenerator(BasicValue([Column(num_seq_cliente)]), id, identity, , ...)
2024-12-07T17:50:32.203-03:00 DEBUG 13138 --- [pagamentoService] [           main] o.h.boot.model.internal.AnnotatedColumn  : Binding column: AnnotatedColumn(column='CPF')
2024-12-07T17:50:32.203-03:00 DEBUG 13138 --- [pagamentoService] [           main] o.h.boot.model.internal.PropertyBinder   : MetadataSourceProcessor property cpf with lazy=false
2024-12-07T17:50:32.203-03:00 DEBUG 13138 --- [pagamentoService] [           main] o.h.b.m.internal.AbstractPropertyHolder  : Attempting to locate auto-apply AttributeConverter for property [com.example.pagamentoService.entidade.Cliente:cpf]
2024-12-07T17:50:32.203-03:00 DEBUG 13138 --- [pagamentoService] [           main] o.h.b.model.internal.BasicValueBinder    : building BasicValue for cpf
2024-12-07T17:50:32.203-03:00 DEBUG 13138 --- [pagamentoService] [           main] org.hibernate.mapping.BasicValue         : Skipping column re-registration: clientes.cpf
2024-12-07T17:50:32.203-03:00 DEBUG 13138 --- [pagamentoService] [           main] o.h.boot.model.internal.PropertyBinder   : Building property cpf
2024-12-07T17:50:32.203-03:00 DEBUG 13138 --- [pagamentoService] [           main] o.h.boot.model.internal.AnnotatedColumn  : Binding column: AnnotatedColumn(column='NOME')
2024-12-07T17:50:32.204-03:00 DEBUG 13138 --- [pagamentoService] [           main] o.h.boot.model.internal.PropertyBinder   : MetadataSourceProcessor property nome with lazy=false
2024-12-07T17:50:32.204-03:00 DEBUG 13138 --- [pagamentoService] [           main] o.h.b.m.internal.AbstractPropertyHolder  : Attempting to locate auto-apply AttributeConverter for property [com.example.pagamentoService.entidade.Cliente:nome]
2024-12-07T17:50:32.204-03:00 DEBUG 13138 --- [pagamentoService] [           main] o.h.b.model.internal.BasicValueBinder    : building BasicValue for nome
2024-12-07T17:50:32.204-03:00 DEBUG 13138 --- [pagamentoService] [           main] org.hibernate.mapping.BasicValue         : Skipping column re-registration: clientes.nome
2024-12-07T17:50:32.204-03:00 DEBUG 13138 --- [pagamentoService] [           main] o.h.boot.model.internal.PropertyBinder   : Building property nome
2024-12-07T17:50:32.205-03:00 DEBUG 13138 --- [pagamentoService] [           main] o.h.b.r.c.i.ClassLoaderServiceImpl       : HHH000194: Package not found or no package-info.java: com.example.pagamentoService.entidade
2024-12-07T17:50:32.208-03:00 DEBUG 13138 --- [pagamentoService] [           main] o.h.b.model.internal.BasicValueBinder    : Starting `BasicValueBinder#fillSimpleValue` for id
2024-12-07T17:50:32.209-03:00 DEBUG 13138 --- [pagamentoService] [           main] o.h.b.model.internal.BasicValueBinder    : Starting `BasicValueBinder#fillSimpleValue` for cpf
2024-12-07T17:50:32.209-03:00 DEBUG 13138 --- [pagamentoService] [           main] o.h.b.model.internal.BasicValueBinder    : Starting `BasicValueBinder#fillSimpleValue` for nome
2024-12-07T17:50:32.211-03:00 DEBUG 13138 --- [pagamentoService] [           main] org.hibernate.mapping.PrimaryKey         : Forcing column [num_seq_cliente] to be non-null as it is part of the primary key for table [clientes]
2024-12-07T17:50:32.244-03:00 DEBUG 13138 --- [pagamentoService] [           main] o.hibernate.internal.SessionFactoryImpl  : Building session factory
2024-12-07T17:50:32.264-03:00 DEBUG 13138 --- [pagamentoService] [           main] .h.s.i.SessionFactoryServiceRegistryImpl : EventListenerRegistry access via ServiceRegistry is deprecated.  Use `sessionFactory.getEventEngine().getListenerRegistry()` instead
2024-12-07T17:50:32.265-03:00 DEBUG 13138 --- [pagamentoService] [           main] o.hibernate.internal.SessionFactoryImpl  : Instantiating SessionFactory with settings: {java.specification.version=17, hibernate.resource.beans.container=org.springframework.orm.hibernate5.SpringBeanContainer@30a791a6, hibernate.connection.handling_mode=DELAYED_ACQUISITION_AND_HOLD, sun.jnu.encoding=UTF-8, hibernate.implicit_naming_strategy=org.springframework.boot.orm.jpa.hibernate.SpringImplicitNamingStrategy, java.class.path=/home/lzndev/Documents/workspace/code/git/pagamento-service/target/test-classes:/home/lzndev/Documents/workspace/code/git/pagamento-service/target/classes:/home/lzndev/.m2/repository/io/github/cdimascio/dotenv-java/2.2.0/dotenv-java-2.2.0.jar:/home/lzndev/.m2/repository/org/springframework/boot/spring-boot-starter-web/3.3.5/spring-boot-starter-web-3.3.5.jar:/home/lzndev/.m2/repository/org/springframework/boot/spring-boot-starter/3.3.5/spring-boot-starter-3.3.5.jar:/home/lzndev/.m2/repository/org/springframework/boot/spring-boot/3.3.5/spring-boot-3.3.5.jar:/home/lzndev/.m2/repository/org/springframework/boot/spring-boot-autoconfigure/3.3.5/spring-boot-autoconfigure-3.3.5.jar:/home/lzndev/.m2/repository/org/springframework/boot/spring-boot-starter-logging/3.3.5/spring-boot-starter-logging-3.3.5.jar:/home/lzndev/.m2/repository/ch/qos/logback/logback-classic/1.5.11/logback-classic-1.5.11.jar:/home/lzndev/.m2/repository/ch/qos/logback/logback-core/1.5.11/logback-core-1.5.11.jar:/home/lzndev/.m2/repository/org/apache/logging/log4j/log4j-to-slf4j/2.23.1/log4j-to-slf4j-2.23.1.jar:/home/lzndev/.m2/repository/org/apache/logging/log4j/log4j-api/2.23.1/log4j-api-2.23.1.jar:/home/lzndev/.m2/repository/org/slf4j/jul-to-slf4j/2.0.16/jul-to-slf4j-2.0.16.jar:/home/lzndev/.m2/repository/jakarta/annotation/jakarta.annotation-api/2.1.1/jakarta.annotation-api-2.1.1.jar:/home/lzndev/.m2/repository/org/yaml/snakeyaml/2.2/snakeyaml-2.2.jar:/home/lzndev/.m2/repository/org/springframework/boot/spring-boot-starter-json/3.3.5/spring-boot-starter-json-3.3.5.jar:/home/lzndev/.m2/repository/com/fasterxml/jackson/datatype/jackson-datatype-jdk8/2.17.2/jackson-datatype-jdk8-2.17.2.jar:/home/lzndev/.m2/repository/com/fasterxml/jackson/datatype/jackson-datatype-jsr310/2.17.2/jackson-datatype-jsr310-2.17.2.jar:/home/lzndev/.m2/repository/com/fasterxml/jackson/module/jackson-module-parameter-names/2.17.2/jackson-module-parameter-names-2.17.2.jar:/home/lzndev/.m2/repository/org/springframework/boot/spring-boot-starter-tomcat/3.3.5/spring-boot-starter-tomcat-3.3.5.jar:/home/lzndev/.m2/repository/org/apache/tomcat/embed/tomcat-embed-core/10.1.31/tomcat-embed-core-10.1.31.jar:/home/lzndev/.m2/repository/org/apache/tomcat/embed/tomcat-embed-el/10.1.31/tomcat-embed-el-10.1.31.jar:/home/lzndev/.m2/repository/org/apache/tomcat/embed/tomcat-embed-websocket/10.1.31/tomcat-embed-websocket-10.1.31.jar:/home/lzndev/.m2/repository/org/springframework/spring-web/6.1.14/spring-web-6.1.14.jar:/home/lzndev/.m2/repository/org/springframework/spring-beans/6.1.14/spring-beans-6.1.14.jar:/home/lzndev/.m2/repository/io/micrometer/micrometer-observation/1.13.6/micrometer-observation-1.13.6.jar:/home/lzndev/.m2/repository/io/micrometer/micrometer-commons/1.13.6/micrometer-commons-1.13.6.jar:/home/lzndev/.m2/repository/org/springframework/spring-webmvc/6.1.14/spring-webmvc-6.1.14.jar:/home/lzndev/.m2/repository/org/springframework/spring-context/6.1.14/spring-context-6.1.14.jar:/home/lzndev/.m2/repository/org/springframework/spring-expression/6.1.14/spring-expression-6.1.14.jar:/home/lzndev/.m2/repository/com/oracle/database/jdbc/ojdbc11/23.2.0.0/ojdbc11-23.2.0.0.jar:/home/lzndev/.m2/repository/org/springframework/boot/spring-boot-starter-data-jpa/3.3.5/spring-boot-starter-data-jpa-3.3.5.jar:/home/lzndev/.m2/repository/org/springframework/boot/spring-boot-starter-aop/3.3.5/spring-boot-starter-aop-3.3.5.jar:/home/lzndev/.m2/repository/org/aspectj/aspectjweaver/1.9.22.1/aspectjweaver-1.9.22.1.jar:/home/lzndev/.m2/repository/org/springframework/boot/spring-boot-starter-jdbc/3.3.5/spring-boot-starter-jdbc-3.3.5.jar:/home/lzndev/.m2/repository/com/zaxxer/HikariCP/5.1.0/HikariCP-5.1.0.jar:/home/lzndev/.m2/repository/org/springframework/spring-jdbc/6.1.14/spring-jdbc-6.1.14.jar:/home/lzndev/.m2/repository/org/hibernate/orm/hibernate-core/6.5.3.Final/hibernate-core-6.5.3.Final.jar:/home/lzndev/.m2/repository/jakarta/persistence/jakarta.persistence-api/3.1.0/jakarta.persistence-api-3.1.0.jar:/home/lzndev/.m2/repository/jakarta/transaction/jakarta.transaction-api/2.0.1/jakarta.transaction-api-2.0.1.jar:/home/lzndev/.m2/repository/org/jboss/logging/jboss-logging/3.5.3.Final/jboss-logging-3.5.3.Final.jar:/home/lzndev/.m2/repository/org/hibernate/common/hibernate-commons-annotations/6.0.6.Final/hibernate-commons-annotations-6.0.6.Final.jar:/home/lzndev/.m2/repository/io/smallrye/jandex/3.1.2/jandex-3.1.2.jar:/home/lzndev/.m2/repository/com/fasterxml/classmate/1.7.0/classmate-1.7.0.jar:/home/lzndev/.m2/repository/net/bytebuddy/byte-buddy/1.14.19/byte-buddy-1.14.19.jar:/home/lzndev/.m2/repository/org/glassfish/jaxb/jaxb-runtime/4.0.5/jaxb-runtime-4.0.5.jar:/home/lzndev/.m2/repository/org/glassfish/jaxb/jaxb-core/4.0.5/jaxb-core-4.0.5.jar:/home/lzndev/.m2/repository/org/eclipse/angus/angus-activation/2.0.2/angus-activation-2.0.2.jar:/home/lzndev/.m2/repository/org/glassfish/jaxb/txw2/4.0.5/txw2-4.0.5.jar:/home/lzndev/.m2/repository/com/sun/istack/istack-commons-runtime/4.1.2/istack-commons-runtime-4.1.2.jar:/home/lzndev/.m2/repository/jakarta/inject/jakarta.inject-api/2.0.1/jakarta.inject-api-2.0.1.jar:/home/lzndev/.m2/repository/org/antlr/antlr4-runtime/4.13.0/antlr4-runtime-4.13.0.jar:/home/lzndev/.m2/repository/org/springframework/data/spring-data-jpa/3.3.5/spring-data-jpa-3.3.5.jar:/home/lzndev/.m2/repository/org/springframework/data/spring-data-commons/3.3.5/spring-data-commons-3.3.5.jar:/home/lzndev/.m2/repository/org/springframework/spring-orm/6.1.14/spring-orm-6.1.14.jar:/home/lzndev/.m2/repository/org/springframework/spring-tx/6.1.14/spring-tx-6.1.14.jar:/home/lzndev/.m2/repository/org/slf4j/slf4j-api/2.0.16/slf4j-api-2.0.16.jar:/home/lzndev/.m2/repository/org/springframework/spring-aspects/6.1.14/spring-aspects-6.1.14.jar:/home/lzndev/.m2/repository/org/springframework/boot/spring-boot-starter-test/3.3.5/spring-boot-starter-test-3.3.5.jar:/home/lzndev/.m2/repository/org/springframework/boot/spring-boot-test/3.3.5/spring-boot-test-3.3.5.jar:/home/lzndev/.m2/repository/org/springframework/boot/spring-boot-test-autoconfigure/3.3.5/spring-boot-test-autoconfigure-3.3.5.jar:/home/lzndev/.m2/repository/com/jayway/jsonpath/json-path/2.9.0/json-path-2.9.0.jar:/home/lzndev/.m2/repository/jakarta/xml/bind/jakarta.xml.bind-api/4.0.2/jakarta.xml.bind-api-4.0.2.jar:/home/lzndev/.m2/repository/jakarta/activation/jakarta.activation-api/2.1.3/jakarta.activation-api-2.1.3.jar:/home/lzndev/.m2/repository/net/minidev/json-smart/2.5.1/json-smart-2.5.1.jar:/home/lzndev/.m2/repository/net/minidev/accessors-smart/2.5.1/accessors-smart-2.5.1.jar:/home/lzndev/.m2/repository/org/ow2/asm/asm/9.6/asm-9.6.jar:/home/lzndev/.m2/repository/org/assertj/assertj-core/3.25.3/assertj-core-3.25.3.jar:/home/lzndev/.m2/repository/org/awaitility/awaitility/4.2.2/awaitility-4.2.2.jar:/home/lzndev/.m2/repository/org/hamcrest/hamcrest/2.2/hamcrest-2.2.jar:/home/lzndev/.m2/repository/org/junit/jupiter/junit-jupiter/5.10.5/junit-jupiter-5.10.5.jar:/home/lzndev/.m2/repository/org/junit/jupiter/junit-jupiter-params/5.10.5/junit-jupiter-params-5.10.5.jar:/home/lzndev/.m2/repository/org/mockito/mockito-core/5.11.0/mockito-core-5.11.0.jar:/home/lzndev/.m2/repository/net/bytebuddy/byte-buddy-agent/1.14.19/byte-buddy-agent-1.14.19.jar:/home/lzndev/.m2/repository/org/objenesis/objenesis/3.3/objenesis-3.3.jar:/home/lzndev/.m2/repository/org/mockito/mockito-junit-jupiter/5.11.0/mockito-junit-jupiter-5.11.0.jar:/home/lzndev/.m2/repository/org/skyscreamer/jsonassert/1.5.3/jsonassert-1.5.3.jar:/home/lzndev/.m2/repository/com/vaadin/external/google/android-json/0.0.20131108.vaadin1/android-json-0.0.20131108.vaadin1.jar:/home/lzndev/.m2/repository/org/springframework/spring-core/6.1.14/spring-core-6.1.14.jar:/home/lzndev/.m2/repository/org/springframework/spring-jcl/6.1.14/spring-jcl-6.1.14.jar:/home/lzndev/.m2/repository/org/springframework/spring-test/6.1.14/spring-test-6.1.14.jar:/home/lzndev/.m2/repository/org/xmlunit/xmlunit-core/2.9.1/xmlunit-core-2.9.1.jar:/home/lzndev/.m2/repository/io/jsonwebtoken/jjwt/0.9.1/jjwt-0.9.1.jar:/home/lzndev/.m2/repository/com/fasterxml/jackson/core/jackson-databind/2.17.2/jackson-databind-2.17.2.jar:/home/lzndev/.m2/repository/com/fasterxml/jackson/core/jackson-annotations/2.17.2/jackson-annotations-2.17.2.jar:/home/lzndev/.m2/repository/com/fasterxml/jackson/core/jackson-core/2.17.2/jackson-core-2.17.2.jar:/home/lzndev/.m2/repository/org/springframework/boot/spring-boot-starter-security/3.3.5/spring-boot-starter-security-3.3.5.jar:/home/lzndev/.m2/repository/org/springframework/spring-aop/6.1.14/spring-aop-6.1.14.jar:/home/lzndev/.m2/repository/org/springframework/security/spring-security-config/6.3.4/spring-security-config-6.3.4.jar:/home/lzndev/.m2/repository/org/springframework/security/spring-security-web/6.3.4/spring-security-web-6.3.4.jar:/home/lzndev/.m2/repository/org/springframework/security/spring-security-test/6.3.4/spring-security-test-6.3.4.jar:/home/lzndev/.m2/repository/org/springframework/security/spring-security-core/6.3.4/spring-security-core-6.3.4.jar:/home/lzndev/.m2/repository/org/springframework/security/spring-security-crypto/6.3.4/spring-security-crypto-6.3.4.jar:/home/lzndev/.m2/repository/org/junit/jupiter/junit-jupiter-engine/5.9.3/junit-jupiter-engine-5.9.3.jar:/home/lzndev/.m2/repository/org/junit/platform/junit-platform-engine/1.10.5/junit-platform-engine-1.10.5.jar:/home/lzndev/.m2/repository/org/opentest4j/opentest4j/1.3.0/opentest4j-1.3.0.jar:/home/lzndev/.m2/repository/org/junit/platform/junit-platform-commons/1.10.5/junit-platform-commons-1.10.5.jar:/home/lzndev/.m2/repository/org/junit/jupiter/junit-jupiter-api/5.10.5/junit-jupiter-api-5.10.5.jar:/home/lzndev/.m2/repository/org/apiguardian/apiguardian-api/1.1.2/apiguardian-api-1.1.2.jar:, java.vm.vendor=Oracle Corporation, sun.arch.data.model=64, java.vendor.url=https://java.oracle.com/, user.timezone=America/Sao_Paulo, jakarta.persistence.sharedCache.mode=UNSPECIFIED, org.jboss.logging.provider=slf4j, java.vm.specification.version=17, os.name=Linux, jakarta.persistence.nonJtaDataSource=HikariDataSource (HikariPool-1), sun.java.launcher=SUN_STANDARD, user.country=US, sun.boot.library.path=/usr/lib/jvm/jdk-17-oracle-x64/lib, sun.java.command=/home/lzndev/Documents/workspace/code/git/pagamento-service/target/surefire/surefirebooter-20241207175029936_3.jar /home/lzndev/Documents/workspace/code/git/pagamento-service/target/surefire 2024-12-07T17-50-29_876-jvmRun1 surefire-20241207175029936_1tmp surefire_0-20241207175029936_2tmp, javax.persistence.nonJtaDataSource=HikariDataSource (HikariPool-1), hibernate.transaction.jta.platform=org.hibernate.engine.transaction.jta.platform.internal.NoJtaPlatform@719bb60d, jdk.debug=release, surefire.test.class.path=/home/lzndev/Documents/workspace/code/git/pagamento-service/target/test-classes:/home/lzndev/Documents/workspace/code/git/pagamento-service/target/classes:/home/lzndev/.m2/repository/io/github/cdimascio/dotenv-java/2.2.0/dotenv-java-2.2.0.jar:/home/lzndev/.m2/repository/org/springframework/boot/spring-boot-starter-web/3.3.5/spring-boot-starter-web-3.3.5.jar:/home/lzndev/.m2/repository/org/springframework/boot/spring-boot-starter/3.3.5/spring-boot-starter-3.3.5.jar:/home/lzndev/.m2/repository/org/springframework/boot/spring-boot/3.3.5/spring-boot-3.3.5.jar:/home/lzndev/.m2/repository/org/springframework/boot/spring-boot-autoconfigure/3.3.5/spring-boot-autoconfigure-3.3.5.jar:/home/lzndev/.m2/repository/org/springframework/boot/spring-boot-starter-logging/3.3.5/spring-boot-starter-logging-3.3.5.jar:/home/lzndev/.m2/repository/ch/qos/logback/logback-classic/1.5.11/logback-classic-1.5.11.jar:/home/lzndev/.m2/repository/ch/qos/logback/logback-core/1.5.11/logback-core-1.5.11.jar:/home/lzndev/.m2/repository/org/apache/logging/log4j/log4j-to-slf4j/2.23.1/log4j-to-slf4j-2.23.1.jar:/home/lzndev/.m2/repository/org/apache/logging/log4j/log4j-api/2.23.1/log4j-api-2.23.1.jar:/home/lzndev/.m2/repository/org/slf4j/jul-to-slf4j/2.0.16/jul-to-slf4j-2.0.16.jar:/home/lzndev/.m2/repository/jakarta/annotation/jakarta.annotation-api/2.1.1/jakarta.annotation-api-2.1.1.jar:/home/lzndev/.m2/repository/org/yaml/snakeyaml/2.2/snakeyaml-2.2.jar:/home/lzndev/.m2/repository/org/springframework/boot/spring-boot-starter-json/3.3.5/spring-boot-starter-json-3.3.5.jar:/home/lzndev/.m2/repository/com/fasterxml/jackson/datatype/jackson-datatype-jdk8/2.17.2/jackson-datatype-jdk8-2.17.2.jar:/home/lzndev/.m2/repository/com/fasterxml/jackson/datatype/jackson-datatype-jsr310/2.17.2/jackson-datatype-jsr310-2.17.2.jar:/home/lzndev/.m2/repository/com/fasterxml/jackson/module/jackson-module-parameter-names/2.17.2/jackson-module-parameter-names-2.17.2.jar:/home/lzndev/.m2/repository/org/springframework/boot/spring-boot-starter-tomcat/3.3.5/spring-boot-starter-tomcat-3.3.5.jar:/home/lzndev/.m2/repository/org/apache/tomcat/embed/tomcat-embed-core/10.1.31/tomcat-embed-core-10.1.31.jar:/home/lzndev/.m2/repository/org/apache/tomcat/embed/tomcat-embed-el/10.1.31/tomcat-embed-el-10.1.31.jar:/home/lzndev/.m2/repository/org/apache/tomcat/embed/tomcat-embed-websocket/10.1.31/tomcat-embed-websocket-10.1.31.jar:/home/lzndev/.m2/repository/org/springframework/spring-web/6.1.14/spring-web-6.1.14.jar:/home/lzndev/.m2/repository/org/springframework/spring-beans/6.1.14/spring-beans-6.1.14.jar:/home/lzndev/.m2/repository/io/micrometer/micrometer-observation/1.13.6/micrometer-observation-1.13.6.jar:/home/lzndev/.m2/repository/io/micrometer/micrometer-commons/1.13.6/micrometer-commons-1.13.6.jar:/home/lzndev/.m2/repository/org/springframework/spring-webmvc/6.1.14/spring-webmvc-6.1.14.jar:/home/lzndev/.m2/repository/org/springframework/spring-context/6.1.14/spring-context-6.1.14.jar:/home/lzndev/.m2/repository/org/springframework/spring-expression/6.1.14/spring-expression-6.1.14.jar:/home/lzndev/.m2/repository/com/oracle/database/jdbc/ojdbc11/23.2.0.0/ojdbc11-23.2.0.0.jar:/home/lzndev/.m2/repository/org/springframework/boot/spring-boot-starter-data-jpa/3.3.5/spring-boot-starter-data-jpa-3.3.5.jar:/home/lzndev/.m2/repository/org/springframework/boot/spring-boot-starter-aop/3.3.5/spring-boot-starter-aop-3.3.5.jar:/home/lzndev/.m2/repository/org/aspectj/aspectjweaver/1.9.22.1/aspectjweaver-1.9.22.1.jar:/home/lzndev/.m2/repository/org/springframework/boot/spring-boot-starter-jdbc/3.3.5/spring-boot-starter-jdbc-3.3.5.jar:/home/lzndev/.m2/repository/com/zaxxer/HikariCP/5.1.0/HikariCP-5.1.0.jar:/home/lzndev/.m2/repository/org/springframework/spring-jdbc/6.1.14/spring-jdbc-6.1.14.jar:/home/lzndev/.m2/repository/org/hibernate/orm/hibernate-core/6.5.3.Final/hibernate-core-6.5.3.Final.jar:/home/lzndev/.m2/repository/jakarta/persistence/jakarta.persistence-api/3.1.0/jakarta.persistence-api-3.1.0.jar:/home/lzndev/.m2/repository/jakarta/transaction/jakarta.transaction-api/2.0.1/jakarta.transaction-api-2.0.1.jar:/home/lzndev/.m2/repository/org/jboss/logging/jboss-logging/3.5.3.Final/jboss-logging-3.5.3.Final.jar:/home/lzndev/.m2/repository/org/hibernate/common/hibernate-commons-annotations/6.0.6.Final/hibernate-commons-annotations-6.0.6.Final.jar:/home/lzndev/.m2/repository/io/smallrye/jandex/3.1.2/jandex-3.1.2.jar:/home/lzndev/.m2/repository/com/fasterxml/classmate/1.7.0/classmate-1.7.0.jar:/home/lzndev/.m2/repository/net/bytebuddy/byte-buddy/1.14.19/byte-buddy-1.14.19.jar:/home/lzndev/.m2/repository/org/glassfish/jaxb/jaxb-runtime/4.0.5/jaxb-runtime-4.0.5.jar:/home/lzndev/.m2/repository/org/glassfish/jaxb/jaxb-core/4.0.5/jaxb-core-4.0.5.jar:/home/lzndev/.m2/repository/org/eclipse/angus/angus-activation/2.0.2/angus-activation-2.0.2.jar:/home/lzndev/.m2/repository/org/glassfish/jaxb/txw2/4.0.5/txw2-4.0.5.jar:/home/lzndev/.m2/repository/com/sun/istack/istack-commons-runtime/4.1.2/istack-commons-runtime-4.1.2.jar:/home/lzndev/.m2/repository/jakarta/inject/jakarta.inject-api/2.0.1/jakarta.inject-api-2.0.1.jar:/home/lzndev/.m2/repository/org/antlr/antlr4-runtime/4.13.0/antlr4-runtime-4.13.0.jar:/home/lzndev/.m2/repository/org/springframework/data/spring-data-jpa/3.3.5/spring-data-jpa-3.3.5.jar:/home/lzndev/.m2/repository/org/springframework/data/spring-data-commons/3.3.5/spring-data-commons-3.3.5.jar:/home/lzndev/.m2/repository/org/springframework/spring-orm/6.1.14/spring-orm-6.1.14.jar:/home/lzndev/.m2/repository/org/springframework/spring-tx/6.1.14/spring-tx-6.1.14.jar:/home/lzndev/.m2/repository/org/slf4j/slf4j-api/2.0.16/slf4j-api-2.0.16.jar:/home/lzndev/.m2/repository/org/springframework/spring-aspects/6.1.14/spring-aspects-6.1.14.jar:/home/lzndev/.m2/repository/org/springframework/boot/spring-boot-starter-test/3.3.5/spring-boot-starter-test-3.3.5.jar:/home/lzndev/.m2/repository/org/springframework/boot/spring-boot-test/3.3.5/spring-boot-test-3.3.5.jar:/home/lzndev/.m2/repository/org/springframework/boot/spring-boot-test-autoconfigure/3.3.5/spring-boot-test-autoconfigure-3.3.5.jar:/home/lzndev/.m2/repository/com/jayway/jsonpath/json-path/2.9.0/json-path-2.9.0.jar:/home/lzndev/.m2/repository/jakarta/xml/bind/jakarta.xml.bind-api/4.0.2/jakarta.xml.bind-api-4.0.2.jar:/home/lzndev/.m2/repository/jakarta/activation/jakarta.activation-api/2.1.3/jakarta.activation-api-2.1.3.jar:/home/lzndev/.m2/repository/net/minidev/json-smart/2.5.1/json-smart-2.5.1.jar:/home/lzndev/.m2/repository/net/minidev/accessors-smart/2.5.1/accessors-smart-2.5.1.jar:/home/lzndev/.m2/repository/org/ow2/asm/asm/9.6/asm-9.6.jar:/home/lzndev/.m2/repository/org/assertj/assertj-core/3.25.3/assertj-core-3.25.3.jar:/home/lzndev/.m2/repository/org/awaitility/awaitility/4.2.2/awaitility-4.2.2.jar:/home/lzndev/.m2/repository/org/hamcrest/hamcrest/2.2/hamcrest-2.2.jar:/home/lzndev/.m2/repository/org/junit/jupiter/junit-jupiter/5.10.5/junit-jupiter-5.10.5.jar:/home/lzndev/.m2/repository/org/junit/jupiter/junit-jupiter-params/5.10.5/junit-jupiter-params-5.10.5.jar:/home/lzndev/.m2/repository/org/mockito/mockito-core/5.11.0/mockito-core-5.11.0.jar:/home/lzndev/.m2/repository/net/bytebuddy/byte-buddy-agent/1.14.19/byte-buddy-agent-1.14.19.jar:/home/lzndev/.m2/repository/org/objenesis/objenesis/3.3/objenesis-3.3.jar:/home/lzndev/.m2/repository/org/mockito/mockito-junit-jupiter/5.11.0/mockito-junit-jupiter-5.11.0.jar:/home/lzndev/.m2/repository/org/skyscreamer/jsonassert/1.5.3/jsonassert-1.5.3.jar:/home/lzndev/.m2/repository/com/vaadin/external/google/android-json/0.0.20131108.vaadin1/android-json-0.0.20131108.vaadin1.jar:/home/lzndev/.m2/repository/org/springframework/spring-core/6.1.14/spring-core-6.1.14.jar:/home/lzndev/.m2/repository/org/springframework/spring-jcl/6.1.14/spring-jcl-6.1.14.jar:/home/lzndev/.m2/repository/org/springframework/spring-test/6.1.14/spring-test-6.1.14.jar:/home/lzndev/.m2/repository/org/xmlunit/xmlunit-core/2.9.1/xmlunit-core-2.9.1.jar:/home/lzndev/.m2/repository/io/jsonwebtoken/jjwt/0.9.1/jjwt-0.9.1.jar:/home/lzndev/.m2/repository/com/fasterxml/jackson/core/jackson-databind/2.17.2/jackson-databind-2.17.2.jar:/home/lzndev/.m2/repository/com/fasterxml/jackson/core/jackson-annotations/2.17.2/jackson-annotations-2.17.2.jar:/home/lzndev/.m2/repository/com/fasterxml/jackson/core/jackson-core/2.17.2/jackson-core-2.17.2.jar:/home/lzndev/.m2/repository/org/springframework/boot/spring-boot-starter-security/3.3.5/spring-boot-starter-security-3.3.5.jar:/home/lzndev/.m2/repository/org/springframework/spring-aop/6.1.14/spring-aop-6.1.14.jar:/home/lzndev/.m2/repository/org/springframework/security/spring-security-config/6.3.4/spring-security-config-6.3.4.jar:/home/lzndev/.m2/repository/org/springframework/security/spring-security-web/6.3.4/spring-security-web-6.3.4.jar:/home/lzndev/.m2/repository/org/springframework/security/spring-security-test/6.3.4/spring-security-test-6.3.4.jar:/home/lzndev/.m2/repository/org/springframework/security/spring-security-core/6.3.4/spring-security-core-6.3.4.jar:/home/lzndev/.m2/repository/org/springframework/security/spring-security-crypto/6.3.4/spring-security-crypto-6.3.4.jar:/home/lzndev/.m2/repository/org/junit/jupiter/junit-jupiter-engine/5.9.3/junit-jupiter-engine-5.9.3.jar:/home/lzndev/.m2/repository/org/junit/platform/junit-platform-engine/1.10.5/junit-platform-engine-1.10.5.jar:/home/lzndev/.m2/repository/org/opentest4j/opentest4j/1.3.0/opentest4j-1.3.0.jar:/home/lzndev/.m2/repository/org/junit/platform/junit-platform-commons/1.10.5/junit-platform-commons-1.10.5.jar:/home/lzndev/.m2/repository/org/junit/jupiter/junit-jupiter-api/5.10.5/junit-jupiter-api-5.10.5.jar:/home/lzndev/.m2/repository/org/apiguardian/apiguardian-api/1.1.2/apiguardian-api-1.1.2.jar:, sun.cpu.endian=little, hibernate.cdi.extensions=true, user.home=/home/lzndev, user.language=en, java.specification.vendor=Oracle Corporation, java.version.date=2024-01-16, java.home=/usr/lib/jvm/jdk-17-oracle-x64, file.separator=/, basedir=/home/lzndev/Documents/workspace/code/git/pagamento-service, java.vm.compressedOopsMode=Zero based, line.separator=
, hibernate.persistenceUnitName=default, java.specification.name=Java Platform API Specification, java.vm.specification.vendor=Oracle Corporation, FILE_LOG_CHARSET=UTF-8, hibernate.transaction.coordinator_class=class org.hibernate.resource.transaction.backend.jdbc.internal.JdbcResourceLocalTransactionCoordinatorBuilderImpl, java.awt.headless=true, surefire.real.class.path=/home/lzndev/Documents/workspace/code/git/pagamento-service/target/surefire/surefirebooter-20241207175029936_3.jar, jakarta.persistence.validation.mode=AUTO, hibernate.hbm2ddl.auto=update, sun.management.compiler=HotSpot 64-Bit Tiered Compilers, java.runtime.version=17.0.10+11-LTS-240, user.name=lzndev, path.separator=:, os.version=6.5.0-44-generic, java.runtime.name=Java(TM) SE Runtime Environment, file.encoding=UTF-8, java.vm.name=Java HotSpot(TM) 64-Bit Server VM, hibernate.show_sql=true, localRepository=/home/lzndev/.m2/repository, java.vendor.url.bug=https://bugreport.java.com/bugreport/, java.io.tmpdir=/tmp, idea.version=2024.3, java.version=17.0.10, hibernate.physical_naming_strategy=org.hibernate.boot.model.naming.CamelCaseToUnderscoresNamingStrategy, user.dir=/home/lzndev/Documents/workspace/code/git/pagamento-service, os.arch=amd64, java.vm.specification.name=Java Virtual Machine Specification, PID=13138, CONSOLE_LOG_CHARSET=UTF-8, hibernate.boot.CfgXmlAccessService.key=org.hibernate.boot.registry.StandardServiceRegistryBuilder$1@5981f2c6, native.encoding=UTF-8, java.library.path=/usr/java/packages/lib:/usr/lib64:/lib64:/lib:/usr/lib, java.vendor=Oracle Corporation, java.vm.info=mixed mode, sharing, java.vm.version=17.0.10+11-LTS-240, sun.io.unicode.encoding=UnicodeLittle, hibernate.archive.scanner=org.hibernate.boot.archive.scan.internal.DisabledScanner, hibernate.connection.datasource=HikariDataSource (HikariPool-1), java.class.version=61.0, LOGGED_APPLICATION_NAME=[pagamentoService] }
2024-12-07T17:50:32.267-03:00 DEBUG 13138 --- [pagamentoService] [           main] o.hibernate.internal.SessionFactoryImpl  : Session factory constructed with filter configurations : {}
2024-12-07T17:50:32.291-03:00 DEBUG 13138 --- [pagamentoService] [           main] o.h.q.sqm.function.SqmFunctionRegistry   : Registered SqmFunctionTemplate [NamedSqmFunctionTemplate(max)] under max; prior registration was null
2024-12-07T17:50:32.291-03:00 DEBUG 13138 --- [pagamentoService] [           main] o.h.q.sqm.function.SqmFunctionRegistry   : Registered SqmFunctionTemplate [NamedSqmFunctionTemplate(min)] under min; prior registration was null
2024-12-07T17:50:32.292-03:00 DEBUG 13138 --- [pagamentoService] [           main] o.h.q.sqm.function.SqmFunctionRegistry   : Registered SqmFunctionTemplate [NamedSqmFunctionTemplate(sum)] under sum; prior registration was null
2024-12-07T17:50:32.292-03:00 DEBUG 13138 --- [pagamentoService] [           main] o.h.q.sqm.function.SqmFunctionRegistry   : Registered SqmFunctionTemplate [NamedSqmFunctionTemplate(avg)] under avg; prior registration was null
2024-12-07T17:50:32.293-03:00 DEBUG 13138 --- [pagamentoService] [           main] o.h.q.sqm.function.SqmFunctionRegistry   : Registered SqmFunctionTemplate [org.hibernate.dialect.function.CountFunction@5e278e25] under count; prior registration was null
2024-12-07T17:50:32.293-03:00 DEBUG 13138 --- [pagamentoService] [           main] o.h.q.sqm.function.SqmFunctionRegistry   : Registered SqmFunctionTemplate [org.hibernate.dialect.function.EveryAnyEmulation@72bce309] under every; prior registration was null
2024-12-07T17:50:32.293-03:00 DEBUG 13138 --- [pagamentoService] [           main] o.h.q.sqm.function.SqmFunctionRegistry   : Registered SqmFunctionTemplate [org.hibernate.dialect.function.EveryAnyEmulation@f439e0f] under any; prior registration was null
2024-12-07T17:50:32.293-03:00 DEBUG 13138 --- [pagamentoService] [           main] o.h.q.sqm.function.SqmFunctionRegistry   : Registered SqmFunctionTemplate [NamedSqmFunctionTemplate(floor)] under floor; prior registration was null
2024-12-07T17:50:32.294-03:00 DEBUG 13138 --- [pagamentoService] [           main] o.h.q.sqm.function.SqmFunctionRegistry   : Registered SqmFunctionTemplate [NamedSqmFunctionTemplate(ceiling)] under ceiling; prior registration was null
2024-12-07T17:50:32.294-03:00 DEBUG 13138 --- [pagamentoService] [           main] o.h.q.sqm.function.SqmFunctionRegistry   : Registered SqmFunctionTemplate [NamedSqmFunctionTemplate(mod)] under mod; prior registration was null
2024-12-07T17:50:32.294-03:00 DEBUG 13138 --- [pagamentoService] [           main] o.h.q.sqm.function.SqmFunctionRegistry   : Registered SqmFunctionTemplate [NamedSqmFunctionTemplate(abs)] under abs; prior registration was null
2024-12-07T17:50:32.294-03:00 DEBUG 13138 --- [pagamentoService] [           main] o.h.q.sqm.function.SqmFunctionRegistry   : Registered SqmFunctionTemplate [NamedSqmFunctionTemplate(sign)] under sign; prior registration was null
2024-12-07T17:50:32.294-03:00 DEBUG 13138 --- [pagamentoService] [           main] o.h.q.sqm.function.SqmFunctionRegistry   : Registered SqmFunctionTemplate [NamedSqmFunctionTemplate(sqrt)] under sqrt; prior registration was null
2024-12-07T17:50:32.294-03:00 DEBUG 13138 --- [pagamentoService] [           main] o.h.q.sqm.function.SqmFunctionRegistry   : Registered SqmFunctionTemplate [NamedSqmFunctionTemplate(ln)] under ln; prior registration was null
2024-12-07T17:50:32.294-03:00 DEBUG 13138 --- [pagamentoService] [           main] o.h.q.sqm.function.SqmFunctionRegistry   : Registered SqmFunctionTemplate [NamedSqmFunctionTemplate(exp)] under exp; prior registration was null
2024-12-07T17:50:32.294-03:00 DEBUG 13138 --- [pagamentoService] [           main] o.h.q.sqm.function.SqmFunctionRegistry   : Registered SqmFunctionTemplate [NamedSqmFunctionTemplate(power)] under power; prior registration was null
2024-12-07T17:50:32.294-03:00 DEBUG 13138 --- [pagamentoService] [           main] o.h.q.sqm.function.SqmFunctionRegistry   : Registered SqmFunctionTemplate [NamedSqmFunctionTemplate(round)] under round; prior registration was null
2024-12-07T17:50:32.294-03:00 DEBUG 13138 --- [pagamentoService] [           main] o.h.q.sqm.function.SqmFunctionRegistry   : Registered SqmFunctionTemplate [NamedSqmFunctionTemplate(sin)] under sin; prior registration was null
2024-12-07T17:50:32.294-03:00 DEBUG 13138 --- [pagamentoService] [           main] o.h.q.sqm.function.SqmFunctionRegistry   : Registered SqmFunctionTemplate [NamedSqmFunctionTemplate(cos)] under cos; prior registration was null
2024-12-07T17:50:32.294-03:00 DEBUG 13138 --- [pagamentoService] [           main] o.h.q.sqm.function.SqmFunctionRegistry   : Registered SqmFunctionTemplate [NamedSqmFunctionTemplate(tan)] under tan; prior registration was null
2024-12-07T17:50:32.294-03:00 DEBUG 13138 --- [pagamentoService] [           main] o.h.q.sqm.function.SqmFunctionRegistry   : Registered SqmFunctionTemplate [NamedSqmFunctionTemplate(asin)] under asin; prior registration was null
2024-12-07T17:50:32.294-03:00 DEBUG 13138 --- [pagamentoService] [           main] o.h.q.sqm.function.SqmFunctionRegistry   : Registered SqmFunctionTemplate [NamedSqmFunctionTemplate(acos)] under acos; prior registration was null
2024-12-07T17:50:32.294-03:00 DEBUG 13138 --- [pagamentoService] [           main] o.h.q.sqm.function.SqmFunctionRegistry   : Registered SqmFunctionTemplate [NamedSqmFunctionTemplate(atan)] under atan; prior registration was null
2024-12-07T17:50:32.294-03:00 DEBUG 13138 --- [pagamentoService] [           main] o.h.q.sqm.function.SqmFunctionRegistry   : Registered SqmFunctionTemplate [NamedSqmFunctionTemplate(atan2)] under atan2; prior registration was null
2024-12-07T17:50:32.295-03:00 DEBUG 13138 --- [pagamentoService] [           main] o.h.q.sqm.function.SqmFunctionRegistry   : Registered SqmFunctionTemplate [org.hibernate.query.sqm.function.PatternBasedSqmFunctionDescriptor@7b8fcdf2] under sinh; prior registration was null
2024-12-07T17:50:32.295-03:00 DEBUG 13138 --- [pagamentoService] [           main] o.h.q.sqm.function.SqmFunctionRegistry   : Registered SqmFunctionTemplate [org.hibernate.query.sqm.function.PatternBasedSqmFunctionDescriptor@54d2f5d3] under cosh; prior registration was null
2024-12-07T17:50:32.295-03:00 DEBUG 13138 --- [pagamentoService] [           main] o.h.q.sqm.function.SqmFunctionRegistry   : Registered SqmFunctionTemplate [org.hibernate.query.sqm.function.PatternBasedSqmFunctionDescriptor@c29b0dc] under tanh; prior registration was null
2024-12-07T17:50:32.295-03:00 DEBUG 13138 --- [pagamentoService] [           main] o.h.q.sqm.function.SqmFunctionRegistry   : Registered SqmFunctionTemplate [org.hibernate.query.sqm.function.PatternBasedSqmFunctionDescriptor@228958a] under pi; prior registration was null
2024-12-07T17:50:32.295-03:00 DEBUG 13138 --- [pagamentoService] [           main] o.h.q.sqm.function.SqmFunctionRegistry   : Registered SqmFunctionTemplate [org.hibernate.query.sqm.function.PatternBasedSqmFunctionDescriptor@7cd3860] under log; prior registration was null
2024-12-07T17:50:32.296-03:00 DEBUG 13138 --- [pagamentoService] [           main] o.h.q.sqm.function.SqmFunctionRegistry   : Registered SqmFunctionTemplate [NamedSqmFunctionTemplate(coalesce)] under coalesce; prior registration was null
2024-12-07T17:50:32.296-03:00 DEBUG 13138 --- [pagamentoService] [           main] o.h.q.sqm.function.SqmFunctionRegistry   : Registered SqmFunctionTemplate [NamedSqmFunctionTemplate(nullif)] under nullif; prior registration was null
2024-12-07T17:50:32.296-03:00 DEBUG 13138 --- [pagamentoService] [           main] o.h.q.sqm.function.SqmFunctionRegistry   : Registered SqmFunctionTemplate [NamedSqmFunctionTemplate(left)] under left; prior registration was null
2024-12-07T17:50:32.296-03:00 DEBUG 13138 --- [pagamentoService] [           main] o.h.q.sqm.function.SqmFunctionRegistry   : Registered SqmFunctionTemplate [NamedSqmFunctionTemplate(right)] under right; prior registration was null
2024-12-07T17:50:32.296-03:00 DEBUG 13138 --- [pagamentoService] [           main] o.h.q.sqm.function.SqmFunctionRegistry   : Registered SqmFunctionTemplate [NamedSqmFunctionTemplate(replace)] under replace; prior registration was null
2024-12-07T17:50:32.296-03:00 DEBUG 13138 --- [pagamentoService] [           main] o.h.q.sqm.function.SqmFunctionRegistry   : Registered SqmFunctionTemplate [NamedSqmFunctionTemplate(concat)] under concat; prior registration was null
2024-12-07T17:50:32.296-03:00 DEBUG 13138 --- [pagamentoService] [           main] o.h.q.sqm.function.SqmFunctionRegistry   : Registered SqmFunctionTemplate [NamedSqmFunctionTemplate(lower)] under lower; prior registration was null
[...]
2024-12-07T17:50:32.337-03:00 DEBUG 13138 --- [pagamentoService] [           main] org.hibernate.HQL_FUNCTIONS              : LocalDateTime local_datetime
2024-12-07T17:50:32.337-03:00 DEBUG 13138 --- [pagamentoService] [           main] org.hibernate.HQL_FUNCTIONS              : LocalTime local_time
2024-12-07T17:50:32.337-03:00 DEBUG 13138 --- [pagamentoService] [           main] org.hibernate.HQL_FUNCTIONS              : Integer locate(pattern, string[, start])
2024-12-07T17:50:32.338-03:00 DEBUG 13138 --- [pagamentoService] [           main] org.hibernate.HQL_FUNCTIONS              : Double log(NUMERIC arg0[, NUMERIC arg1])
2024-12-07T17:50:32.338-03:00 DEBUG 13138 --- [pagamentoService] [           main] org.hibernate.HQL_FUNCTIONS              : Double log10(NUMERIC arg)
2024-12-07T17:50:32.338-03:00 DEBUG 13138 --- [pagamentoService] [           main] org.hibernate.HQL_FUNCTIONS              : String lower(STRING string)
2024-12-07T17:50:32.338-03:00 DEBUG 13138 --- [pagamentoService] [           main] org.hibernate.HQL_FUNCTIONS              : String lpad(STRING string, INTEGER length[, STRING padding])
2024-12-07T17:50:32.338-03:00 DEBUG 13138 --- [pagamentoService] [           main] org.hibernate.HQL_FUNCTIONS              : String ltrim(STRING string[, STRING characters])
2024-12-07T17:50:32.338-03:00 DEBUG 13138 --- [pagamentoService] [           main] org.hibernate.HQL_FUNCTIONS              : max(COMPARABLE arg)
2024-12-07T17:50:32.338-03:00 DEBUG 13138 --- [pagamentoService] [           main] org.hibernate.HQL_FUNCTIONS              : Double median(NUMERIC arg)
2024-12-07T17:50:32.338-03:00 DEBUG 13138 --- [pagamentoService] [           main] org.hibernate.HQL_FUNCTIONS              : min(COMPARABLE arg)
2024-12-07T17:50:32.338-03:00 DEBUG 13138 --- [pagamentoService] [           main] org.hibernate.HQL_FUNCTIONS              : Integer mod(INTEGER arg0, INTEGER arg1)
2024-12-07T17:50:32.338-03:00 DEBUG 13138 --- [pagamentoService] [           main] org.hibernate.HQL_FUNCTIONS              : mode()
2024-12-07T17:50:32.338-03:00 DEBUG 13138 --- [pagamentoService] [           main] org.hibernate.HQL_FUNCTIONS              : Integer months_between(DATE end, DATE start)
2024-12-07T17:50:32.338-03:00 DEBUG 13138 --- [pagamentoService] [           main] org.hibernate.HQL_FUNCTIONS              : nth_valueANY value, INTEGER nth
2024-12-07T17:50:32.338-03:00 DEBUG 13138 --- [pagamentoService] [           main] org.hibernate.HQL_FUNCTIONS              : nullif(arg0, arg1)
2024-12-07T17:50:32.338-03:00 DEBUG 13138 --- [pagamentoService] [           main] org.hibernate.HQL_FUNCTIONS              : Integer octet_length(STRING_OR_CLOB arg)
2024-12-07T17:50:32.338-03:00 DEBUG 13138 --- [pagamentoService] [           main] org.hibernate.HQL_FUNCTIONS              : OffsetDateTime offset datetime
2024-12-07T17:50:32.338-03:00 DEBUG 13138 --- [pagamentoService] [           main] org.hibernate.HQL_FUNCTIONS              : OffsetDateTime offset_datetime
2024-12-07T17:50:32.338-03:00 DEBUG 13138 --- [pagamentoService] [           main] org.hibernate.HQL_FUNCTIONS              : String overlay(STRING string placing STRING replacement from INTEGER start[ for INTEGER length])
2024-12-07T17:50:32.338-03:00 DEBUG 13138 --- [pagamentoService] [           main] org.hibernate.HQL_FUNCTIONS              : String pad(STRING string with INTEGER length {leading|trailing}[ STRING character])
2024-12-07T17:50:32.339-03:00 DEBUG 13138 --- [pagamentoService] [           main] org.hibernate.HQL_FUNCTIONS              : Double percent_rank([arg0[, ...]])
2024-12-07T17:50:32.339-03:00 DEBUG 13138 --- [pagamentoService] [           main] org.hibernate.HQL_FUNCTIONS              : percentile_cont(NUMERIC arg)
2024-12-07T17:50:32.339-03:00 DEBUG 13138 --- [pagamentoService] [           main] org.hibernate.HQL_FUNCTIONS              : percentile_disc(NUMERIC arg)
2024-12-07T17:50:32.339-03:00 DEBUG 13138 --- [pagamentoService] [           main] org.hibernate.HQL_FUNCTIONS              : Double pi
2024-12-07T17:50:32.339-03:00 DEBUG 13138 --- [pagamentoService] [           main] org.hibernate.HQL_FUNCTIONS              : Integer position(STRING pattern in STRING string)
2024-12-07T17:50:32.339-03:00 DEBUG 13138 --- [pagamentoService] [           main] org.hibernate.HQL_FUNCTIONS              : Double power(NUMERIC arg0, NUMERIC arg1)
2024-12-07T17:50:32.339-03:00 DEBUG 13138 --- [pagamentoService] [           main] org.hibernate.HQL_FUNCTIONS              : Double radians(NUMERIC arg)
2024-12-07T17:50:32.339-03:00 DEBUG 13138 --- [pagamentoService] [           main] org.hibernate.HQL_FUNCTIONS              : Long rank([arg0[, ...]])
2024-12-07T17:50:32.339-03:00 DEBUG 13138 --- [pagamentoService] [           main] org.hibernate.HQL_FUNCTIONS              : Double regr_avgx(NUMERIC arg0, NUMERIC arg1)
2024-12-07T17:50:32.339-03:00 DEBUG 13138 --- [pagamentoService] [           main] org.hibernate.HQL_FUNCTIONS              : Double regr_avgy(NUMERIC arg0, NUMERIC arg1)
2024-12-07T17:50:32.339-03:00 DEBUG 13138 --- [pagamentoService] [           main] org.hibernate.HQL_FUNCTIONS              : Double regr_count(NUMERIC arg0, NUMERIC arg1)
2024-12-07T17:50:32.339-03:00 DEBUG 13138 --- [pagamentoService] [           main] org.hibernate.HQL_FUNCTIONS              : Double regr_intercept(NUMERIC arg0, NUMERIC arg1)
2024-12-07T17:50:32.339-03:00 DEBUG 13138 --- [pagamentoService] [           main] org.hibernate.HQL_FUNCTIONS              : Double regr_r2(NUMERIC arg0, NUMERIC arg1)
2024-12-07T17:50:32.339-03:00 DEBUG 13138 --- [pagamentoService] [           main] org.hibernate.HQL_FUNCTIONS              : Double regr_slope(NUMERIC arg0, NUMERIC arg1)
2024-12-07T17:50:32.340-03:00 DEBUG 13138 --- [pagamentoService] [           main] org.hibernate.HQL_FUNCTIONS              : Double regr_sxx(NUMERIC arg0, NUMERIC arg1)
2024-12-07T17:50:32.340-03:00 DEBUG 13138 --- [pagamentoService] [           main] org.hibernate.HQL_FUNCTIONS              : Double regr_sxy(NUMERIC arg0, NUMERIC arg1)
2024-12-07T17:50:32.340-03:00 DEBUG 13138 --- [pagamentoService] [           main] org.hibernate.HQL_FUNCTIONS              : Double regr_syy(NUMERIC arg0, NUMERIC arg1)
2024-12-07T17:50:32.340-03:00 DEBUG 13138 --- [pagamentoService] [           main] org.hibernate.HQL_FUNCTIONS              : String repeat(STRING string, INTEGER times)
2024-12-07T17:50:32.340-03:00 DEBUG 13138 --- [pagamentoService] [           main] org.hibernate.HQL_FUNCTIONS              : String replace(STRING string, STRING pattern, STRING replacement)
2024-12-07T17:50:32.340-03:00 DEBUG 13138 --- [pagamentoService] [           main] org.hibernate.HQL_FUNCTIONS              : String right(STRING string, INTEGER length)
2024-12-07T17:50:32.340-03:00 DEBUG 13138 --- [pagamentoService] [           main] org.hibernate.HQL_FUNCTIONS              : round(NUMERIC number[, INTEGER places])
2024-12-07T17:50:32.340-03:00 DEBUG 13138 --- [pagamentoService] [           main] org.hibernate.HQL_FUNCTIONS              : Long row_number()
2024-12-07T17:50:32.340-03:00 DEBUG 13138 --- [pagamentoService] [           main] org.hibernate.HQL_FUNCTIONS              : Long rowid
2024-12-07T17:50:32.340-03:00 DEBUG 13138 --- [pagamentoService] [           main] org.hibernate.HQL_FUNCTIONS              : Long rownum
2024-12-07T17:50:32.340-03:00 DEBUG 13138 --- [pagamentoService] [           main] org.hibernate.HQL_FUNCTIONS              : String rpad(STRING string, INTEGER length[, STRING padding])
2024-12-07T17:50:32.340-03:00 DEBUG 13138 --- [pagamentoService] [           main] org.hibernate.HQL_FUNCTIONS              : String rtrim(STRING string[, STRING characters])
2024-12-07T17:50:32.340-03:00 DEBUG 13138 --- [pagamentoService] [           main] org.hibernate.HQL_FUNCTIONS              : Integer sign(NUMERIC arg)
2024-12-07T17:50:32.340-03:00 DEBUG 13138 --- [pagamentoService] [           main] org.hibernate.HQL_FUNCTIONS              : Double sin(NUMERIC arg)
2024-12-07T17:50:32.340-03:00 DEBUG 13138 --- [pagamentoService] [           main] org.hibernate.HQL_FUNCTIONS              : Double sinh(NUMERIC arg)
2024-12-07T17:50:32.340-03:00 DEBUG 13138 --- [pagamentoService] [           main] org.hibernate.HQL_FUNCTIONS              : String soundex(arg)
2024-12-07T17:50:32.340-03:00 DEBUG 13138 --- [pagamentoService] [           main] org.hibernate.HQL_FUNCTIONS              : Object sql
2024-12-07T17:50:32.340-03:00 DEBUG 13138 --- [pagamentoService] [           main] org.hibernate.HQL_FUNCTIONS              : Double sqrt(NUMERIC arg)
2024-12-07T17:50:32.340-03:00 DEBUG 13138 --- [pagamentoService] [           main] org.hibernate.HQL_FUNCTIONS              : Double stddev(NUMERIC arg)
2024-12-07T17:50:32.340-03:00 DEBUG 13138 --- [pagamentoService] [           main] org.hibernate.HQL_FUNCTIONS              : Double stddev_pop(NUMERIC arg)
2024-12-07T17:50:32.340-03:00 DEBUG 13138 --- [pagamentoService] [           main] org.hibernate.HQL_FUNCTIONS              : Double stddev_samp(NUMERIC arg)
2024-12-07T17:50:32.340-03:00 DEBUG 13138 --- [pagamentoService] [           main] org.hibernate.HQL_FUNCTIONS              : String str(arg)
2024-12-07T17:50:32.340-03:00 DEBUG 13138 --- [pagamentoService] [           main] org.hibernate.HQL_FUNCTIONS              : String substr(STRING string, INTEGER start[, INTEGER length])
2024-12-07T17:50:32.340-03:00 DEBUG 13138 --- [pagamentoService] [           main] org.hibernate.HQL_FUNCTIONS              : String substring(STRING string{ from|,} INTEGER start[{ for|,} INTEGER length])
2024-12-07T17:50:32.340-03:00 DEBUG 13138 --- [pagamentoService] [           main] org.hibernate.HQL_FUNCTIONS              : sum(arg)
2024-12-07T17:50:32.340-03:00 DEBUG 13138 --- [pagamentoService] [           main] org.hibernate.HQL_FUNCTIONS              : Timestamp sysdate
2024-12-07T17:50:32.340-03:00 DEBUG 13138 --- [pagamentoService] [           main] org.hibernate.HQL_FUNCTIONS              : Timestamp systimestamp
2024-12-07T17:50:32.341-03:00 DEBUG 13138 --- [pagamentoService] [           main] org.hibernate.HQL_FUNCTIONS              : Double tan(NUMERIC arg)
2024-12-07T17:50:32.341-03:00 DEBUG 13138 --- [pagamentoService] [           main] org.hibernate.HQL_FUNCTIONS              : Double tanh(NUMERIC arg)
2024-12-07T17:50:32.341-03:00 DEBUG 13138 --- [pagamentoService] [           main] org.hibernate.HQL_FUNCTIONS              : timestampadd(TEMPORAL_UNIT field, INTEGER magnitude, TEMPORAL datetime)
2024-12-07T17:50:32.341-03:00 DEBUG 13138 --- [pagamentoService] [           main] org.hibernate.HQL_FUNCTIONS              : Long|Double timestampdiff(TEMPORAL_UNIT field, TEMPORAL start, TEMPORAL end)
2024-12-07T17:50:32.341-03:00 DEBUG 13138 --- [pagamentoService] [           main] org.hibernate.HQL_FUNCTIONS              : String to_char(ANY arg0[, STRING arg1, STRING arg2])
2024-12-07T17:50:32.341-03:00 DEBUG 13138 --- [pagamentoService] [           main] org.hibernate.HQL_FUNCTIONS              : Date to_date(STRING arg0[, STRING arg1, STRING arg2])
2024-12-07T17:50:32.341-03:00 DEBUG 13138 --- [pagamentoService] [           main] org.hibernate.HQL_FUNCTIONS              : Double to_number(STRING arg0[, STRING arg1, STRING arg2])
2024-12-07T17:50:32.341-03:00 DEBUG 13138 --- [pagamentoService] [           main] org.hibernate.HQL_FUNCTIONS              : Timestamp to_timestamp(STRING arg0[, STRING arg1, STRING arg2])
2024-12-07T17:50:32.341-03:00 DEBUG 13138 --- [pagamentoService] [           main] org.hibernate.HQL_FUNCTIONS              : String translate(STRING arg0, STRING arg1, STRING arg2)
2024-12-07T17:50:32.341-03:00 DEBUG 13138 --- [pagamentoService] [           main] org.hibernate.HQL_FUNCTIONS              : String trim([[{leading|trailing|both} ][STRING arg0 ]from] STRING arg1)
2024-12-07T17:50:32.341-03:00 DEBUG 13138 --- [pagamentoService] [           main] org.hibernate.HQL_FUNCTIONS              : trunc( ... )
2024-12-07T17:50:32.341-03:00 DEBUG 13138 --- [pagamentoService] [           main] org.hibernate.HQL_FUNCTIONS              : truncate( ... )
2024-12-07T17:50:32.341-03:00 DEBUG 13138 --- [pagamentoService] [           main] org.hibernate.HQL_FUNCTIONS              : String upper(STRING string)
2024-12-07T17:50:32.341-03:00 DEBUG 13138 --- [pagamentoService] [           main] org.hibernate.HQL_FUNCTIONS              : Double var_pop(NUMERIC arg)
2024-12-07T17:50:32.341-03:00 DEBUG 13138 --- [pagamentoService] [           main] org.hibernate.HQL_FUNCTIONS              : Double var_samp(NUMERIC arg)
2024-12-07T17:50:32.341-03:00 DEBUG 13138 --- [pagamentoService] [           main] org.hibernate.HQL_FUNCTIONS              : Double variance(NUMERIC arg)
2024-12-07T17:50:32.344-03:00 DEBUG 13138 --- [pagamentoService] [           main] org.hibernate.orm.query.plan.cache       : Starting QueryInterpretationCache(2048)
2024-12-07T17:50:32.386-03:00 DEBUG 13138 --- [pagamentoService] [           main] .h.s.i.SessionFactoryServiceRegistryImpl : EventListenerRegistry access via ServiceRegistry is deprecated.  Use `sessionFactory.getEventEngine().getListenerRegistry()` instead
2024-12-07T17:50:32.387-03:00 DEBUG 13138 --- [pagamentoService] [           main] h.e.i.EntityCopyObserverFactoryInitiator : Configured EntityCopyObserver strategy: disallow
2024-12-07T17:50:32.430-03:00 DEBUG 13138 --- [pagamentoService] [           main] o.h.boot.internal.ClassLoaderAccessImpl  : Not known whether passed class name [com.example.pagamentoService.entidade.Cliente] is safe
2024-12-07T17:50:32.430-03:00 DEBUG 13138 --- [pagamentoService] [           main] o.h.boot.internal.ClassLoaderAccessImpl  : No temp ClassLoader provided; using live ClassLoader for loading potentially unsafe class : com.example.pagamentoService.entidade.Cliente
2024-12-07T17:50:32.526-03:00 DEBUG 13138 --- [pagamentoService] [           main] o.h.b.i.bytebuddy.BytecodeProviderImpl   : HHH000513: Unable to create the ReflectionOptimizer for [com.example.pagamentoService.entidade.Cliente]: private accessor [cpf]
2024-12-07T17:50:32.555-03:00 DEBUG 13138 --- [pagamentoService] [           main] o.hibernate.orm.model.mapping.creation   : Starting post-init callbacks
2024-12-07T17:50:32.556-03:00 DEBUG 13138 --- [pagamentoService] [           main] o.hibernate.orm.model.mapping.creation   : Starting PostInitCallbackEntry : Entity(com.example.pagamentoService.entidade.Cliente) `staticFetchableList` generator
2024-12-07T17:50:32.620-03:00 DEBUG 13138 --- [pagamentoService] [           main] org.hibernate.orm.sql.ast.create         : Created new SQL alias : c1_0
2024-12-07T17:50:32.621-03:00 DEBUG 13138 --- [pagamentoService] [           main] org.hibernate.orm.sql.ast.create         : Registration of TableGroup [StandardTableGroup(com.example.pagamentoService.entidade.Cliente)] with identifierForTableGroup [com.example.pagamentoService.entidade.Cliente] for NavigablePath [com.example.pagamentoService.entidade.Cliente] 
2024-12-07T17:50:32.630-03:00 DEBUG 13138 --- [pagamentoService] [           main] org.hibernate.orm.results.graph.AST      : DomainResult Graph:
 \-EntityResultImpl [com.example.pagamentoService.entidade.Cliente]
 |  +-BasicFetch [com.example.pagamentoService.entidade.Cliente.cpf]
 |  \-BasicFetch [com.example.pagamentoService.entidade.Cliente.nome]

2024-12-07T17:50:32.632-03:00 DEBUG 13138 --- [pagamentoService] [           main] org.hibernate.orm.sql.ast.tree           : SQL AST Tree:
    SelectStatement {
      FromClause {
        StandardTableGroup (c1 : com.example.pagamentoService.entidade.Cliente) {
          primaryTableReference : clientes as c1_0
        }
      }
    }

2024-12-07T17:50:32.636-03:00 DEBUG 13138 --- [pagamentoService] [           main] o.h.p.entity.AbstractEntityPersister     : Static SQL for entity: com.example.pagamentoService.entidade.Cliente
2024-12-07T17:50:32.637-03:00 DEBUG 13138 --- [pagamentoService] [           main] o.h.p.entity.AbstractEntityPersister     :  Version select: select num_seq_cliente from clientes where num_seq_cliente=?
2024-12-07T17:50:32.637-03:00 DEBUG 13138 --- [pagamentoService] [           main] o.h.p.entity.AbstractEntityPersister     :  Insert (0): insert into clientes (cpf,nome,num_seq_cliente) values (?,?,default)
2024-12-07T17:50:32.637-03:00 DEBUG 13138 --- [pagamentoService] [           main] o.h.p.entity.AbstractEntityPersister     :  Update (0): update clientes set cpf=?,nome=? where num_seq_cliente=?
2024-12-07T17:50:32.637-03:00 DEBUG 13138 --- [pagamentoService] [           main] o.h.p.entity.AbstractEntityPersister     :  Delete (0): delete from clientes where num_seq_cliente=?
2024-12-07T17:50:32.649-03:00  INFO 13138 --- [pagamentoService] [           main] o.h.e.t.j.p.i.JtaPlatformInitiator       : HHH000489: No JTA platform available (set 'hibernate.transaction.jta.platform' to enable JTA platform integration)
2024-12-07T17:50:32.650-03:00 DEBUG 13138 --- [pagamentoService] [           main] o.h.type.spi.TypeConfiguration$Scope     : Scoping TypeConfiguration [org.hibernate.type.spi.TypeConfiguration@5a1c7619] to SessionFactoryImplementor [org.hibernate.internal.SessionFactoryImpl@51b11186]
2024-12-07T17:50:32.651-03:00 DEBUG 13138 --- [pagamentoService] [           main] o.h.query.named.NamedObjectRepository    : Checking 0 named HQL queries
2024-12-07T17:50:32.651-03:00 DEBUG 13138 --- [pagamentoService] [           main] o.h.query.named.NamedObjectRepository    : Checking 0 named SQL queries
2024-12-07T17:50:40.571-03:00 DEBUG 13138 --- [pagamentoService] [           main] org.hibernate.mapping.Table              : No alter strings for table : clientes
2024-12-07T17:50:40.572-03:00 DEBUG 13138 --- [pagamentoService] [           main] o.h.internal.SessionFactoryRegistry      : Initializing SessionFactoryRegistry : org.hibernate.internal.SessionFactoryRegistry@3fb4beb1
2024-12-07T17:50:40.572-03:00 DEBUG 13138 --- [pagamentoService] [           main] o.h.internal.SessionFactoryRegistry      : Registering SessionFactory: a3f22e1a-dfb1-458d-9541-a18c37ba1108 (<unnamed>)
2024-12-07T17:50:40.572-03:00 DEBUG 13138 --- [pagamentoService] [           main] o.h.internal.SessionFactoryRegistry      : Not binding SessionFactory to JNDI, no JNDI name configured
2024-12-07T17:50:40.572-03:00 DEBUG 13138 --- [pagamentoService] [           main] o.hibernate.internal.SessionFactoryImpl  : Instantiated SessionFactory
2024-12-07T17:50:40.572-03:00  INFO 13138 --- [pagamentoService] [           main] j.LocalContainerEntityManagerFactoryBean : Initialized JPA EntityManagerFactory for persistence unit 'default'
2024-12-07T17:50:40.664-03:00  WARN 13138 --- [pagamentoService] [           main] JpaBaseConfiguration$JpaWebConfiguration : spring.jpa.open-in-view is enabled by default. Therefore, database queries may be performed during view rendering. Explicitly configure spring.jpa.open-in-view to disable this warning
2024-12-07T17:50:40.923-03:00 DEBUG 13138 --- [pagamentoService] [           main] o.h.stat.internal.StatisticsInitiator    : Statistics initialized [enabled=false]
2024-12-07T17:50:41.013-03:00  WARN 13138 --- [pagamentoService] [           main] .s.s.UserDetailsServiceAutoConfiguration : 

Using generated security password: 87d33c3c-f63d-45cd-be48-26707ebbc2b6

This generated password is for development use only. Your security configuration must be updated before running your application in production.

2024-12-07T17:50:41.021-03:00  INFO 13138 --- [pagamentoService] [           main] r$InitializeUserDetailsManagerConfigurer : Global AuthenticationManager configured with UserDetailsService bean with name inMemoryUserDetailsManager
2024-12-07T17:50:41.113-03:00  INFO 13138 --- [pagamentoService] [           main] c.e.pagamentoService.ApplicationTests    : Started ApplicationTests in 10.594 seconds (process running for 11.135)
]]></system-out>
  </testcase>
</testsuite>