<?xml version="1.0" encoding="UTF-8"?>
<testsuite xmlns:xsi="http://www.w3.org/2001/XMLSchema-instance" xsi:noNamespaceSchemaLocation="https://maven.apache.org/surefire/maven-surefire-plugin/xsd/surefire-test-report-3.0.xsd" version="3.0" name="com.example.pagamentoService.ApplicationTests" time="10.666" tests="1" errors="0" skipped="0" failures="0">
  <properties>
[...]
</properties>
  <testcase name="contextLoads" classname="com.example.pagamentoService.ApplicationTests" time="0.31">
    <system-out><![CDATA[22:32:23.556 [main] INFO org.springframework.test.context.support.AnnotationConfigContextLoaderUtils -- Could not detect default configuration classes for test class [com.example.pagamentoService.ApplicationTests]: ApplicationTests does not declare any static, non-private, non-final, nested classes annotated with @Configuration.
22:32:23.613 [main] INFO org.springframework.boot.test.context.SpringBootTestContextBootstrapper -- Found @SpringBootConfiguration com.example.pagamentoService.Application for test class com.example.pagamentoService.ApplicationTests

  .   ____          _            __ _ _
 /\\ / ___'_ __ _ _(_)_ __  __ _ \ \ \ \
( ( )\___ | '_ | '_| | '_ \/ _` | \ \ \ \
 \\/  ___)| |_)| | | | | || (_| |  ) ) ) )
  '  |____| .__|_| |_|_| |_\__, | / / / /
 =========|_|==============|___/=/_/_/_/

 :: Spring Boot ::                (v3.3.5)

2024-12-07T22:32:23.858-03:00  INFO 33551 --- [pagamentoService] [           main] c.e.pagamentoService.ApplicationTests    : Starting ApplicationTests using Java 17.0.10 with PID 33551 (started by lzndev in /home/lzndev/Documents/workspace/code/git/pagamento-service)
2024-12-07T22:32:23.859-03:00  INFO 33551 --- [pagamentoService] [           main] c.e.pagamentoService.ApplicationTests    : No active profile set, falling back to 1 default profile: "default"
2024-12-07T22:32:23.885-03:00 TRACE 33551 --- [pagamentoService] [           main] o.s.w.c.s.GenericWebApplicationContext   : Refreshing org.springframework.web.context.support.GenericWebApplicationContext@61a002b1, started on Sat Dec 07 22:32:23 BRT 2024
2024-12-07T22:32:24.284-03:00  INFO 33551 --- [pagamentoService] [           main] .s.d.r.c.RepositoryConfigurationDelegate : Bootstrapping Spring Data JPA repositories in DEFAULT mode.
2024-12-07T22:32:24.318-03:00  INFO 33551 --- [pagamentoService] [           main] .s.d.r.c.RepositoryConfigurationDelegate : Finished Spring Data repository scanning in 29 ms. Found 1 JPA repository interface.
2024-12-07T22:32:24.518-03:00 TRACE 33551 --- [pagamentoService] [           main] o.s.w.c.s.GenericWebApplicationContext   : No 'messageSource' bean, using [Empty MessageSource]
2024-12-07T22:32:24.518-03:00 TRACE 33551 --- [pagamentoService] [           main] o.s.w.c.s.GenericWebApplicationContext   : No 'applicationEventMulticaster' bean, using [SimpleApplicationEventMulticaster]
2024-12-07T22:32:24.676-03:00 DEBUG 33551 --- [pagamentoService] [           main] o.hibernate.jpa.internal.util.LogHelper  : PersistenceUnitInfo [
	name: default
	persistence provider classname: null
	classloader: jdk.internal.loader.ClassLoaders$AppClassLoader@46fbb2c1
	excludeUnlistedClasses: true
	JTA datasource: null
	Non JTA datasource: HikariDataSource (null)
	Transaction type: RESOURCE_LOCAL
	PU root URL: file:/home/lzndev/Documents/workspace/code/git/pagamento-service/target/test-classes/
	Shared Cache Mode: UNSPECIFIED
	Validation Mode: AUTO
	Jar files URLs []
	Managed classes names [
		com.example.pagamentoService.entidade.Cliente]
	Mapping files names []
	Properties []
2024-12-07T22:32:24.683-03:00 DEBUG 33551 --- [pagamentoService] [           main] o.h.i.internal.IntegratorServiceImpl     : Adding Integrator [org.hibernate.boot.beanvalidation.BeanValidationIntegrator].
2024-12-07T22:32:24.683-03:00 DEBUG 33551 --- [pagamentoService] [           main] o.h.i.internal.IntegratorServiceImpl     : Adding Integrator [org.hibernate.cache.internal.CollectionCacheInvalidator].
2024-12-07T22:32:24.708-03:00  INFO 33551 --- [pagamentoService] [           main] org.hibernate.Version                    : HHH000412: Hibernate ORM core version 6.5.3.Final
2024-12-07T22:32:24.708-03:00 DEBUG 33551 --- [pagamentoService] [           main] org.hibernate.cfg.Environment            : HHH000206: 'hibernate.properties' not found
2024-12-07T22:32:24.723-03:00 DEBUG 33551 --- [pagamentoService] [           main] org.hibernate.orm.idgen.factory          : Registering IdentifierGenerator strategy [uuid2] -> [org.hibernate.id.UUIDGenerator]
2024-12-07T22:32:24.723-03:00 DEBUG 33551 --- [pagamentoService] [           main] org.hibernate.orm.idgen.factory          : Registering IdentifierGenerator strategy [guid] -> [org.hibernate.id.GUIDGenerator]
2024-12-07T22:32:24.723-03:00 DEBUG 33551 --- [pagamentoService] [           main] org.hibernate.orm.idgen.factory          : Registering IdentifierGenerator strategy [uuid] -> [org.hibernate.id.UUIDHexGenerator]
2024-12-07T22:32:24.724-03:00 DEBUG 33551 --- [pagamentoService] [           main] org.hibernate.orm.idgen.factory          : Registering IdentifierGenerator strategy [uuid.hex] -> [org.hibernate.id.UUIDHexGenerator]
2024-12-07T22:32:24.724-03:00 DEBUG 33551 --- [pagamentoService] [           main] org.hibernate.orm.idgen.factory          : Registering IdentifierGenerator strategy [assigned] -> [org.hibernate.id.Assigned]
2024-12-07T22:32:24.724-03:00 DEBUG 33551 --- [pagamentoService] [           main] org.hibernate.orm.idgen.factory          : Registering IdentifierGenerator strategy [identity] -> [org.hibernate.id.IdentityGenerator]
2024-12-07T22:32:24.725-03:00 DEBUG 33551 --- [pagamentoService] [           main] org.hibernate.orm.idgen.factory          : Registering IdentifierGenerator strategy [select] -> [org.hibernate.id.SelectGenerator]
2024-12-07T22:32:24.725-03:00 DEBUG 33551 --- [pagamentoService] [           main] org.hibernate.orm.idgen.factory          : Registering IdentifierGenerator strategy [sequence] -> [org.hibernate.id.enhanced.SequenceStyleGenerator]
2024-12-07T22:32:24.726-03:00 DEBUG 33551 --- [pagamentoService] [           main] org.hibernate.orm.idgen.factory          : Registering IdentifierGenerator strategy [increment] -> [org.hibernate.id.IncrementGenerator]
2024-12-07T22:32:24.726-03:00 DEBUG 33551 --- [pagamentoService] [           main] org.hibernate.orm.idgen.factory          : Registering IdentifierGenerator strategy [foreign] -> [org.hibernate.id.ForeignGenerator]
2024-12-07T22:32:24.726-03:00 DEBUG 33551 --- [pagamentoService] [           main] org.hibernate.orm.idgen.factory          : Registering IdentifierGenerator strategy [enhanced-sequence] -> [org.hibernate.id.enhanced.SequenceStyleGenerator]
2024-12-07T22:32:24.727-03:00 DEBUG 33551 --- [pagamentoService] [           main] org.hibernate.orm.idgen.factory          : Registering IdentifierGenerator strategy [enhanced-table] -> [org.hibernate.id.enhanced.TableGenerator]
2024-12-07T22:32:24.731-03:00 DEBUG 33551 --- [pagamentoService] [           main] o.h.c.internal.RegionFactoryInitiator    : Cannot default RegionFactory based on registered strategies as `[]` RegionFactory strategies were registered
2024-12-07T22:32:24.731-03:00  INFO 33551 --- [pagamentoService] [           main] o.h.c.internal.RegionFactoryInitiator    : HHH000026: Second-level cache disabled
2024-12-07T22:32:24.777-03:00 DEBUG 33551 --- [pagamentoService] [           main] org.hibernate.type.BasicTypeRegistry     : Adding type registration boolean -> org.hibernate.type.BasicTypeReference@5b1e88f
2024-12-07T22:32:24.778-03:00 DEBUG 33551 --- [pagamentoService] [           main] org.hibernate.type.BasicTypeRegistry     : Adding type registration boolean -> org.hibernate.type.BasicTypeReference@5b1e88f
2024-12-07T22:32:24.778-03:00 DEBUG 33551 --- [pagamentoService] [           main] org.hibernate.type.BasicTypeRegistry     : Adding type registration java.lang.Boolean -> org.hibernate.type.BasicTypeReference@5b1e88f
2024-12-07T22:32:24.778-03:00 DEBUG 33551 --- [pagamentoService] [           main] org.hibernate.type.BasicTypeRegistry     : Adding type registration numeric_boolean -> org.hibernate.type.BasicTypeReference@340cb97f
2024-12-07T22:32:24.778-03:00 DEBUG 33551 --- [pagamentoService] [           main] org.hibernate.type.BasicTypeRegistry     : Adding type registration org.hibernate.type.NumericBooleanConverter -> org.hibernate.type.BasicTypeReference@340cb97f
2024-12-07T22:32:24.778-03:00 DEBUG 33551 --- [pagamentoService] [           main] org.hibernate.type.BasicTypeRegistry     : Adding type registration true_false -> org.hibernate.type.BasicTypeReference@6a1568d6
2024-12-07T22:32:24.779-03:00 DEBUG 33551 --- [pagamentoService] [           main] org.hibernate.type.BasicTypeRegistry     : Adding type registration org.hibernate.type.TrueFalseConverter -> org.hibernate.type.BasicTypeReference@6a1568d6
2024-12-07T22:32:24.779-03:00 DEBUG 33551 --- [pagamentoService] [           main] org.hibernate.type.BasicTypeRegistry     : Adding type registration yes_no -> org.hibernate.type.BasicTypeReference@11c88cca
2024-12-07T22:32:24.779-03:00 DEBUG 33551 --- [pagamentoService] [           main] org.hibernate.type.BasicTypeRegistry     : Adding type registration org.hibernate.type.YesNoConverter -> org.hibernate.type.BasicTypeReference@11c88cca
2024-12-07T22:32:24.779-03:00 DEBUG 33551 --- [pagamentoService] [           main] org.hibernate.type.BasicTypeRegistry     : Adding type registration byte -> org.hibernate.type.BasicTypeReference@1b37fbec
2024-12-07T22:32:24.779-03:00 DEBUG 33551 --- [pagamentoService] [           main] org.hibernate.type.BasicTypeRegistry     : Adding type registration byte -> org.hibernate.type.BasicTypeReference@1b37fbec
2024-12-07T22:32:24.779-03:00 DEBUG 33551 --- [pagamentoService] [           main] org.hibernate.type.BasicTypeRegistry     : Adding type registration java.lang.Byte -> org.hibernate.type.BasicTypeReference@1b37fbec
2024-12-07T22:32:24.780-03:00 DEBUG 33551 --- [pagamentoService] [           main] org.hibernate.type.BasicTypeRegistry     : Adding type registration binary -> org.hibernate.type.BasicTypeReference@4a216eb4
2024-12-07T22:32:24.780-03:00 DEBUG 33551 --- [pagamentoService] [           main] org.hibernate.type.BasicTypeRegistry     : Adding type registration byte[] -> org.hibernate.type.BasicTypeReference@4a216eb4
2024-12-07T22:32:24.780-03:00 DEBUG 33551 --- [pagamentoService] [           main] org.hibernate.type.BasicTypeRegistry     : Adding type registration [B -> org.hibernate.type.BasicTypeReference@4a216eb4
2024-12-07T22:32:24.780-03:00 DEBUG 33551 --- [pagamentoService] [           main] org.hibernate.type.BasicTypeRegistry     : Adding type registration binary_wrapper -> org.hibernate.type.BasicTypeReference@bb3ecfe
2024-12-07T22:32:24.780-03:00 DEBUG 33551 --- [pagamentoService] [           main] org.hibernate.type.BasicTypeRegistry     : Adding type registration wrapper-binary -> org.hibernate.type.BasicTypeReference@bb3ecfe
2024-12-07T22:32:24.780-03:00 DEBUG 33551 --- [pagamentoService] [           main] org.hibernate.type.BasicTypeRegistry     : Adding type registration image -> org.hibernate.type.BasicTypeReference@5ec88f9e
2024-12-07T22:32:24.781-03:00 DEBUG 33551 --- [pagamentoService] [           main] org.hibernate.type.BasicTypeRegistry     : Adding type registration blob -> org.hibernate.type.BasicTypeReference@7a04f730
2024-12-07T22:32:24.781-03:00 DEBUG 33551 --- [pagamentoService] [           main] org.hibernate.type.BasicTypeRegistry     : Adding type registration java.sql.Blob -> org.hibernate.type.BasicTypeReference@7a04f730
2024-12-07T22:32:24.781-03:00 DEBUG 33551 --- [pagamentoService] [           main] org.hibernate.type.BasicTypeRegistry     : Adding type registration materialized_blob -> org.hibernate.type.BasicTypeReference@3b11620a
2024-12-07T22:32:24.781-03:00 DEBUG 33551 --- [pagamentoService] [           main] org.hibernate.type.BasicTypeRegistry     : Adding type registration materialized_blob_wrapper -> org.hibernate.type.BasicTypeReference@2fd1ad8a
2024-12-07T22:32:24.781-03:00 DEBUG 33551 --- [pagamentoService] [           main] org.hibernate.type.BasicTypeRegistry     : Adding type registration short -> org.hibernate.type.BasicTypeReference@357f6391
2024-12-07T22:32:24.781-03:00 DEBUG 33551 --- [pagamentoService] [           main] org.hibernate.type.BasicTypeRegistry     : Adding type registration short -> org.hibernate.type.BasicTypeReference@357f6391
2024-12-07T22:32:24.782-03:00 DEBUG 33551 --- [pagamentoService] [           main] org.hibernate.type.BasicTypeRegistry     : Adding type registration java.lang.Short -> org.hibernate.type.BasicTypeReference@357f6391
2024-12-07T22:32:24.782-03:00 DEBUG 33551 --- [pagamentoService] [           main] org.hibernate.type.BasicTypeRegistry     : Adding type registration integer -> org.hibernate.type.BasicTypeReference@689faf79
2024-12-07T22:32:24.782-03:00 DEBUG 33551 --- [pagamentoService] [           main] org.hibernate.type.BasicTypeRegistry     : Adding type registration int -> org.hibernate.type.BasicTypeReference@689faf79
2024-12-07T22:32:24.782-03:00 DEBUG 33551 --- [pagamentoService] [           main] org.hibernate.type.BasicTypeRegistry     : Adding type registration java.lang.Integer -> org.hibernate.type.BasicTypeReference@689faf79
2024-12-07T22:32:24.782-03:00 DEBUG 33551 --- [pagamentoService] [           main] org.hibernate.type.BasicTypeRegistry     : Adding type registration long -> org.hibernate.type.BasicTypeReference@582e9152
2024-12-07T22:32:24.782-03:00 DEBUG 33551 --- [pagamentoService] [           main] org.hibernate.type.BasicTypeRegistry     : Adding type registration long -> org.hibernate.type.BasicTypeReference@582e9152
2024-12-07T22:32:24.782-03:00 DEBUG 33551 --- [pagamentoService] [           main] org.hibernate.type.BasicTypeRegistry     : Adding type registration java.lang.Long -> org.hibernate.type.BasicTypeReference@582e9152
2024-12-07T22:32:24.783-03:00 DEBUG 33551 --- [pagamentoService] [           main] org.hibernate.type.BasicTypeRegistry     : Adding type registration float -> org.hibernate.type.BasicTypeReference@7a31ca20
2024-12-07T22:32:24.783-03:00 DEBUG 33551 --- [pagamentoService] [           main] org.hibernate.type.BasicTypeRegistry     : Adding type registration float -> org.hibernate.type.BasicTypeReference@7a31ca20
2024-12-07T22:32:24.783-03:00 DEBUG 33551 --- [pagamentoService] [           main] org.hibernate.type.BasicTypeRegistry     : Adding type registration java.lang.Float -> org.hibernate.type.BasicTypeReference@7a31ca20
2024-12-07T22:32:24.783-03:00 DEBUG 33551 --- [pagamentoService] [           main] org.hibernate.type.BasicTypeRegistry     : Adding type registration double -> org.hibernate.type.BasicTypeReference@349c4d1c
2024-12-07T22:32:24.783-03:00 DEBUG 33551 --- [pagamentoService] [           main] org.hibernate.type.BasicTypeRegistry     : Adding type registration double -> org.hibernate.type.BasicTypeReference@349c4d1c
2024-12-07T22:32:24.783-03:00 DEBUG 33551 --- [pagamentoService] [           main] org.hibernate.type.BasicTypeRegistry     : Adding type registration java.lang.Double -> org.hibernate.type.BasicTypeReference@349c4d1c
2024-12-07T22:32:24.783-03:00 DEBUG 33551 --- [pagamentoService] [           main] org.hibernate.type.BasicTypeRegistry     : Adding type registration big_integer -> org.hibernate.type.BasicTypeReference@21edd891
2024-12-07T22:32:24.783-03:00 DEBUG 33551 --- [pagamentoService] [           main] org.hibernate.type.BasicTypeRegistry     : Adding type registration java.math.BigInteger -> org.hibernate.type.BasicTypeReference@21edd891
2024-12-07T22:32:24.783-03:00 DEBUG 33551 --- [pagamentoService] [           main] org.hibernate.type.BasicTypeRegistry     : Adding type registration big_decimal -> org.hibernate.type.BasicTypeReference@de579ff
2024-12-07T22:32:24.783-03:00 DEBUG 33551 --- [pagamentoService] [           main] org.hibernate.type.BasicTypeRegistry     : Adding type registration java.math.BigDecimal -> org.hibernate.type.BasicTypeReference@de579ff
2024-12-07T22:32:24.783-03:00 DEBUG 33551 --- [pagamentoService] [           main] org.hibernate.type.BasicTypeRegistry     : Adding type registration character -> org.hibernate.type.BasicTypeReference@7971c2a9
2024-12-07T22:32:24.784-03:00 DEBUG 33551 --- [pagamentoService] [           main] org.hibernate.type.BasicTypeRegistry     : Adding type registration char -> org.hibernate.type.BasicTypeReference@7971c2a9
2024-12-07T22:32:24.784-03:00 DEBUG 33551 --- [pagamentoService] [           main] org.hibernate.type.BasicTypeRegistry     : Adding type registration java.lang.Character -> org.hibernate.type.BasicTypeReference@7971c2a9
2024-12-07T22:32:24.784-03:00 DEBUG 33551 --- [pagamentoService] [           main] org.hibernate.type.BasicTypeRegistry     : Adding type registration character_nchar -> org.hibernate.type.BasicTypeReference@2fd39436
2024-12-07T22:32:24.784-03:00 DEBUG 33551 --- [pagamentoService] [           main] org.hibernate.type.BasicTypeRegistry     : Adding type registration string -> org.hibernate.type.BasicTypeReference@60b5e80d
2024-12-07T22:32:24.784-03:00 DEBUG 33551 --- [pagamentoService] [           main] org.hibernate.type.BasicTypeRegistry     : Adding type registration java.lang.String -> org.hibernate.type.BasicTypeReference@60b5e80d
2024-12-07T22:32:24.784-03:00 DEBUG 33551 --- [pagamentoService] [           main] org.hibernate.type.BasicTypeRegistry     : Adding type registration nstring -> org.hibernate.type.BasicTypeReference@46394f65
2024-12-07T22:32:24.784-03:00 DEBUG 33551 --- [pagamentoService] [           main] org.hibernate.type.BasicTypeRegistry     : Adding type registration characters -> org.hibernate.type.BasicTypeReference@31aab981
2024-12-07T22:32:24.784-03:00 DEBUG 33551 --- [pagamentoService] [           main] org.hibernate.type.BasicTypeRegistry     : Adding type registration char[] -> org.hibernate.type.BasicTypeReference@31aab981
2024-12-07T22:32:24.784-03:00 DEBUG 33551 --- [pagamentoService] [           main] org.hibernate.type.BasicTypeRegistry     : Adding type registration [C -> org.hibernate.type.BasicTypeReference@31aab981
2024-12-07T22:32:24.784-03:00 DEBUG 33551 --- [pagamentoService] [           main] org.hibernate.type.BasicTypeRegistry     : Adding type registration wrapper-characters -> org.hibernate.type.BasicTypeReference@26be9a6
2024-12-07T22:32:24.784-03:00 DEBUG 33551 --- [pagamentoService] [           main] org.hibernate.type.BasicTypeRegistry     : Adding type registration text -> org.hibernate.type.BasicTypeReference@4d518c66
2024-12-07T22:32:24.784-03:00 DEBUG 33551 --- [pagamentoService] [           main] org.hibernate.type.BasicTypeRegistry     : Adding type registration ntext -> org.hibernate.type.BasicTypeReference@411fa0ce
2024-12-07T22:32:24.784-03:00 DEBUG 33551 --- [pagamentoService] [           main] org.hibernate.type.BasicTypeRegistry     : Adding type registration clob -> org.hibernate.type.BasicTypeReference@251d7fdd
2024-12-07T22:32:24.784-03:00 DEBUG 33551 --- [pagamentoService] [           main] org.hibernate.type.BasicTypeRegistry     : Adding type registration java.sql.Clob -> org.hibernate.type.BasicTypeReference@251d7fdd
2024-12-07T22:32:24.784-03:00 DEBUG 33551 --- [pagamentoService] [           main] org.hibernate.type.BasicTypeRegistry     : Adding type registration nclob -> org.hibernate.type.BasicTypeReference@78e68401
2024-12-07T22:32:24.785-03:00 DEBUG 33551 --- [pagamentoService] [           main] org.hibernate.type.BasicTypeRegistry     : Adding type registration java.sql.NClob -> org.hibernate.type.BasicTypeReference@78e68401
2024-12-07T22:32:24.785-03:00 DEBUG 33551 --- [pagamentoService] [           main] org.hibernate.type.BasicTypeRegistry     : Adding type registration materialized_clob -> org.hibernate.type.BasicTypeReference@391515c7
2024-12-07T22:32:24.785-03:00 DEBUG 33551 --- [pagamentoService] [           main] org.hibernate.type.BasicTypeRegistry     : Adding type registration materialized_clob_char_array -> org.hibernate.type.BasicTypeReference@5b0dbfb
2024-12-07T22:32:24.785-03:00 DEBUG 33551 --- [pagamentoService] [           main] org.hibernate.type.BasicTypeRegistry     : Adding type registration materialized_clob_character_array -> org.hibernate.type.BasicTypeReference@4b9dbf07
2024-12-07T22:32:24.785-03:00 DEBUG 33551 --- [pagamentoService] [           main] org.hibernate.type.BasicTypeRegistry     : Adding type registration materialized_nclob -> org.hibernate.type.BasicTypeReference@797fcf9
2024-12-07T22:32:24.785-03:00 DEBUG 33551 --- [pagamentoService] [           main] org.hibernate.type.BasicTypeRegistry     : Adding type registration materialized_nclob_character_array -> org.hibernate.type.BasicTypeReference@16bd7ae1
2024-12-07T22:32:24.785-03:00 DEBUG 33551 --- [pagamentoService] [           main] org.hibernate.type.BasicTypeRegistry     : Adding type registration materialized_nclob_char_array -> org.hibernate.type.BasicTypeReference@15d114ce
2024-12-07T22:32:24.785-03:00 DEBUG 33551 --- [pagamentoService] [           main] org.hibernate.type.BasicTypeRegistry     : Adding type registration Duration -> org.hibernate.type.BasicTypeReference@3312f4f4
2024-12-07T22:32:24.785-03:00 DEBUG 33551 --- [pagamentoService] [           main] org.hibernate.type.BasicTypeRegistry     : Adding type registration java.time.Duration -> org.hibernate.type.BasicTypeReference@3312f4f4
2024-12-07T22:32:24.785-03:00 DEBUG 33551 --- [pagamentoService] [           main] org.hibernate.type.BasicTypeRegistry     : Adding type registration LocalDateTime -> org.hibernate.type.BasicTypeReference@b5aa65b
2024-12-07T22:32:24.785-03:00 DEBUG 33551 --- [pagamentoService] [           main] org.hibernate.type.BasicTypeRegistry     : Adding type registration java.time.LocalDateTime -> org.hibernate.type.BasicTypeReference@b5aa65b
2024-12-07T22:32:24.785-03:00 DEBUG 33551 --- [pagamentoService] [           main] org.hibernate.type.BasicTypeRegistry     : Adding type registration LocalDate -> org.hibernate.type.BasicTypeReference@76cdafa3
2024-12-07T22:32:24.785-03:00 DEBUG 33551 --- [pagamentoService] [           main] org.hibernate.type.BasicTypeRegistry     : Adding type registration java.time.LocalDate -> org.hibernate.type.BasicTypeReference@76cdafa3
2024-12-07T22:32:24.785-03:00 DEBUG 33551 --- [pagamentoService] [           main] org.hibernate.type.BasicTypeRegistry     : Adding type registration LocalTime -> org.hibernate.type.BasicTypeReference@6b27b2d0
2024-12-07T22:32:24.785-03:00 DEBUG 33551 --- [pagamentoService] [           main] org.hibernate.type.BasicTypeRegistry     : Adding type registration java.time.LocalTime -> org.hibernate.type.BasicTypeReference@6b27b2d0
2024-12-07T22:32:24.785-03:00 DEBUG 33551 --- [pagamentoService] [           main] org.hibernate.type.BasicTypeRegistry     : Adding type registration OffsetDateTime -> org.hibernate.type.BasicTypeReference@4fb64e14
2024-12-07T22:32:24.786-03:00 DEBUG 33551 --- [pagamentoService] [           main] org.hibernate.type.BasicTypeRegistry     : Adding type registration java.time.OffsetDateTime -> org.hibernate.type.BasicTypeReference@4fb64e14
2024-12-07T22:32:24.786-03:00 DEBUG 33551 --- [pagamentoService] [           main] org.hibernate.type.BasicTypeRegistry     : Adding type registration OffsetDateTimeWithTimezone -> org.hibernate.type.BasicTypeReference@118041c7
2024-12-07T22:32:24.786-03:00 DEBUG 33551 --- [pagamentoService] [           main] org.hibernate.type.BasicTypeRegistry     : Adding type registration OffsetDateTimeWithoutTimezone -> org.hibernate.type.BasicTypeReference@a2b54e3
2024-12-07T22:32:24.786-03:00 DEBUG 33551 --- [pagamentoService] [           main] org.hibernate.type.BasicTypeRegistry     : Adding type registration OffsetTime -> org.hibernate.type.BasicTypeReference@5c4cc644
2024-12-07T22:32:24.786-03:00 DEBUG 33551 --- [pagamentoService] [           main] org.hibernate.type.BasicTypeRegistry     : Adding type registration java.time.OffsetTime -> org.hibernate.type.BasicTypeReference@5c4cc644
2024-12-07T22:32:24.786-03:00 DEBUG 33551 --- [pagamentoService] [           main] org.hibernate.type.BasicTypeRegistry     : Adding type registration OffsetTimeUtc -> org.hibernate.type.BasicTypeReference@21f7e537
2024-12-07T22:32:24.786-03:00 DEBUG 33551 --- [pagamentoService] [           main] org.hibernate.type.BasicTypeRegistry     : Adding type registration OffsetTimeWithTimezone -> org.hibernate.type.BasicTypeReference@32ea16b7
2024-12-07T22:32:24.786-03:00 DEBUG 33551 --- [pagamentoService] [           main] org.hibernate.type.BasicTypeRegistry     : Adding type registration OffsetTimeWithoutTimezone -> org.hibernate.type.BasicTypeReference@62b6c045
2024-12-07T22:32:24.786-03:00 DEBUG 33551 --- [pagamentoService] [           main] org.hibernate.type.BasicTypeRegistry     : Adding type registration ZonedDateTime -> org.hibernate.type.BasicTypeReference@58f254b1
2024-12-07T22:32:24.786-03:00 DEBUG 33551 --- [pagamentoService] [           main] org.hibernate.type.BasicTypeRegistry     : Adding type registration java.time.ZonedDateTime -> org.hibernate.type.BasicTypeReference@58f254b1
2024-12-07T22:32:24.786-03:00 DEBUG 33551 --- [pagamentoService] [           main] org.hibernate.type.BasicTypeRegistry     : Adding type registration ZonedDateTimeWithTimezone -> org.hibernate.type.BasicTypeReference@46b2dcc5
2024-12-07T22:32:24.786-03:00 DEBUG 33551 --- [pagamentoService] [           main] org.hibernate.type.BasicTypeRegistry     : Adding type registration ZonedDateTimeWithoutTimezone -> org.hibernate.type.BasicTypeReference@240f350a
2024-12-07T22:32:24.786-03:00 DEBUG 33551 --- [pagamentoService] [           main] org.hibernate.type.BasicTypeRegistry     : Adding type registration date -> org.hibernate.type.BasicTypeReference@706f6d26
2024-12-07T22:32:24.786-03:00 DEBUG 33551 --- [pagamentoService] [           main] org.hibernate.type.BasicTypeRegistry     : Adding type registration java.sql.Date -> org.hibernate.type.BasicTypeReference@706f6d26
2024-12-07T22:32:24.786-03:00 DEBUG 33551 --- [pagamentoService] [           main] org.hibernate.type.BasicTypeRegistry     : Adding type registration time -> org.hibernate.type.BasicTypeReference@3af2f846
2024-12-07T22:32:24.786-03:00 DEBUG 33551 --- [pagamentoService] [           main] org.hibernate.type.BasicTypeRegistry     : Adding type registration java.sql.Time -> org.hibernate.type.BasicTypeReference@3af2f846
2024-12-07T22:32:24.787-03:00 DEBUG 33551 --- [pagamentoService] [           main] org.hibernate.type.BasicTypeRegistry     : Adding type registration timestamp -> org.hibernate.type.BasicTypeReference@6af65f29
2024-12-07T22:32:24.787-03:00 DEBUG 33551 --- [pagamentoService] [           main] org.hibernate.type.BasicTypeRegistry     : Adding type registration java.sql.Timestamp -> org.hibernate.type.BasicTypeReference@6af65f29
2024-12-07T22:32:24.787-03:00 DEBUG 33551 --- [pagamentoService] [           main] org.hibernate.type.BasicTypeRegistry     : Adding type registration java.util.Date -> org.hibernate.type.BasicTypeReference@6af65f29
2024-12-07T22:32:24.787-03:00 DEBUG 33551 --- [pagamentoService] [           main] org.hibernate.type.BasicTypeRegistry     : Adding type registration calendar -> org.hibernate.type.BasicTypeReference@370c9018
2024-12-07T22:32:24.787-03:00 DEBUG 33551 --- [pagamentoService] [           main] org.hibernate.type.BasicTypeRegistry     : Adding type registration java.util.Calendar -> org.hibernate.type.BasicTypeReference@370c9018
2024-12-07T22:32:24.787-03:00 DEBUG 33551 --- [pagamentoService] [           main] org.hibernate.type.BasicTypeRegistry     : Adding type registration java.util.GregorianCalendar -> org.hibernate.type.BasicTypeReference@370c9018
2024-12-07T22:32:24.787-03:00 DEBUG 33551 --- [pagamentoService] [           main] org.hibernate.type.BasicTypeRegistry     : Adding type registration calendar_date -> org.hibernate.type.BasicTypeReference@3c81cd82
2024-12-07T22:32:24.787-03:00 DEBUG 33551 --- [pagamentoService] [           main] org.hibernate.type.BasicTypeRegistry     : Adding type registration calendar_time -> org.hibernate.type.BasicTypeReference@111c229c
2024-12-07T22:32:24.787-03:00 DEBUG 33551 --- [pagamentoService] [           main] org.hibernate.type.BasicTypeRegistry     : Adding type registration instant -> org.hibernate.type.BasicTypeReference@49cb3881
2024-12-07T22:32:24.787-03:00 DEBUG 33551 --- [pagamentoService] [           main] org.hibernate.type.BasicTypeRegistry     : Adding type registration java.time.Instant -> org.hibernate.type.BasicTypeReference@49cb3881
2024-12-07T22:32:24.787-03:00 DEBUG 33551 --- [pagamentoService] [           main] org.hibernate.type.BasicTypeRegistry     : Adding type registration uuid -> org.hibernate.type.BasicTypeReference@1a14fdf0
2024-12-07T22:32:24.787-03:00 DEBUG 33551 --- [pagamentoService] [           main] org.hibernate.type.BasicTypeRegistry     : Adding type registration java.util.UUID -> org.hibernate.type.BasicTypeReference@1a14fdf0
2024-12-07T22:32:24.787-03:00 DEBUG 33551 --- [pagamentoService] [           main] org.hibernate.type.BasicTypeRegistry     : Adding type registration pg-uuid -> org.hibernate.type.BasicTypeReference@1a14fdf0
2024-12-07T22:32:24.787-03:00 DEBUG 33551 --- [pagamentoService] [           main] org.hibernate.type.BasicTypeRegistry     : Adding type registration uuid-binary -> org.hibernate.type.BasicTypeReference@284bdeed
2024-12-07T22:32:24.787-03:00 DEBUG 33551 --- [pagamentoService] [           main] org.hibernate.type.BasicTypeRegistry     : Adding type registration uuid-char -> org.hibernate.type.BasicTypeReference@58b311ba
2024-12-07T22:32:24.787-03:00 DEBUG 33551 --- [pagamentoService] [           main] org.hibernate.type.BasicTypeRegistry     : Adding type registration class -> org.hibernate.type.BasicTypeReference@482c351d
2024-12-07T22:32:24.787-03:00 DEBUG 33551 --- [pagamentoService] [           main] org.hibernate.type.BasicTypeRegistry     : Adding type registration java.lang.Class -> org.hibernate.type.BasicTypeReference@482c351d
2024-12-07T22:32:24.788-03:00 DEBUG 33551 --- [pagamentoService] [           main] org.hibernate.type.BasicTypeRegistry     : Adding type registration currency -> org.hibernate.type.BasicTypeReference@75eaba95
2024-12-07T22:32:24.788-03:00 DEBUG 33551 --- [pagamentoService] [           main] org.hibernate.type.BasicTypeRegistry     : Adding type registration Currency -> org.hibernate.type.BasicTypeReference@75eaba95
2024-12-07T22:32:24.788-03:00 DEBUG 33551 --- [pagamentoService] [           main] org.hibernate.type.BasicTypeRegistry     : Adding type registration java.util.Currency -> org.hibernate.type.BasicTypeReference@75eaba95
2024-12-07T22:32:24.788-03:00 DEBUG 33551 --- [pagamentoService] [           main] org.hibernate.type.BasicTypeRegistry     : Adding type registration locale -> org.hibernate.type.BasicTypeReference@320be73
2024-12-07T22:32:24.788-03:00 DEBUG 33551 --- [pagamentoService] [           main] org.hibernate.type.BasicTypeRegistry     : Adding type registration java.util.Locale -> org.hibernate.type.BasicTypeReference@320be73
2024-12-07T22:32:24.788-03:00 DEBUG 33551 --- [pagamentoService] [           main] org.hibernate.type.BasicTypeRegistry     : Adding type registration serializable -> org.hibernate.type.BasicTypeReference@435e416c
2024-12-07T22:32:24.788-03:00 DEBUG 33551 --- [pagamentoService] [           main] org.hibernate.type.BasicTypeRegistry     : Adding type registration java.io.Serializable -> org.hibernate.type.BasicTypeReference@435e416c
2024-12-07T22:32:24.788-03:00 DEBUG 33551 --- [pagamentoService] [           main] org.hibernate.type.BasicTypeRegistry     : Adding type registration timezone -> org.hibernate.type.BasicTypeReference@6af310c7
2024-12-07T22:32:24.788-03:00 DEBUG 33551 --- [pagamentoService] [           main] org.hibernate.type.BasicTypeRegistry     : Adding type registration java.util.TimeZone -> org.hibernate.type.BasicTypeReference@6af310c7
2024-12-07T22:32:24.788-03:00 DEBUG 33551 --- [pagamentoService] [           main] org.hibernate.type.BasicTypeRegistry     : Adding type registration ZoneOffset -> org.hibernate.type.BasicTypeReference@4aed311e
2024-12-07T22:32:24.788-03:00 DEBUG 33551 --- [pagamentoService] [           main] org.hibernate.type.BasicTypeRegistry     : Adding type registration java.time.ZoneOffset -> org.hibernate.type.BasicTypeReference@4aed311e
2024-12-07T22:32:24.788-03:00 DEBUG 33551 --- [pagamentoService] [           main] org.hibernate.type.BasicTypeRegistry     : Adding type registration url -> org.hibernate.type.BasicTypeReference@4c38cd16
2024-12-07T22:32:24.788-03:00 DEBUG 33551 --- [pagamentoService] [           main] org.hibernate.type.BasicTypeRegistry     : Adding type registration java.net.URL -> org.hibernate.type.BasicTypeReference@4c38cd16
2024-12-07T22:32:24.788-03:00 DEBUG 33551 --- [pagamentoService] [           main] org.hibernate.type.BasicTypeRegistry     : Adding type registration vector -> org.hibernate.type.BasicTypeReference@7ddcb0dc
2024-12-07T22:32:24.788-03:00 DEBUG 33551 --- [pagamentoService] [           main] org.hibernate.type.BasicTypeRegistry     : Adding type registration row_version -> org.hibernate.type.BasicTypeReference@f5bf288
2024-12-07T22:32:24.791-03:00 DEBUG 33551 --- [pagamentoService] [           main] org.hibernate.type.BasicTypeRegistry     : Adding type registration object -> org.hibernate.type.JavaObjectType@1eca3ea7
2024-12-07T22:32:24.791-03:00 DEBUG 33551 --- [pagamentoService] [           main] org.hibernate.type.BasicTypeRegistry     : Adding type registration java.lang.Object -> org.hibernate.type.JavaObjectType@1eca3ea7
2024-12-07T22:32:24.792-03:00 DEBUG 33551 --- [pagamentoService] [           main] org.hibernate.type.BasicTypeRegistry     : Adding type registration null -> org.hibernate.type.NullType@6d5f4900
2024-12-07T22:32:24.792-03:00 DEBUG 33551 --- [pagamentoService] [           main] org.hibernate.type.BasicTypeRegistry     : Adding type registration imm_date -> org.hibernate.type.BasicTypeReference@1e40fbb3
2024-12-07T22:32:24.792-03:00 DEBUG 33551 --- [pagamentoService] [           main] org.hibernate.type.BasicTypeRegistry     : Adding type registration imm_time -> org.hibernate.type.BasicTypeReference@1b560eb0
2024-12-07T22:32:24.792-03:00 DEBUG 33551 --- [pagamentoService] [           main] org.hibernate.type.BasicTypeRegistry     : Adding type registration imm_timestamp -> org.hibernate.type.BasicTypeReference@9e02f84
2024-12-07T22:32:24.792-03:00 DEBUG 33551 --- [pagamentoService] [           main] org.hibernate.type.BasicTypeRegistry     : Adding type registration imm_calendar -> org.hibernate.type.BasicTypeReference@1e6060f1
2024-12-07T22:32:24.792-03:00 DEBUG 33551 --- [pagamentoService] [           main] org.hibernate.type.BasicTypeRegistry     : Adding type registration imm_calendar_date -> org.hibernate.type.BasicTypeReference@7e49ded
2024-12-07T22:32:24.792-03:00 DEBUG 33551 --- [pagamentoService] [           main] org.hibernate.type.BasicTypeRegistry     : Adding type registration imm_calendar_time -> org.hibernate.type.BasicTypeReference@2c6c302f
2024-12-07T22:32:24.792-03:00 DEBUG 33551 --- [pagamentoService] [           main] org.hibernate.type.BasicTypeRegistry     : Adding type registration imm_binary -> org.hibernate.type.BasicTypeReference@2478b629
2024-12-07T22:32:24.792-03:00 DEBUG 33551 --- [pagamentoService] [           main] org.hibernate.type.BasicTypeRegistry     : Adding type registration imm_serializable -> org.hibernate.type.BasicTypeReference@39023dbf
2024-12-07T22:32:24.795-03:00 DEBUG 33551 --- [pagamentoService] [           main] o.h.boot.internal.BootstrapContextImpl   : Injecting JPA temp ClassLoader [org.springframework.instrument.classloading.SimpleThrowawayClassLoader@2871ac91] into BootstrapContext; was [null]
2024-12-07T22:32:24.795-03:00 DEBUG 33551 --- [pagamentoService] [           main] o.h.boot.internal.ClassLoaderAccessImpl  : ClassLoaderAccessImpl#injectTempClassLoader(org.springframework.instrument.classloading.SimpleThrowawayClassLoader@2871ac91) [was null]
2024-12-07T22:32:24.795-03:00 DEBUG 33551 --- [pagamentoService] [           main] o.h.boot.internal.BootstrapContextImpl   : Injecting ScanEnvironment [org.hibernate.jpa.boot.internal.StandardJpaScanEnvironmentImpl@3fde2209] into BootstrapContext; was [null]
2024-12-07T22:32:24.795-03:00 DEBUG 33551 --- [pagamentoService] [           main] o.h.boot.internal.BootstrapContextImpl   : Injecting ScanOptions [org.hibernate.boot.archive.scan.internal.StandardScanOptions@1f916219] into BootstrapContext; was [org.hibernate.boot.archive.scan.internal.StandardScanOptions@67acfde9]
2024-12-07T22:32:24.930-03:00  INFO 33551 --- [pagamentoService] [           main] o.s.o.j.p.SpringPersistenceUnitInfo      : No LoadTimeWeaver setup: ignoring JPA class transformer
2024-12-07T22:32:24.930-03:00 DEBUG 33551 --- [pagamentoService] [           main] o.h.boot.internal.BootstrapContextImpl   : Injecting JPA temp ClassLoader [null] into BootstrapContext; was [org.springframework.instrument.classloading.SimpleThrowawayClassLoader@2871ac91]
2024-12-07T22:32:24.930-03:00 DEBUG 33551 --- [pagamentoService] [           main] o.h.boot.internal.ClassLoaderAccessImpl  : ClassLoaderAccessImpl#injectTempClassLoader(null) [was org.springframework.instrument.classloading.SimpleThrowawayClassLoader@2871ac91]
2024-12-07T22:32:24.948-03:00  INFO 33551 --- [pagamentoService] [           main] com.zaxxer.hikari.HikariDataSource       : HikariPool-1 - Starting...
2024-12-07T22:32:25.231-03:00  INFO 33551 --- [pagamentoService] [           main] com.zaxxer.hikari.pool.HikariPool        : HikariPool-1 - Added connection oracle.jdbc.driver.T4CConnection@2c0798bd
2024-12-07T22:32:25.232-03:00  INFO 33551 --- [pagamentoService] [           main] com.zaxxer.hikari.HikariDataSource       : HikariPool-1 - Start completed.
2024-12-07T22:32:25.236-03:00 DEBUG 33551 --- [pagamentoService] [           main] o.h.e.j.e.i.JdbcEnvironmentInitiator     : Database ->
	   name : Oracle
	version : Oracle Database 21c Express Edition Release 21.0.0.0.0 - Production
Version 21.3.0.0.0
	  major : 21
	  minor : 3
2024-12-07T22:32:25.236-03:00 DEBUG 33551 --- [pagamentoService] [           main] o.h.e.j.e.i.JdbcEnvironmentInitiator     : Driver ->
	   name : Oracle JDBC driver
	version : 23.2.0.0.0
	  major : 23
	  minor : 2
2024-12-07T22:32:25.236-03:00 DEBUG 33551 --- [pagamentoService] [           main] o.h.e.j.e.i.JdbcEnvironmentInitiator     : JDBC version : 4.3
2024-12-07T22:32:25.328-03:00 DEBUG 33551 --- [pagamentoService] [           main] org.hibernate.orm.dialect                : HHH035001: Using dialect: org.hibernate.dialect.OracleDialect, version: 21.3
2024-12-07T22:32:25.376-03:00 DEBUG 33551 --- [pagamentoService] [           main] o.h.t.d.jdbc.spi.JdbcTypeRegistry        : addDescriptor(NCharTypeDescriptor) replaced previous registration(CharTypeDescriptor)
2024-12-07T22:32:25.376-03:00 DEBUG 33551 --- [pagamentoService] [           main] o.h.t.d.jdbc.spi.JdbcTypeRegistry        : addDescriptor(NVarcharTypeDescriptor) replaced previous registration(VarcharTypeDescriptor)
2024-12-07T22:32:25.376-03:00 DEBUG 33551 --- [pagamentoService] [           main] o.h.t.d.jdbc.spi.JdbcTypeRegistry        : addDescriptor(LongNVarcharTypeDescriptor) replaced previous registration(LongVarcharTypeDescriptor)
2024-12-07T22:32:25.377-03:00 DEBUG 33551 --- [pagamentoService] [           main] o.h.t.d.jdbc.spi.JdbcTypeRegistry        : addDescriptor(NClobTypeDescriptor(DEFAULT)) replaced previous registration(ClobTypeDescriptor(DEFAULT))
2024-12-07T22:32:25.377-03:00 DEBUG 33551 --- [pagamentoService] [           main] o.h.t.d.jdbc.spi.JdbcTypeRegistry        : addDescriptor(2005, ClobTypeDescriptor(STREAM_BINDING)) replaced previous registration(ClobTypeDescriptor(DEFAULT))
2024-12-07T22:32:25.378-03:00 DEBUG 33551 --- [pagamentoService] [           main] o.h.t.d.jdbc.spi.JdbcTypeRegistry        : addDescriptor(BooleanTypeDescriptor) replaced previous registration(BooleanTypeDescriptor)
2024-12-07T22:32:25.383-03:00 DEBUG 33551 --- [pagamentoService] [           main] org.hibernate.type.BasicTypeRegistry     : Adding type registration null -> org.hibernate.type.NullType@1626bddf
2024-12-07T22:32:25.383-03:00 DEBUG 33551 --- [pagamentoService] [           main] org.hibernate.type.BasicTypeRegistry     : Type registration key [null] overrode previous entry : `org.hibernate.type.NullType@6d5f4900`
2024-12-07T22:32:25.383-03:00 DEBUG 33551 --- [pagamentoService] [           main] org.hibernate.type.BasicTypeRegistry     : Adding type registration JAVA_OBJECT -> org.hibernate.type.JavaObjectType@5b64f771
2024-12-07T22:32:25.384-03:00 DEBUG 33551 --- [pagamentoService] [           main] org.hibernate.type.BasicTypeRegistry     : Adding type registration java.lang.Object -> org.hibernate.type.JavaObjectType@5b64f771
2024-12-07T22:32:25.384-03:00 DEBUG 33551 --- [pagamentoService] [           main] org.hibernate.type.BasicTypeRegistry     : Type registration key [java.lang.Object] overrode previous entry : `org.hibernate.type.JavaObjectType@1eca3ea7`
2024-12-07T22:32:25.386-03:00 DEBUG 33551 --- [pagamentoService] [           main] org.hibernate.type.BasicTypeRegistry     : Adding type registration org.hibernate.type.DurationType -> basicType@1(java.time.Duration,3015)
2024-12-07T22:32:25.386-03:00 DEBUG 33551 --- [pagamentoService] [           main] org.hibernate.type.BasicTypeRegistry     : Adding type registration Duration -> basicType@1(java.time.Duration,3015)
2024-12-07T22:32:25.386-03:00 DEBUG 33551 --- [pagamentoService] [           main] org.hibernate.type.BasicTypeRegistry     : Adding type registration java.time.Duration -> basicType@1(java.time.Duration,3015)
2024-12-07T22:32:25.387-03:00 DEBUG 33551 --- [pagamentoService] [           main] o.h.type.spi.TypeConfiguration$Scope     : Scoping TypeConfiguration [org.hibernate.type.spi.TypeConfiguration@6b86826a] to MetadataBuildingContext [org.hibernate.boot.internal.MetadataBuildingContextRootImpl@3c2dda7c]
2024-12-07T22:32:25.406-03:00 DEBUG 33551 --- [pagamentoService] [           main] o.h.boot.model.relational.Namespace      : Created database namespace [logicalName=Name{catalog=null, schema=null}, physicalName=Name{catalog=null, schema=null}]
2024-12-07T22:32:25.423-03:00 DEBUG 33551 --- [pagamentoService] [           main] o.h.boot.model.internal.EntityBinder     : Binding entity from annotated class: com.example.pagamentoService.entidade.Cliente
2024-12-07T22:32:25.427-03:00 DEBUG 33551 --- [pagamentoService] [           main] o.h.boot.model.internal.EntityBinder     : Import with entity name Cliente
2024-12-07T22:32:25.429-03:00 DEBUG 33551 --- [pagamentoService] [           main] o.h.boot.model.relational.Namespace      : Created database namespace [logicalName=Name{catalog=null, schema=API_PGTOS}, physicalName=Name{catalog=null, schema=api_pgtos}]
2024-12-07T22:32:25.431-03:00 DEBUG 33551 --- [pagamentoService] [           main] o.h.boot.model.internal.EntityBinder     : Bind entity com.example.pagamentoService.entidade.Cliente on table clientes
2024-12-07T22:32:25.437-03:00 DEBUG 33551 --- [pagamentoService] [           main] o.h.boot.model.internal.AnnotatedColumn  : Binding column: AnnotatedDiscriminatorColumn(column='DTYPE')
2024-12-07T22:32:25.450-03:00 DEBUG 33551 --- [pagamentoService] [           main] o.h.boot.model.internal.AnnotatedColumn  : Binding column: AnnotatedColumn(column='NUM_SEQ_CLIENTE')
2024-12-07T22:32:25.451-03:00 DEBUG 33551 --- [pagamentoService] [           main] o.h.boot.internal.ClassLoaderAccessImpl  : Not known whether passed class name [com.example.pagamentoService.entidade.Cliente] is safe
2024-12-07T22:32:25.451-03:00 DEBUG 33551 --- [pagamentoService] [           main] o.h.boot.internal.ClassLoaderAccessImpl  : No temp ClassLoader provided; using live ClassLoader for loading potentially unsafe class : com.example.pagamentoService.entidade.Cliente
2024-12-07T22:32:25.453-03:00 DEBUG 33551 --- [pagamentoService] [           main] o.h.boot.model.internal.PropertyBinder   : MetadataSourceProcessor property id with lazy=false
2024-12-07T22:32:25.456-03:00 DEBUG 33551 --- [pagamentoService] [           main] o.h.b.m.internal.AbstractPropertyHolder  : Attempting to locate auto-apply AttributeConverter for property [com.example.pagamentoService.entidade.Cliente:id]
2024-12-07T22:32:25.458-03:00 DEBUG 33551 --- [pagamentoService] [           main] o.h.b.model.internal.BasicValueBinder    : building BasicValue for id
2024-12-07T22:32:25.460-03:00 DEBUG 33551 --- [pagamentoService] [           main] org.hibernate.mapping.BasicValue         : Skipping column re-registration: clientes.num_seq_cliente
2024-12-07T22:32:25.461-03:00 DEBUG 33551 --- [pagamentoService] [           main] o.h.boot.model.internal.PropertyBinder   : Building property id
2024-12-07T22:32:25.463-03:00 DEBUG 33551 --- [pagamentoService] [           main] o.h.boot.model.internal.BinderHelper     : #makeIdGenerator(BasicValue([Column(num_seq_cliente)]), id, identity, , ...)
2024-12-07T22:32:25.463-03:00 DEBUG 33551 --- [pagamentoService] [           main] o.h.boot.model.internal.AnnotatedColumn  : Binding column: AnnotatedColumn(column='CPF')
2024-12-07T22:32:25.464-03:00 DEBUG 33551 --- [pagamentoService] [           main] o.h.boot.model.internal.PropertyBinder   : MetadataSourceProcessor property cpf with lazy=false
2024-12-07T22:32:25.464-03:00 DEBUG 33551 --- [pagamentoService] [           main] o.h.b.m.internal.AbstractPropertyHolder  : Attempting to locate auto-apply AttributeConverter for property [com.example.pagamentoService.entidade.Cliente:cpf]
2024-12-07T22:32:25.464-03:00 DEBUG 33551 --- [pagamentoService] [           main] o.h.b.model.internal.BasicValueBinder    : building BasicValue for cpf
2024-12-07T22:32:25.464-03:00 DEBUG 33551 --- [pagamentoService] [           main] org.hibernate.mapping.BasicValue         : Skipping column re-registration: clientes.cpf
2024-12-07T22:32:25.464-03:00 DEBUG 33551 --- [pagamentoService] [           main] o.h.boot.model.internal.PropertyBinder   : Building property cpf
2024-12-07T22:32:25.464-03:00 DEBUG 33551 --- [pagamentoService] [           main] o.h.boot.model.internal.AnnotatedColumn  : Binding column: AnnotatedColumn(column='NOME')
2024-12-07T22:32:25.464-03:00 DEBUG 33551 --- [pagamentoService] [           main] o.h.boot.model.internal.PropertyBinder   : MetadataSourceProcessor property nome with lazy=false
2024-12-07T22:32:25.464-03:00 DEBUG 33551 --- [pagamentoService] [           main] o.h.b.m.internal.AbstractPropertyHolder  : Attempting to locate auto-apply AttributeConverter for property [com.example.pagamentoService.entidade.Cliente:nome]
2024-12-07T22:32:25.464-03:00 DEBUG 33551 --- [pagamentoService] [           main] o.h.b.model.internal.BasicValueBinder    : building BasicValue for nome
2024-12-07T22:32:25.464-03:00 DEBUG 33551 --- [pagamentoService] [           main] org.hibernate.mapping.BasicValue         : Skipping column re-registration: clientes.nome
2024-12-07T22:32:25.465-03:00 DEBUG 33551 --- [pagamentoService] [           main] o.h.boot.model.internal.PropertyBinder   : Building property nome
2024-12-07T22:32:25.465-03:00 DEBUG 33551 --- [pagamentoService] [           main] o.h.b.r.c.i.ClassLoaderServiceImpl       : HHH000194: Package not found or no package-info.java: com.example.pagamentoService.entidade
2024-12-07T22:32:25.468-03:00 DEBUG 33551 --- [pagamentoService] [           main] o.h.b.model.internal.BasicValueBinder    : Starting `BasicValueBinder#fillSimpleValue` for id
2024-12-07T22:32:25.469-03:00 DEBUG 33551 --- [pagamentoService] [           main] o.h.b.model.internal.BasicValueBinder    : Starting `BasicValueBinder#fillSimpleValue` for cpf
2024-12-07T22:32:25.469-03:00 DEBUG 33551 --- [pagamentoService] [           main] o.h.b.model.internal.BasicValueBinder    : Starting `BasicValueBinder#fillSimpleValue` for nome
2024-12-07T22:32:25.470-03:00 DEBUG 33551 --- [pagamentoService] [           main] org.hibernate.mapping.PrimaryKey         : Forcing column [num_seq_cliente] to be non-null as it is part of the primary key for table [clientes]
2024-12-07T22:32:25.511-03:00 DEBUG 33551 --- [pagamentoService] [           main] o.hibernate.internal.SessionFactoryImpl  : Building session factory
2024-12-07T22:32:25.536-03:00 DEBUG 33551 --- [pagamentoService] [           main] .h.s.i.SessionFactoryServiceRegistryImpl : EventListenerRegistry access via ServiceRegistry is deprecated.  Use `sessionFactory.getEventEngine().getListenerRegistry()` instead
2024-12-07T22:32:25.537-03:00 DEBUG 33551 --- [pagamentoService] [           main] o.hibernate.internal.SessionFactoryImpl  : Instantiating SessionFactory with settings: {java.specification.version=17, hibernate.resource.beans.container=org.springframework.orm.hibernate5.SpringBeanContainer@6068cda1, hibernate.connection.handling_mode=DELAYED_ACQUISITION_AND_HOLD, sun.jnu.encoding=UTF-8, hibernate.implicit_naming_strategy=org.springframework.boot.orm.jpa.hibernate.SpringImplicitNamingStrategy, java.class.path=/home/lzndev/Documents/workspace/code/git/pagamento-service/target/test-classes:/home/lzndev/Documents/workspace/code/git/pagamento-service/target/classes:/home/lzndev/.m2/repository/io/github/cdimascio/dotenv-java/2.2.0/dotenv-java-2.2.0.jar:/home/lzndev/.m2/repository/org/springframework/boot/spring-boot-starter-web/3.3.5/spring-boot-starter-web-3.3.5.jar:/home/lzndev/.m2/repository/org/springframework/boot/spring-boot-starter/3.3.5/spring-boot-starter-3.3.5.jar:/home/lzndev/.m2/repository/org/springframework/boot/spring-boot/3.3.5/spring-boot-3.3.5.jar:/home/lzndev/.m2/repository/org/springframework/boot/spring-boot-autoconfigure/3.3.5/spring-boot-autoconfigure-3.3.5.jar:/home/lzndev/.m2/repository/org/springframework/boot/spring-boot-starter-logging/3.3.5/spring-boot-starter-logging-3.3.5.jar:/home/lzndev/.m2/repository/ch/qos/logback/logback-classic/1.5.11/logback-classic-1.5.11.jar:/home/lzndev/.m2/repository/ch/qos/logback/logback-core/1.5.11/logback-core-1.5.11.jar:/home/lzndev/.m2/repository/org/apache/logging/log4j/log4j-to-slf4j/2.23.1/log4j-to-slf4j-2.23.1.jar:/home/lzndev/.m2/repository/org/apache/logging/log4j/log4j-api/2.23.1/log4j-api-2.23.1.jar:/home/lzndev/.m2/repository/org/slf4j/jul-to-slf4j/2.0.16/jul-to-slf4j-2.0.16.jar:/home/lzndev/.m2/repository/jakarta/annotation/jakarta.annotation-api/2.1.1/jakarta.annotation-api-2.1.1.jar:/home/lzndev/.m2/repository/org/yaml/snakeyaml/2.2/snakeyaml-2.2.jar:/home/lzndev/.m2/repository/org/springframework/boot/spring-boot-starter-json/3.3.5/spring-boot-starter-json-3.3.5.jar:/home/lzndev/.m2/repository/com/fasterxml/jackson/datatype/jackson-datatype-jdk8/2.17.2/jackson-datatype-jdk8-2.17.2.jar:/home/lzndev/.m2/repository/com/fasterxml/jackson/datatype/jackson-datatype-jsr310/2.17.2/jackson-datatype-jsr310-2.17.2.jar:/home/lzndev/.m2/repository/com/fasterxml/jackson/module/jackson-module-parameter-names/2.17.2/jackson-module-parameter-names-2.17.2.jar:/home/lzndev/.m2/repository/org/springframework/boot/spring-boot-starter-tomcat/3.3.5/spring-boot-starter-tomcat-3.3.5.jar:/home/lzndev/.m2/repository/org/apache/tomcat/embed/tomcat-embed-core/10.1.31/tomcat-embed-core-10.1.31.jar:/home/lzndev/.m2/repository/org/apache/tomcat/embed/tomcat-embed-el/10.1.31/tomcat-embed-el-10.1.31.jar:/home/lzndev/.m2/repository/org/apache/tomcat/embed/tomcat-embed-websocket/10.1.31/tomcat-embed-websocket-10.1.31.jar:/home/lzndev/.m2/repository/org/springframework/spring-web/6.1.14/spring-web-6.1.14.jar:/home/lzndev/.m2/repository/org/springframework/spring-beans/6.1.14/spring-beans-6.1.14.jar:/home/lzndev/.m2/repository/io/micrometer/micrometer-observation/1.13.6/micrometer-observation-1.13.6.jar:/home/lzndev/.m2/repository/io/micrometer/micrometer-commons/1.13.6/micrometer-commons-1.13.6.jar:/home/lzndev/.m2/repository/org/springframework/spring-webmvc/6.1.14/spring-webmvc-6.1.14.jar:/home/lzndev/.m2/repository/org/springframework/spring-context/6.1.14/spring-context-6.1.14.jar:/home/lzndev/.m2/repository/org/springframework/spring-expression/6.1.14/spring-expression-6.1.14.jar:/home/lzndev/.m2/repository/javax/xml/bind/jaxb-api/2.3.1/jaxb-api-2.3.1.jar:/home/lzndev/.m2/repository/javax/activation/javax.activation-api/1.2.0/javax.activation-api-1.2.0.jar:/home/lzndev/.m2/repository/com/oracle/database/jdbc/ojdbc11/23.2.0.0/ojdbc11-23.2.0.0.jar:/home/lzndev/.m2/repository/org/springframework/boot/spring-boot-starter-data-jpa/3.3.5/spring-boot-starter-data-jpa-3.3.5.jar:/home/lzndev/.m2/repository/org/springframework/boot/spring-boot-starter-aop/3.3.5/spring-boot-starter-aop-3.3.5.jar:/home/lzndev/.m2/repository/org/aspectj/aspectjweaver/1.9.22.1/aspectjweaver-1.9.22.1.jar:/home/lzndev/.m2/repository/org/springframework/boot/spring-boot-starter-jdbc/3.3.5/spring-boot-starter-jdbc-3.3.5.jar:/home/lzndev/.m2/repository/com/zaxxer/HikariCP/5.1.0/HikariCP-5.1.0.jar:/home/lzndev/.m2/repository/org/springframework/spring-jdbc/6.1.14/spring-jdbc-6.1.14.jar:/home/lzndev/.m2/repository/org/hibernate/orm/hibernate-core/6.5.3.Final/hibernate-core-6.5.3.Final.jar:/home/lzndev/.m2/repository/jakarta/persistence/jakarta.persistence-api/3.1.0/jakarta.persistence-api-3.1.0.jar:/home/lzndev/.m2/repository/jakarta/transaction/jakarta.transaction-api/2.0.1/jakarta.transaction-api-2.0.1.jar:/home/lzndev/.m2/repository/org/jboss/logging/jboss-logging/3.5.3.Final/jboss-logging-3.5.3.Final.jar:/home/lzndev/.m2/repository/org/hibernate/common/hibernate-commons-annotations/6.0.6.Final/hibernate-commons-annotations-6.0.6.Final.jar:/home/lzndev/.m2/repository/io/smallrye/jandex/3.1.2/jandex-3.1.2.jar:/home/lzndev/.m2/repository/com/fasterxml/classmate/1.7.0/classmate-1.7.0.jar:/home/lzndev/.m2/repository/net/bytebuddy/byte-buddy/1.14.19/byte-buddy-1.14.19.jar:/home/lzndev/.m2/repository/org/glassfish/jaxb/jaxb-runtime/4.0.5/jaxb-runtime-4.0.5.jar:/home/lzndev/.m2/repository/org/glassfish/jaxb/jaxb-core/4.0.5/jaxb-core-4.0.5.jar:/home/lzndev/.m2/repository/org/eclipse/angus/angus-activation/2.0.2/angus-activation-2.0.2.jar:/home/lzndev/.m2/repository/org/glassfish/jaxb/txw2/4.0.5/txw2-4.0.5.jar:/home/lzndev/.m2/repository/com/sun/istack/istack-commons-runtime/4.1.2/istack-commons-runtime-4.1.2.jar:/home/lzndev/.m2/repository/jakarta/inject/jakarta.inject-api/2.0.1/jakarta.inject-api-2.0.1.jar:/home/lzndev/.m2/repository/org/antlr/antlr4-runtime/4.13.0/antlr4-runtime-4.13.0.jar:/home/lzndev/.m2/repository/org/springframework/data/spring-data-jpa/3.3.5/spring-data-jpa-3.3.5.jar:/home/lzndev/.m2/repository/org/springframework/data/spring-data-commons/3.3.5/spring-data-commons-3.3.5.jar:/home/lzndev/.m2/repository/org/springframework/spring-orm/6.1.14/spring-orm-6.1.14.jar:/home/lzndev/.m2/repository/org/springframework/spring-tx/6.1.14/spring-tx-6.1.14.jar:/home/lzndev/.m2/repository/org/slf4j/slf4j-api/2.0.16/slf4j-api-2.0.16.jar:/home/lzndev/.m2/repository/org/springframework/spring-aspects/6.1.14/spring-aspects-6.1.14.jar:/home/lzndev/.m2/repository/org/springframework/boot/spring-boot-starter-test/3.3.5/spring-boot-starter-test-3.3.5.jar:/home/lzndev/.m2/repository/org/springframework/boot/spring-boot-test/3.3.5/spring-boot-test-3.3.5.jar:/home/lzndev/.m2/repository/org/springframework/boot/spring-boot-test-autoconfigure/3.3.5/spring-boot-test-autoconfigure-3.3.5.jar:/home/lzndev/.m2/repository/com/jayway/jsonpath/json-path/2.9.0/json-path-2.9.0.jar:/home/lzndev/.m2/repository/jakarta/xml/bind/jakarta.xml.bind-api/4.0.2/jakarta.xml.bind-api-4.0.2.jar:/home/lzndev/.m2/repository/jakarta/activation/jakarta.activation-api/2.1.3/jakarta.activation-api-2.1.3.jar:/home/lzndev/.m2/repository/net/minidev/json-smart/2.5.1/json-smart-2.5.1.jar:/home/lzndev/.m2/repository/net/minidev/accessors-smart/2.5.1/accessors-smart-2.5.1.jar:/home/lzndev/.m2/repository/org/ow2/asm/asm/9.6/asm-9.6.jar:/home/lzndev/.m2/repository/org/assertj/assertj-core/3.25.3/assertj-core-3.25.3.jar:/home/lzndev/.m2/repository/org/awaitility/awaitility/4.2.2/awaitility-4.2.2.jar:/home/lzndev/.m2/repository/org/hamcrest/hamcrest/2.2/hamcrest-2.2.jar:/home/lzndev/.m2/repository/org/junit/jupiter/junit-jupiter/5.10.5/junit-jupiter-5.10.5.jar:/home/lzndev/.m2/repository/org/junit/jupiter/junit-jupiter-params/5.10.5/junit-jupiter-params-5.10.5.jar:/home/lzndev/.m2/repository/org/mockito/mockito-core/5.11.0/mockito-core-5.11.0.jar:/home/lzndev/.m2/repository/net/bytebuddy/byte-buddy-agent/1.14.19/byte-buddy-agent-1.14.19.jar:/home/lzndev/.m2/repository/org/objenesis/objenesis/3.3/objenesis-3.3.jar:/home/lzndev/.m2/repository/org/mockito/mockito-junit-jupiter/5.11.0/mockito-junit-jupiter-5.11.0.jar:/home/lzndev/.m2/repository/org/skyscreamer/jsonassert/1.5.3/jsonassert-1.5.3.jar:/home/lzndev/.m2/repository/com/vaadin/external/google/android-json/0.0.20131108.vaadin1/android-json-0.0.20131108.vaadin1.jar:/home/lzndev/.m2/repository/org/springframework/spring-core/6.1.14/spring-core-6.1.14.jar:/home/lzndev/.m2/repository/org/springframework/spring-jcl/6.1.14/spring-jcl-6.1.14.jar:/home/lzndev/.m2/repository/org/springframework/spring-test/6.1.14/spring-test-6.1.14.jar:/home/lzndev/.m2/repository/org/xmlunit/xmlunit-core/2.9.1/xmlunit-core-2.9.1.jar:/home/lzndev/.m2/repository/io/jsonwebtoken/jjwt/0.9.1/jjwt-0.9.1.jar:/home/lzndev/.m2/repository/com/fasterxml/jackson/core/jackson-databind/2.17.2/jackson-databind-2.17.2.jar:/home/lzndev/.m2/repository/com/fasterxml/jackson/core/jackson-annotations/2.17.2/jackson-annotations-2.17.2.jar:/home/lzndev/.m2/repository/com/fasterxml/jackson/core/jackson-core/2.17.2/jackson-core-2.17.2.jar:/home/lzndev/.m2/repository/org/springframework/boot/spring-boot-starter-security/3.3.5/spring-boot-starter-security-3.3.5.jar:/home/lzndev/.m2/repository/org/springframework/spring-aop/6.1.14/spring-aop-6.1.14.jar:/home/lzndev/.m2/repository/org/springframework/security/spring-security-config/6.3.4/spring-security-config-6.3.4.jar:/home/lzndev/.m2/repository/org/springframework/security/spring-security-web/6.3.4/spring-security-web-6.3.4.jar:/home/lzndev/.m2/repository/org/springframework/security/spring-security-test/6.3.4/spring-security-test-6.3.4.jar:/home/lzndev/.m2/repository/org/springframework/security/spring-security-core/6.3.4/spring-security-core-6.3.4.jar:/home/lzndev/.m2/repository/org/springframework/security/spring-security-crypto/6.3.4/spring-security-crypto-6.3.4.jar:/home/lzndev/.m2/repository/org/junit/jupiter/junit-jupiter-engine/5.9.3/junit-jupiter-engine-5.9.3.jar:/home/lzndev/.m2/repository/org/junit/platform/junit-platform-engine/1.10.5/junit-platform-engine-1.10.5.jar:/home/lzndev/.m2/repository/org/opentest4j/opentest4j/1.3.0/opentest4j-1.3.0.jar:/home/lzndev/.m2/repository/org/junit/platform/junit-platform-commons/1.10.5/junit-platform-commons-1.10.5.jar:/home/lzndev/.m2/repository/org/junit/jupiter/junit-jupiter-api/5.10.5/junit-jupiter-api-5.10.5.jar:/home/lzndev/.m2/repository/org/apiguardian/apiguardian-api/1.1.2/apiguardian-api-1.1.2.jar:, java.vm.vendor=Oracle Corporation, sun.arch.data.model=64, java.vendor.url=https://java.oracle.com/, user.timezone=America/Sao_Paulo, jakarta.persistence.sharedCache.mode=UNSPECIFIED, org.jboss.logging.provider=slf4j, java.vm.specification.version=17, os.name=Linux, jakarta.persistence.nonJtaDataSource=HikariDataSource (HikariPool-1), sun.java.launcher=SUN_STANDARD, user.country=US, sun.boot.library.path=/usr/lib/jvm/jdk-17-oracle-x64/lib, sun.java.command=/home/lzndev/Documents/workspace/code/git/pagamento-service/target/surefire/surefirebooter-20241207223223105_3.jar /home/lzndev/Documents/workspace/code/git/pagamento-service/target/surefire 2024-12-07T22-32-23_052-jvmRun1 surefire-20241207223223105_1tmp surefire_0-20241207223223105_2tmp, javax.persistence.nonJtaDataSource=HikariDataSource (HikariPool-1), hibernate.transaction.jta.platform=org.hibernate.engine.transaction.jta.platform.internal.NoJtaPlatform@644e6a8e, jdk.debug=release, surefire.test.class.path=/home/lzndev/Documents/workspace/code/git/pagamento-service/target/test-classes:/home/lzndev/Documents/workspace/code/git/pagamento-service/target/classes:/home/lzndev/.m2/repository/io/github/cdimascio/dotenv-java/2.2.0/dotenv-java-2.2.0.jar:/home/lzndev/.m2/repository/org/springframework/boot/spring-boot-starter-web/3.3.5/spring-boot-starter-web-3.3.5.jar:/home/lzndev/.m2/repository/org/springframework/boot/spring-boot-starter/3.3.5/spring-boot-starter-3.3.5.jar:/home/lzndev/.m2/repository/org/springframework/boot/spring-boot/3.3.5/spring-boot-3.3.5.jar:/home/lzndev/.m2/repository/org/springframework/boot/spring-boot-autoconfigure/3.3.5/spring-boot-autoconfigure-3.3.5.jar:/home/lzndev/.m2/repository/org/springframework/boot/spring-boot-starter-logging/3.3.5/spring-boot-starter-logging-3.3.5.jar:/home/lzndev/.m2/repository/ch/qos/logback/logback-classic/1.5.11/logback-classic-1.5.11.jar:/home/lzndev/.m2/repository/ch/qos/logback/logback-core/1.5.11/logback-core-1.5.11.jar:/home/lzndev/.m2/repository/org/apache/logging/log4j/log4j-to-slf4j/2.23.1/log4j-to-slf4j-2.23.1.jar:/home/lzndev/.m2/repository/org/apache/logging/log4j/log4j-api/2.23.1/log4j-api-2.23.1.jar:/home/lzndev/.m2/repository/org/slf4j/jul-to-slf4j/2.0.16/jul-to-slf4j-2.0.16.jar:/home/lzndev/.m2/repository/jakarta/annotation/jakarta.annotation-api/2.1.1/jakarta.annotation-api-2.1.1.jar:/home/lzndev/.m2/repository/org/yaml/snakeyaml/2.2/snakeyaml-2.2.jar:/home/lzndev/.m2/repository/org/springframework/boot/spring-boot-starter-json/3.3.5/spring-boot-starter-json-3.3.5.jar:/home/lzndev/.m2/repository/com/fasterxml/jackson/datatype/jackson-datatype-jdk8/2.17.2/jackson-datatype-jdk8-2.17.2.jar:/home/lzndev/.m2/repository/com/fasterxml/jackson/datatype/jackson-datatype-jsr310/2.17.2/jackson-datatype-jsr310-2.17.2.jar:/home/lzndev/.m2/repository/com/fasterxml/jackson/module/jackson-module-parameter-names/2.17.2/jackson-module-parameter-names-2.17.2.jar:/home/lzndev/.m2/repository/org/springframework/boot/spring-boot-starter-tomcat/3.3.5/spring-boot-starter-tomcat-3.3.5.jar:/home/lzndev/.m2/repository/org/apache/tomcat/embed/tomcat-embed-core/10.1.31/tomcat-embed-core-10.1.31.jar:/home/lzndev/.m2/repository/org/apache/tomcat/embed/tomcat-embed-el/10.1.31/tomcat-embed-el-10.1.31.jar:/home/lzndev/.m2/repository/org/apache/tomcat/embed/tomcat-embed-websocket/10.1.31/tomcat-embed-websocket-10.1.31.jar:/home/lzndev/.m2/repository/org/springframework/spring-web/6.1.14/spring-web-6.1.14.jar:/home/lzndev/.m2/repository/org/springframework/spring-beans/6.1.14/spring-beans-6.1.14.jar:/home/lzndev/.m2/repository/io/micrometer/micrometer-observation/1.13.6/micrometer-observation-1.13.6.jar:/home/lzndev/.m2/repository/io/micrometer/micrometer-commons/1.13.6/micrometer-commons-1.13.6.jar:/home/lzndev/.m2/repository/org/springframework/spring-webmvc/6.1.14/spring-webmvc-6.1.14.jar:/home/lzndev/.m2/repository/org/springframework/spring-context/6.1.14/spring-context-6.1.14.jar:/home/lzndev/.m2/repository/org/springframework/spring-expression/6.1.14/spring-expression-6.1.14.jar:/home/lzndev/.m2/repository/javax/xml/bind/jaxb-api/2.3.1/jaxb-api-2.3.1.jar:/home/lzndev/.m2/repository/javax/activation/javax.activation-api/1.2.0/javax.activation-api-1.2.0.jar:/home/lzndev/.m2/repository/com/oracle/database/jdbc/ojdbc11/23.2.0.0/ojdbc11-23.2.0.0.jar:/home/lzndev/.m2/repository/org/springframework/boot/spring-boot-starter-data-jpa/3.3.5/spring-boot-starter-data-jpa-3.3.5.jar:/home/lzndev/.m2/repository/org/springframework/boot/spring-boot-starter-aop/3.3.5/spring-boot-starter-aop-3.3.5.jar:/home/lzndev/.m2/repository/org/aspectj/aspectjweaver/1.9.22.1/aspectjweaver-1.9.22.1.jar:/home/lzndev/.m2/repository/org/springframework/boot/spring-boot-starter-jdbc/3.3.5/spring-boot-starter-jdbc-3.3.5.jar:/home/lzndev/.m2/repository/com/zaxxer/HikariCP/5.1.0/HikariCP-5.1.0.jar:/home/lzndev/.m2/repository/org/springframework/spring-jdbc/6.1.14/spring-jdbc-6.1.14.jar:/home/lzndev/.m2/repository/org/hibernate/orm/hibernate-core/6.5.3.Final/hibernate-core-6.5.3.Final.jar:/home/lzndev/.m2/repository/jakarta/persistence/jakarta.persistence-api/3.1.0/jakarta.persistence-api-3.1.0.jar:/home/lzndev/.m2/repository/jakarta/transaction/jakarta.transaction-api/2.0.1/jakarta.transaction-api-2.0.1.jar:/home/lzndev/.m2/repository/org/jboss/logging/jboss-logging/3.5.3.Final/jboss-logging-3.5.3.Final.jar:/home/lzndev/.m2/repository/org/hibernate/common/hibernate-commons-annotations/6.0.6.Final/hibernate-commons-annotations-6.0.6.Final.jar:/home/lzndev/.m2/repository/io/smallrye/jandex/3.1.2/jandex-3.1.2.jar:/home/lzndev/.m2/repository/com/fasterxml/classmate/1.7.0/classmate-1.7.0.jar:/home/lzndev/.m2/repository/net/bytebuddy/byte-buddy/1.14.19/byte-buddy-1.14.19.jar:/home/lzndev/.m2/repository/org/glassfish/jaxb/jaxb-runtime/4.0.5/jaxb-runtime-4.0.5.jar:/home/lzndev/.m2/repository/org/glassfish/jaxb/jaxb-core/4.0.5/jaxb-core-4.0.5.jar:/home/lzndev/.m2/repository/org/eclipse/angus/angus-activation/2.0.2/angus-activation-2.0.2.jar:/home/lzndev/.m2/repository/org/glassfish/jaxb/txw2/4.0.5/txw2-4.0.5.jar:/home/lzndev/.m2/repository/com/sun/istack/istack-commons-runtime/4.1.2/istack-commons-runtime-4.1.2.jar:/home/lzndev/.m2/repository/jakarta/inject/jakarta.inject-api/2.0.1/jakarta.inject-api-2.0.1.jar:/home/lzndev/.m2/repository/org/antlr/antlr4-runtime/4.13.0/antlr4-runtime-4.13.0.jar:/home/lzndev/.m2/repository/org/springframework/data/spring-data-jpa/3.3.5/spring-data-jpa-3.3.5.jar:/home/lzndev/.m2/repository/org/springframework/data/spring-data-commons/3.3.5/spring-data-commons-3.3.5.jar:/home/lzndev/.m2/repository/org/springframework/spring-orm/6.1.14/spring-orm-6.1.14.jar:/home/lzndev/.m2/repository/org/springframework/spring-tx/6.1.14/spring-tx-6.1.14.jar:/home/lzndev/.m2/repository/org/slf4j/slf4j-api/2.0.16/slf4j-api-2.0.16.jar:/home/lzndev/.m2/repository/org/springframework/spring-aspects/6.1.14/spring-aspects-6.1.14.jar:/home/lzndev/.m2/repository/org/springframework/boot/spring-boot-starter-test/3.3.5/spring-boot-starter-test-3.3.5.jar:/home/lzndev/.m2/repository/org/springframework/boot/spring-boot-test/3.3.5/spring-boot-test-3.3.5.jar:/home/lzndev/.m2/repository/org/springframework/boot/spring-boot-test-autoconfigure/3.3.5/spring-boot-test-autoconfigure-3.3.5.jar:/home/lzndev/.m2/repository/com/jayway/jsonpath/json-path/2.9.0/json-path-2.9.0.jar:/home/lzndev/.m2/repository/jakarta/xml/bind/jakarta.xml.bind-api/4.0.2/jakarta.xml.bind-api-4.0.2.jar:/home/lzndev/.m2/repository/jakarta/activation/jakarta.activation-api/2.1.3/jakarta.activation-api-2.1.3.jar:/home/lzndev/.m2/repository/net/minidev/json-smart/2.5.1/json-smart-2.5.1.jar:/home/lzndev/.m2/repository/net/minidev/accessors-smart/2.5.1/accessors-smart-2.5.1.jar:/home/lzndev/.m2/repository/org/ow2/asm/asm/9.6/asm-9.6.jar:/home/lzndev/.m2/repository/org/assertj/assertj-core/3.25.3/assertj-core-3.25.3.jar:/home/lzndev/.m2/repository/org/awaitility/awaitility/4.2.2/awaitility-4.2.2.jar:/home/lzndev/.m2/repository/org/hamcrest/hamcrest/2.2/hamcrest-2.2.jar:/home/lzndev/.m2/repository/org/junit/jupiter/junit-jupiter/5.10.5/junit-jupiter-5.10.5.jar:/home/lzndev/.m2/repository/org/junit/jupiter/junit-jupiter-params/5.10.5/junit-jupiter-params-5.10.5.jar:/home/lzndev/.m2/repository/org/mockito/mockito-core/5.11.0/mockito-core-5.11.0.jar:/home/lzndev/.m2/repository/net/bytebuddy/byte-buddy-agent/1.14.19/byte-buddy-agent-1.14.19.jar:/home/lzndev/.m2/repository/org/objenesis/objenesis/3.3/objenesis-3.3.jar:/home/lzndev/.m2/repository/org/mockito/mockito-junit-jupiter/5.11.0/mockito-junit-jupiter-5.11.0.jar:/home/lzndev/.m2/repository/org/skyscreamer/jsonassert/1.5.3/jsonassert-1.5.3.jar:/home/lzndev/.m2/repository/com/vaadin/external/google/android-json/0.0.20131108.vaadin1/android-json-0.0.20131108.vaadin1.jar:/home/lzndev/.m2/repository/org/springframework/spring-core/6.1.14/spring-core-6.1.14.jar:/home/lzndev/.m2/repository/org/springframework/spring-jcl/6.1.14/spring-jcl-6.1.14.jar:/home/lzndev/.m2/repository/org/springframework/spring-test/6.1.14/spring-test-6.1.14.jar:/home/lzndev/.m2/repository/org/xmlunit/xmlunit-core/2.9.1/xmlunit-core-2.9.1.jar:/home/lzndev/.m2/repository/io/jsonwebtoken/jjwt/0.9.1/jjwt-0.9.1.jar:/home/lzndev/.m2/repository/com/fasterxml/jackson/core/jackson-databind/2.17.2/jackson-databind-2.17.2.jar:/home/lzndev/.m2/repository/com/fasterxml/jackson/core/jackson-annotations/2.17.2/jackson-annotations-2.17.2.jar:/home/lzndev/.m2/repository/com/fasterxml/jackson/core/jackson-core/2.17.2/jackson-core-2.17.2.jar:/home/lzndev/.m2/repository/org/springframework/boot/spring-boot-starter-security/3.3.5/spring-boot-starter-security-3.3.5.jar:/home/lzndev/.m2/repository/org/springframework/spring-aop/6.1.14/spring-aop-6.1.14.jar:/home/lzndev/.m2/repository/org/springframework/security/spring-security-config/6.3.4/spring-security-config-6.3.4.jar:/home/lzndev/.m2/repository/org/springframework/security/spring-security-web/6.3.4/spring-security-web-6.3.4.jar:/home/lzndev/.m2/repository/org/springframework/security/spring-security-test/6.3.4/spring-security-test-6.3.4.jar:/home/lzndev/.m2/repository/org/springframework/security/spring-security-core/6.3.4/spring-security-core-6.3.4.jar:/home/lzndev/.m2/repository/org/springframework/security/spring-security-crypto/6.3.4/spring-security-crypto-6.3.4.jar:/home/lzndev/.m2/repository/org/junit/jupiter/junit-jupiter-engine/5.9.3/junit-jupiter-engine-5.9.3.jar:/home/lzndev/.m2/repository/org/junit/platform/junit-platform-engine/1.10.5/junit-platform-engine-1.10.5.jar:/home/lzndev/.m2/repository/org/opentest4j/opentest4j/1.3.0/opentest4j-1.3.0.jar:/home/lzndev/.m2/repository/org/junit/platform/junit-platform-commons/1.10.5/junit-platform-commons-1.10.5.jar:/home/lzndev/.m2/repository/org/junit/jupiter/junit-jupiter-api/5.10.5/junit-jupiter-api-5.10.5.jar:/home/lzndev/.m2/repository/org/apiguardian/apiguardian-api/1.1.2/apiguardian-api-1.1.2.jar:, sun.cpu.endian=little, hibernate.cdi.extensions=true, user.home=/home/lzndev, user.language=en, java.specification.vendor=Oracle Corporation, java.version.date=2024-01-16, java.home=/usr/lib/jvm/jdk-17-oracle-x64, file.separator=/, basedir=/home/lzndev/Documents/workspace/code/git/pagamento-service, java.vm.compressedOopsMode=Zero based, line.separator=
, hibernate.persistenceUnitName=default, java.specification.name=Java Platform API Specification, java.vm.specification.vendor=Oracle Corporation, FILE_LOG_CHARSET=UTF-8, hibernate.transaction.coordinator_class=class org.hibernate.resource.transaction.backend.jdbc.internal.JdbcResourceLocalTransactionCoordinatorBuilderImpl, java.awt.headless=true, surefire.real.class.path=/home/lzndev/Documents/workspace/code/git/pagamento-service/target/surefire/surefirebooter-20241207223223105_3.jar, jakarta.persistence.validation.mode=AUTO, hibernate.hbm2ddl.auto=update, sun.management.compiler=HotSpot 64-Bit Tiered Compilers, java.runtime.version=17.0.10+11-LTS-240, user.name=lzndev, path.separator=:, os.version=6.5.0-44-generic, java.runtime.name=Java(TM) SE Runtime Environment, file.encoding=UTF-8, java.vm.name=Java HotSpot(TM) 64-Bit Server VM, hibernate.show_sql=true, localRepository=/home/lzndev/.m2/repository, java.vendor.url.bug=https://bugreport.java.com/bugreport/, java.io.tmpdir=/tmp, idea.version=2024.3, java.version=17.0.10, hibernate.physical_naming_strategy=org.hibernate.boot.model.naming.CamelCaseToUnderscoresNamingStrategy, user.dir=/home/lzndev/Documents/workspace/code/git/pagamento-service, os.arch=amd64, java.vm.specification.name=Java Virtual Machine Specification, PID=33551, CONSOLE_LOG_CHARSET=UTF-8, hibernate.boot.CfgXmlAccessService.key=org.hibernate.boot.registry.StandardServiceRegistryBuilder$1@2ccecae2, native.encoding=UTF-8, java.library.path=/usr/java/packages/lib:/usr/lib64:/lib64:/lib:/usr/lib, java.vendor=Oracle Corporation, java.vm.info=mixed mode, sharing, java.vm.version=17.0.10+11-LTS-240, sun.io.unicode.encoding=UnicodeLittle, hibernate.archive.scanner=org.hibernate.boot.archive.scan.internal.DisabledScanner, hibernate.connection.datasource=HikariDataSource (HikariPool-1), java.class.version=61.0, LOGGED_APPLICATION_NAME=[pagamentoService] }
2024-12-07T22:32:25.539-03:00 DEBUG 33551 --- [pagamentoService] [           main] o.hibernate.internal.SessionFactoryImpl  : Session factory constructed with filter configurations : {}
2024-12-07T22:32:25.564-03:00 DEBUG 33551 --- [pagamentoService] [           main] o.h.q.sqm.function.SqmFunctionRegistry   : Registered SqmFunctionTemplate [NamedSqmFunctionTemplate(max)] under max; prior registration was null
2024-12-07T22:32:25.564-03:00 DEBUG 33551 --- [pagamentoService] [           main] o.h.q.sqm.function.SqmFunctionRegistry   : Registered SqmFunctionTemplate [NamedSqmFunctionTemplate(min)] under min; prior registration was null
2024-12-07T22:32:25.565-03:00 DEBUG 33551 --- [pagamentoService] [           main] o.h.q.sqm.function.SqmFunctionRegistry   : Registered SqmFunctionTemplate [NamedSqmFunctionTemplate(sum)] under sum; prior registration was null
2024-12-07T22:32:25.565-03:00 DEBUG 33551 --- [pagamentoService] [           main] o.h.q.sqm.function.SqmFunctionRegistry   : Registered SqmFunctionTemplate [NamedSqmFunctionTemplate(avg)] under avg; prior registration was null
2024-12-07T22:32:25.566-03:00 DEBUG 33551 --- [pagamentoService] [           main] o.h.q.sqm.function.SqmFunctionRegistry   : Registered SqmFunctionTemplate [org.hibernate.dialect.function.CountFunction@3c17794e] under count; prior registration was null
2024-12-07T22:32:25.567-03:00 DEBUG 33551 --- [pagamentoService] [           main] o.h.q.sqm.function.SqmFunctionRegistry   : Registered SqmFunctionTemplate [org.hibernate.dialect.function.EveryAnyEmulation@2dcd451f] under every; prior registration was null
2024-12-07T22:32:25.567-03:00 DEBUG 33551 --- [pagamentoService] [           main] o.h.q.sqm.function.SqmFunctionRegistry   : Registered SqmFunctionTemplate [org.hibernate.dialect.function.EveryAnyEmulation@342394b3] under any; prior registration was null
2024-12-07T22:32:25.567-03:00 DEBUG 33551 --- [pagamentoService] [           main] o.h.q.sqm.function.SqmFunctionRegistry   : Registered SqmFunctionTemplate [NamedSqmFunctionTemplate(floor)] under floor; prior registration was null
2024-12-07T22:32:25.567-03:00 DEBUG 33551 --- [pagamentoService] [           main] o.h.q.sqm.function.SqmFunctionRegistry   : Registered SqmFunctionTemplate [NamedSqmFunctionTemplate(ceiling)] under ceiling; prior registration was null
2024-12-07T22:32:25.567-03:00 DEBUG 33551 --- [pagamentoService] [           main] o.h.q.sqm.function.SqmFunctionRegistry   : Registered SqmFunctionTemplate [NamedSqmFunctionTemplate(mod)] under mod; prior registration was null
2024-12-07T22:32:25.567-03:00 DEBUG 33551 --- [pagamentoService] [           main] o.h.q.sqm.function.SqmFunctionRegistry   : Registered SqmFunctionTemplate [NamedSqmFunctionTemplate(abs)] under abs; prior registration was null
2024-12-07T22:32:25.567-03:00 DEBUG 33551 --- [pagamentoService] [           main] o.h.q.sqm.function.SqmFunctionRegistry   : Registered SqmFunctionTemplate [NamedSqmFunctionTemplate(sign)] under sign; prior registration was null
2024-12-07T22:32:25.567-03:00 DEBUG 33551 --- [pagamentoService] [           main] o.h.q.sqm.function.SqmFunctionRegistry   : Registered SqmFunctionTemplate [NamedSqmFunctionTemplate(sqrt)] under sqrt; prior registration was null
2024-12-07T22:32:25.567-03:00 DEBUG 33551 --- [pagamentoService] [           main] o.h.q.sqm.function.SqmFunctionRegistry   : Registered SqmFunctionTemplate [NamedSqmFunctionTemplate(ln)] under ln; prior registration was null
2024-12-07T22:32:25.567-03:00 DEBUG 33551 --- [pagamentoService] [           main] o.h.q.sqm.function.SqmFunctionRegistry   : Registered SqmFunctionTemplate [NamedSqmFunctionTemplate(exp)] under exp; prior registration was null
2024-12-07T22:32:25.567-03:00 DEBUG 33551 --- [pagamentoService] [           main] o.h.q.sqm.function.SqmFunctionRegistry   : Registered SqmFunctionTemplate [NamedSqmFunctionTemplate(power)] under power; prior registration was null
2024-12-07T22:32:25.567-03:00 DEBUG 33551 --- [pagamentoService] [           main] o.h.q.sqm.function.SqmFunctionRegistry   : Registered SqmFunctionTemplate [NamedSqmFunctionTemplate(round)] under round; prior registration was null
2024-12-07T22:32:25.568-03:00 DEBUG 33551 --- [pagamentoService] [           main] o.h.q.sqm.function.SqmFunctionRegistry   : Registered SqmFunctionTemplate [NamedSqmFunctionTemplate(sin)] under sin; prior registration was null
2024-12-07T22:32:25.568-03:00 DEBUG 33551 --- [pagamentoService] [           main] o.h.q.sqm.function.SqmFunctionRegistry   : Registered SqmFunctionTemplate [NamedSqmFunctionTemplate(cos)] under cos; prior registration was null
2024-12-07T22:32:25.568-03:00 DEBUG 33551 --- [pagamentoService] [           main] o.h.q.sqm.function.SqmFunctionRegistry   : Registered SqmFunctionTemplate [NamedSqmFunctionTemplate(tan)] under tan; prior registration was null
2024-12-07T22:32:25.568-03:00 DEBUG 33551 --- [pagamentoService] [           main] o.h.q.sqm.function.SqmFunctionRegistry   : Registered SqmFunctionTemplate [NamedSqmFunctionTemplate(asin)] under asin; prior registration was null
2024-12-07T22:32:25.568-03:00 DEBUG 33551 --- [pagamentoService] [           main] o.h.q.sqm.function.SqmFunctionRegistry   : Registered SqmFunctionTemplate [NamedSqmFunctionTemplate(acos)] under acos; prior registration was null
2024-12-07T22:32:25.568-03:00 DEBUG 33551 --- [pagamentoService] [           main] o.h.q.sqm.function.SqmFunctionRegistry   : Registered SqmFunctionTemplate [NamedSqmFunctionTemplate(atan)] under atan; prior registration was null
2024-12-07T22:32:25.568-03:00 DEBUG 33551 --- [pagamentoService] [           main] o.h.q.sqm.function.SqmFunctionRegistry   : Registered SqmFunctionTemplate [NamedSqmFunctionTemplate(atan2)] under atan2; prior registration was null
2024-12-07T22:32:25.569-03:00 DEBUG 33551 --- [pagamentoService] [           main] o.h.q.sqm.function.SqmFunctionRegistry   : Registered SqmFunctionTemplate [org.hibernate.query.sqm.function.PatternBasedSqmFunctionDescriptor@2d5c160e] under sinh; prior registration was null
2024-12-07T22:32:25.569-03:00 DEBUG 33551 --- [pagamentoService] [           main] o.h.q.sqm.function.SqmFunctionRegistry   : Registered SqmFunctionTemplate [org.hibernate.query.sqm.function.PatternBasedSqmFunctionDescriptor@8afce3] under cosh; prior registration was null
2024-12-07T22:32:25.569-03:00 DEBUG 33551 --- [pagamentoService] [           main] o.h.q.sqm.function.SqmFunctionRegistry   : Registered SqmFunctionTemplate [org.hibernate.query.sqm.function.PatternBasedSqmFunctionDescriptor@4e02f17d] under tanh; prior registration was null
2024-12-07T22:32:25.569-03:00 DEBUG 33551 --- [pagamentoService] [           main] o.h.q.sqm.function.SqmFunctionRegistry   : Registered SqmFunctionTemplate [org.hibernate.query.sqm.function.PatternBasedSqmFunctionDescriptor@675230cd] under pi; prior registration was null
2024-12-07T22:32:25.569-03:00 DEBUG 33551 --- [pagamentoService] [           main] o.h.q.sqm.function.SqmFunctionRegistry   : Registered SqmFunctionTemplate [org.hibernate.query.sqm.function.PatternBasedSqmFunctionDescriptor@2a73a64f] under log; prior registration was null
2024-12-07T22:32:25.570-03:00 DEBUG 33551 --- [pagamentoService] [           main] o.h.q.sqm.function.SqmFunctionRegistry   : Registered SqmFunctionTemplate [NamedSqmFunctionTemplate(coalesce)] under coalesce; prior registration was null
[...]
	at org.springframework.beans.factory.support.ConstructorResolver.resolveAutowiredArgument(ConstructorResolver.java:904) ~[spring-beans-6.1.14.jar:6.1.14]
	at org.springframework.beans.factory.support.ConstructorResolver.createArgumentArray(ConstructorResolver.java:782) ~[spring-beans-6.1.14.jar:6.1.14]
	at org.springframework.beans.factory.support.ConstructorResolver.autowireConstructor(ConstructorResolver.java:237) ~[spring-beans-6.1.14.jar:6.1.14]
	at org.springframework.beans.factory.support.AbstractAutowireCapableBeanFactory.autowireConstructor(AbstractAutowireCapableBeanFactory.java:1375) ~[spring-beans-6.1.14.jar:6.1.14]
	at org.springframework.beans.factory.support.AbstractAutowireCapableBeanFactory.createBeanInstance(AbstractAutowireCapableBeanFactory.java:1212) ~[spring-beans-6.1.14.jar:6.1.14]
	at org.springframework.beans.factory.support.AbstractAutowireCapableBeanFactory.doCreateBean(AbstractAutowireCapableBeanFactory.java:562) ~[spring-beans-6.1.14.jar:6.1.14]
	at org.springframework.beans.factory.support.AbstractAutowireCapableBeanFactory.createBean(AbstractAutowireCapableBeanFactory.java:522) ~[spring-beans-6.1.14.jar:6.1.14]
	at org.springframework.beans.factory.support.AbstractBeanFactory.lambda$doGetBean$0(AbstractBeanFactory.java:337) ~[spring-beans-6.1.14.jar:6.1.14]
	at org.springframework.beans.factory.support.DefaultSingletonBeanRegistry.getSingleton(DefaultSingletonBeanRegistry.java:234) ~[spring-beans-6.1.14.jar:6.1.14]
	at org.springframework.beans.factory.support.AbstractBeanFactory.doGetBean(AbstractBeanFactory.java:335) ~[spring-beans-6.1.14.jar:6.1.14]
	at org.springframework.beans.factory.support.AbstractBeanFactory.getBean(AbstractBeanFactory.java:200) ~[spring-beans-6.1.14.jar:6.1.14]
	at org.springframework.beans.factory.config.DependencyDescriptor.resolveCandidate(DependencyDescriptor.java:254) ~[spring-beans-6.1.14.jar:6.1.14]
	at org.springframework.beans.factory.support.DefaultListableBeanFactory.doResolveDependency(DefaultListableBeanFactory.java:1443) ~[spring-beans-6.1.14.jar:6.1.14]
	at org.springframework.beans.factory.support.DefaultListableBeanFactory.resolveDependency(DefaultListableBeanFactory.java:1353) ~[spring-beans-6.1.14.jar:6.1.14]
	at org.springframework.beans.factory.support.ConstructorResolver.resolveAutowiredArgument(ConstructorResolver.java:904) ~[spring-beans-6.1.14.jar:6.1.14]
	at org.springframework.beans.factory.support.ConstructorResolver.createArgumentArray(ConstructorResolver.java:782) ~[spring-beans-6.1.14.jar:6.1.14]
	at org.springframework.beans.factory.support.ConstructorResolver.autowireConstructor(ConstructorResolver.java:237) ~[spring-beans-6.1.14.jar:6.1.14]
	at org.springframework.beans.factory.support.AbstractAutowireCapableBeanFactory.autowireConstructor(AbstractAutowireCapableBeanFactory.java:1375) ~[spring-beans-6.1.14.jar:6.1.14]
	at org.springframework.beans.factory.support.AbstractAutowireCapableBeanFactory.createBeanInstance(AbstractAutowireCapableBeanFactory.java:1212) ~[spring-beans-6.1.14.jar:6.1.14]
	at org.springframework.beans.factory.support.AbstractAutowireCapableBeanFactory.doCreateBean(AbstractAutowireCapableBeanFactory.java:562) ~[spring-beans-6.1.14.jar:6.1.14]
	at org.springframework.beans.factory.support.AbstractAutowireCapableBeanFactory.createBean(AbstractAutowireCapableBeanFactory.java:522) ~[spring-beans-6.1.14.jar:6.1.14]
	at org.springframework.beans.factory.support.AbstractBeanFactory.lambda$doGetBean$0(AbstractBeanFactory.java:337) ~[spring-beans-6.1.14.jar:6.1.14]
	at org.springframework.beans.factory.support.DefaultSingletonBeanRegistry.getSingleton(DefaultSingletonBeanRegistry.java:234) ~[spring-beans-6.1.14.jar:6.1.14]
	at org.springframework.beans.factory.support.AbstractBeanFactory.doGetBean(AbstractBeanFactory.java:335) ~[spring-beans-6.1.14.jar:6.1.14]
	at org.springframework.beans.factory.support.AbstractBeanFactory.getBean(AbstractBeanFactory.java:200) ~[spring-beans-6.1.14.jar:6.1.14]
	at org.springframework.beans.factory.support.DefaultListableBeanFactory.preInstantiateSingletons(DefaultListableBeanFactory.java:975) ~[spring-beans-6.1.14.jar:6.1.14]
	at org.springframework.context.support.AbstractApplicationContext.finishBeanFactoryInitialization(AbstractApplicationContext.java:971) ~[spring-context-6.1.14.jar:6.1.14]
	at org.springframework.context.support.AbstractApplicationContext.refresh(AbstractApplicationContext.java:625) ~[spring-context-6.1.14.jar:6.1.14]
	at org.springframework.boot.SpringApplication.refresh(SpringApplication.java:754) ~[spring-boot-3.3.5.jar:3.3.5]
	at org.springframework.boot.SpringApplication.refreshContext(SpringApplication.java:456) ~[spring-boot-3.3.5.jar:3.3.5]
	at org.springframework.boot.SpringApplication.run(SpringApplication.java:335) ~[spring-boot-3.3.5.jar:3.3.5]
	at org.springframework.boot.test.context.SpringBootContextLoader.lambda$loadContext$3(SpringBootContextLoader.java:137) ~[spring-boot-test-3.3.5.jar:3.3.5]
	at org.springframework.util.function.ThrowingSupplier.get(ThrowingSupplier.java:58) ~[spring-core-6.1.14.jar:6.1.14]
	at org.springframework.util.function.ThrowingSupplier.get(ThrowingSupplier.java:46) ~[spring-core-6.1.14.jar:6.1.14]
	at org.springframework.boot.SpringApplication.withHook(SpringApplication.java:1463) ~[spring-boot-3.3.5.jar:3.3.5]
	at org.springframework.boot.test.context.SpringBootContextLoader$ContextLoaderHook.run(SpringBootContextLoader.java:553) ~[spring-boot-test-3.3.5.jar:3.3.5]
	at org.springframework.boot.test.context.SpringBootContextLoader.loadContext(SpringBootContextLoader.java:137) ~[spring-boot-test-3.3.5.jar:3.3.5]
	at org.springframework.boot.test.context.SpringBootContextLoader.loadContext(SpringBootContextLoader.java:108) ~[spring-boot-test-3.3.5.jar:3.3.5]
	at org.springframework.test.context.cache.DefaultCacheAwareContextLoaderDelegate.loadContextInternal(DefaultCacheAwareContextLoaderDelegate.java:225) ~[spring-test-6.1.14.jar:6.1.14]
	at org.springframework.test.context.cache.DefaultCacheAwareContextLoaderDelegate.loadContext(DefaultCacheAwareContextLoaderDelegate.java:152) ~[spring-test-6.1.14.jar:6.1.14]
	at org.springframework.test.context.support.DefaultTestContext.getApplicationContext(DefaultTestContext.java:130) ~[spring-test-6.1.14.jar:6.1.14]
	at org.springframework.test.context.web.ServletTestExecutionListener.setUpRequestContextIfNecessary(ServletTestExecutionListener.java:191) ~[spring-test-6.1.14.jar:6.1.14]
	at org.springframework.test.context.web.ServletTestExecutionListener.prepareTestInstance(ServletTestExecutionListener.java:130) ~[spring-test-6.1.14.jar:6.1.14]
	at org.springframework.test.context.TestContextManager.prepareTestInstance(TestContextManager.java:260) ~[spring-test-6.1.14.jar:6.1.14]
	at org.springframework.test.context.junit.jupiter.SpringExtension.postProcessTestInstance(SpringExtension.java:163) ~[spring-test-6.1.14.jar:6.1.14]
	at org.junit.jupiter.engine.descriptor.ClassBasedTestDescriptor.lambda$invokeTestInstancePostProcessors$10(ClassBasedTestDescriptor.java:377) ~[junit-jupiter-engine-5.9.3.jar:5.9.3]
	at org.junit.jupiter.engine.descriptor.ClassBasedTestDescriptor.executeAndMaskThrowable(ClassBasedTestDescriptor.java:382) ~[junit-jupiter-engine-5.9.3.jar:5.9.3]
	at org.junit.jupiter.engine.descriptor.ClassBasedTestDescriptor.lambda$invokeTestInstancePostProcessors$11(ClassBasedTestDescriptor.java:377) ~[junit-jupiter-engine-5.9.3.jar:5.9.3]
	at java.base/java.util.stream.ReferencePipeline$3$1.accept(ReferencePipeline.java:197) ~[na:na]
	at java.base/java.util.stream.ReferencePipeline$2$1.accept(ReferencePipeline.java:179) ~[na:na]
	at java.base/java.util.ArrayList$ArrayListSpliterator.forEachRemaining(ArrayList.java:1625) ~[na:na]
	at java.base/java.util.stream.AbstractPipeline.copyInto(AbstractPipeline.java:509) ~[na:na]
	at java.base/java.util.stream.AbstractPipeline.wrapAndCopyInto(AbstractPipeline.java:499) ~[na:na]
	at java.base/java.util.stream.StreamSpliterators$WrappingSpliterator.forEachRemaining(StreamSpliterators.java:310) ~[na:na]
	at java.base/java.util.stream.Streams$ConcatSpliterator.forEachRemaining(Streams.java:735) ~[na:na]
	at java.base/java.util.stream.Streams$ConcatSpliterator.forEachRemaining(Streams.java:734) ~[na:na]
	at java.base/java.util.stream.ReferencePipeline$Head.forEach(ReferencePipeline.java:762) ~[na:na]
	at org.junit.jupiter.engine.descriptor.ClassBasedTestDescriptor.invokeTestInstancePostProcessors(ClassBasedTestDescriptor.java:376) ~[junit-jupiter-engine-5.9.3.jar:5.9.3]
	at org.junit.jupiter.engine.descriptor.ClassBasedTestDescriptor.lambda$instantiateAndPostProcessTestInstance$6(ClassBasedTestDescriptor.java:289) ~[junit-jupiter-engine-5.9.3.jar:5.9.3]
	at org.junit.platform.engine.support.hierarchical.ThrowableCollector.execute(ThrowableCollector.java:73) ~[junit-platform-engine-1.10.5.jar:1.10.5]
	at org.junit.jupiter.engine.descriptor.ClassBasedTestDescriptor.instantiateAndPostProcessTestInstance(ClassBasedTestDescriptor.java:288) ~[junit-jupiter-engine-5.9.3.jar:5.9.3]
	at org.junit.jupiter.engine.descriptor.ClassBasedTestDescriptor.lambda$testInstancesProvider$4(ClassBasedTestDescriptor.java:278) ~[junit-jupiter-engine-5.9.3.jar:5.9.3]
	at java.base/java.util.Optional.orElseGet(Optional.java:364) ~[na:na]
	at org.junit.jupiter.engine.descriptor.ClassBasedTestDescriptor.lambda$testInstancesProvider$5(ClassBasedTestDescriptor.java:277) ~[junit-jupiter-engine-5.9.3.jar:5.9.3]
	at org.junit.jupiter.engine.execution.TestInstancesProvider.getTestInstances(TestInstancesProvider.java:31) ~[junit-jupiter-engine-5.9.3.jar:5.9.3]
	at org.junit.jupiter.engine.descriptor.TestMethodTestDescriptor.lambda$prepare$0(TestMethodTestDescriptor.java:105) ~[junit-jupiter-engine-5.9.3.jar:5.9.3]
	at org.junit.platform.engine.support.hierarchical.ThrowableCollector.execute(ThrowableCollector.java:73) ~[junit-platform-engine-1.10.5.jar:1.10.5]
	at org.junit.jupiter.engine.descriptor.TestMethodTestDescriptor.prepare(TestMethodTestDescriptor.java:104) ~[junit-jupiter-engine-5.9.3.jar:5.9.3]
	at org.junit.jupiter.engine.descriptor.TestMethodTestDescriptor.prepare(TestMethodTestDescriptor.java:68) ~[junit-jupiter-engine-5.9.3.jar:5.9.3]
	at org.junit.platform.engine.support.hierarchical.NodeTestTask.lambda$prepare$2(NodeTestTask.java:128) ~[junit-platform-engine-1.10.5.jar:1.10.5]
	at org.junit.platform.engine.support.hierarchical.ThrowableCollector.execute(ThrowableCollector.java:73) ~[junit-platform-engine-1.10.5.jar:1.10.5]
	at org.junit.platform.engine.support.hierarchical.NodeTestTask.prepare(NodeTestTask.java:128) ~[junit-platform-engine-1.10.5.jar:1.10.5]
	at org.junit.platform.engine.support.hierarchical.NodeTestTask.execute(NodeTestTask.java:95) ~[junit-platform-engine-1.10.5.jar:1.10.5]
	at java.base/java.util.ArrayList.forEach(ArrayList.java:1511) ~[na:na]
	at org.junit.platform.engine.support.hierarchical.SameThreadHierarchicalTestExecutorService.invokeAll(SameThreadHierarchicalTestExecutorService.java:41) ~[junit-platform-engine-1.10.5.jar:1.10.5]
	at org.junit.platform.engine.support.hierarchical.NodeTestTask.lambda$executeRecursively$6(NodeTestTask.java:160) ~[junit-platform-engine-1.10.5.jar:1.10.5]
	at org.junit.platform.engine.support.hierarchical.ThrowableCollector.execute(ThrowableCollector.java:73) ~[junit-platform-engine-1.10.5.jar:1.10.5]
	at org.junit.platform.engine.support.hierarchical.NodeTestTask.lambda$executeRecursively$8(NodeTestTask.java:146) ~[junit-platform-engine-1.10.5.jar:1.10.5]
	at org.junit.platform.engine.support.hierarchical.Node.around(Node.java:137) ~[junit-platform-engine-1.10.5.jar:1.10.5]
	at org.junit.platform.engine.support.hierarchical.NodeTestTask.lambda$executeRecursively$9(NodeTestTask.java:144) ~[junit-platform-engine-1.10.5.jar:1.10.5]
	at org.junit.platform.engine.support.hierarchical.ThrowableCollector.execute(ThrowableCollector.java:73) ~[junit-platform-engine-1.10.5.jar:1.10.5]
	at org.junit.platform.engine.support.hierarchical.NodeTestTask.executeRecursively(NodeTestTask.java:143) ~[junit-platform-engine-1.10.5.jar:1.10.5]
	at org.junit.platform.engine.support.hierarchical.NodeTestTask.execute(NodeTestTask.java:100) ~[junit-platform-engine-1.10.5.jar:1.10.5]
	at java.base/java.util.ArrayList.forEach(ArrayList.java:1511) ~[na:na]
	at org.junit.platform.engine.support.hierarchical.SameThreadHierarchicalTestExecutorService.invokeAll(SameThreadHierarchicalTestExecutorService.java:41) ~[junit-platform-engine-1.10.5.jar:1.10.5]
	at org.junit.platform.engine.support.hierarchical.NodeTestTask.lambda$executeRecursively$6(NodeTestTask.java:160) ~[junit-platform-engine-1.10.5.jar:1.10.5]
	at org.junit.platform.engine.support.hierarchical.ThrowableCollector.execute(ThrowableCollector.java:73) ~[junit-platform-engine-1.10.5.jar:1.10.5]
	at org.junit.platform.engine.support.hierarchical.NodeTestTask.lambda$executeRecursively$8(NodeTestTask.java:146) ~[junit-platform-engine-1.10.5.jar:1.10.5]
	at org.junit.platform.engine.support.hierarchical.Node.around(Node.java:137) ~[junit-platform-engine-1.10.5.jar:1.10.5]
	at org.junit.platform.engine.support.hierarchical.NodeTestTask.lambda$executeRecursively$9(NodeTestTask.java:144) ~[junit-platform-engine-1.10.5.jar:1.10.5]
	at org.junit.platform.engine.support.hierarchical.ThrowableCollector.execute(ThrowableCollector.java:73) ~[junit-platform-engine-1.10.5.jar:1.10.5]
	at org.junit.platform.engine.support.hierarchical.NodeTestTask.executeRecursively(NodeTestTask.java:143) ~[junit-platform-engine-1.10.5.jar:1.10.5]
	at org.junit.platform.engine.support.hierarchical.NodeTestTask.execute(NodeTestTask.java:100) ~[junit-platform-engine-1.10.5.jar:1.10.5]
	at org.junit.platform.engine.support.hierarchical.SameThreadHierarchicalTestExecutorService.submit(SameThreadHierarchicalTestExecutorService.java:35) ~[junit-platform-engine-1.10.5.jar:1.10.5]
	at org.junit.platform.engine.support.hierarchical.HierarchicalTestExecutor.execute(HierarchicalTestExecutor.java:57) ~[junit-platform-engine-1.10.5.jar:1.10.5]
	at org.junit.platform.engine.support.hierarchical.HierarchicalTestEngine.execute(HierarchicalTestEngine.java:54) ~[junit-platform-engine-1.10.5.jar:1.10.5]
	at org.junit.platform.launcher.core.EngineExecutionOrchestrator.execute(EngineExecutionOrchestrator.java:198) ~[junit-platform-launcher-1.10.5.jar:1.10.5]
	at org.junit.platform.launcher.core.EngineExecutionOrchestrator.execute(EngineExecutionOrchestrator.java:169) ~[junit-platform-launcher-1.10.5.jar:1.10.5]
	at org.junit.platform.launcher.core.EngineExecutionOrchestrator.execute(EngineExecutionOrchestrator.java:93) ~[junit-platform-launcher-1.10.5.jar:1.10.5]
	at org.junit.platform.launcher.core.EngineExecutionOrchestrator.lambda$execute$0(EngineExecutionOrchestrator.java:58) ~[junit-platform-launcher-1.10.5.jar:1.10.5]
	at org.junit.platform.launcher.core.EngineExecutionOrchestrator.withInterceptedStreams(EngineExecutionOrchestrator.java:141) ~[junit-platform-launcher-1.10.5.jar:1.10.5]
	at org.junit.platform.launcher.core.EngineExecutionOrchestrator.execute(EngineExecutionOrchestrator.java:57) ~[junit-platform-launcher-1.10.5.jar:1.10.5]
	at org.junit.platform.launcher.core.DefaultLauncher.execute(DefaultLauncher.java:103) ~[junit-platform-launcher-1.10.5.jar:1.10.5]
	at org.junit.platform.launcher.core.DefaultLauncher.execute(DefaultLauncher.java:85) ~[junit-platform-launcher-1.10.5.jar:1.10.5]
	at org.junit.platform.launcher.core.DelegatingLauncher.execute(DelegatingLauncher.java:47) ~[junit-platform-launcher-1.10.5.jar:1.10.5]
	at org.apache.maven.surefire.junitplatform.LazyLauncher.execute(LazyLauncher.java:56) ~[surefire-junit-platform-3.2.5.jar:3.2.5]
	at org.apache.maven.surefire.junitplatform.JUnitPlatformProvider.execute(JUnitPlatformProvider.java:184) ~[surefire-junit-platform-3.2.5.jar:3.2.5]
	at org.apache.maven.surefire.junitplatform.JUnitPlatformProvider.invokeAllTests(JUnitPlatformProvider.java:148) ~[surefire-junit-platform-3.2.5.jar:3.2.5]
	at org.apache.maven.surefire.junitplatform.JUnitPlatformProvider.invoke(JUnitPlatformProvider.java:122) ~[surefire-junit-platform-3.2.5.jar:3.2.5]
	at org.apache.maven.surefire.booter.ForkedBooter.runSuitesInProcess(ForkedBooter.java:385) ~[surefire-booter-3.2.5.jar:3.2.5]
	at org.apache.maven.surefire.booter.ForkedBooter.execute(ForkedBooter.java:162) ~[surefire-booter-3.2.5.jar:3.2.5]
	at org.apache.maven.surefire.booter.ForkedBooter.run(ForkedBooter.java:507) ~[surefire-booter-3.2.5.jar:3.2.5]
	at org.apache.maven.surefire.booter.ForkedBooter.main(ForkedBooter.java:495) ~[surefire-booter-3.2.5.jar:3.2.5]

2024-12-07T22:32:33.337-03:00 DEBUG 33551 --- [pagamentoService] [           main] org.hibernate.orm.query.hql              : HQL : SELECT c FROM Cliente c
2024-12-07T22:32:33.420-03:00 DEBUG 33551 --- [pagamentoService] [           main] org.hibernate.orm.query.sqm.ast          : SqmStatement Tree :
    -> [select]
      -> [query-spec]
        -> [select]
          -> [selection]
            -> [root] - `com.example.pagamentoService.entidade.Cliente(c)`
            <- [root] - `com.example.pagamentoService.entidade.Cliente(c)`
          <- [selection]
        <- [select]
        -> [from]
          -> [root] - `com.example.pagamentoService.entidade.Cliente(c)`
          <- [root] - `com.example.pagamentoService.entidade.Cliente(c)`
        <- [from]
      <- [query-spec]
    <- [select]

2024-12-07T22:32:33.451-03:00  WARN 33551 --- [pagamentoService] [           main] JpaBaseConfiguration$JpaWebConfiguration : spring.jpa.open-in-view is enabled by default. Therefore, database queries may be performed during view rendering. Explicitly configure spring.jpa.open-in-view to disable this warning
2024-12-07T22:32:33.522-03:00 TRACE 33551 --- [pagamentoService] [           main] s.w.s.m.m.a.RequestMappingHandlerMapping : 
	c.e.p.c.AuthController:
	{POST [/auth/login]}: authenticateUser(LoginRequest)
2024-12-07T22:32:33.524-03:00 TRACE 33551 --- [pagamentoService] [           main] s.w.s.m.m.a.RequestMappingHandlerMapping : 
	c.e.p.c.ClienteController:
	{GET [/api/v1/cliente]}: listarClientes()
2024-12-07T22:32:33.528-03:00 TRACE 33551 --- [pagamentoService] [           main] s.w.s.m.m.a.RequestMappingHandlerMapping : 
	o.s.b.a.w.s.e.BasicErrorController:
	{ [/error]}: error(HttpServletRequest)
	{ [/error], produces [text/html]}: errorHtml(HttpServletRequest,HttpServletResponse)
2024-12-07T22:32:33.529-03:00 DEBUG 33551 --- [pagamentoService] [           main] s.w.s.m.m.a.RequestMappingHandlerMapping : 4 mappings in 'requestMappingHandlerMapping'
2024-12-07T22:32:33.534-03:00 DEBUG 33551 --- [pagamentoService] [           main] o.s.w.s.h.BeanNameUrlHandlerMapping      : Detected 0 mappings in 'beanNameHandlerMapping'
2024-12-07T22:32:33.587-03:00 TRACE 33551 --- [pagamentoService] [           main] o.s.w.s.f.support.RouterFunctionMapping  : 0 RouterFunction(s) in 'routerFunctionMapping'
2024-12-07T22:32:33.655-03:00 DEBUG 33551 --- [pagamentoService] [           main] s.w.s.m.m.a.RequestMappingHandlerAdapter : ControllerAdvice beans: 0 @ModelAttribute, 0 @InitBinder, 1 RequestBodyAdvice, 1 ResponseBodyAdvice
2024-12-07T22:32:33.676-03:00 DEBUG 33551 --- [pagamentoService] [           main] .m.m.a.ExceptionHandlerExceptionResolver : ControllerAdvice beans: 0 @ExceptionHandler, 1 ResponseBodyAdvice
2024-12-07T22:32:33.801-03:00 TRACE 33551 --- [pagamentoService] [           main] o.s.w.c.s.GenericWebApplicationContext   : Using LifecycleProcessor [org.springframework.context.support.DefaultLifecycleProcessor@3e94a6f6]
2024-12-07T22:32:33.811-03:00 TRACE 33551 --- [pagamentoService] [           main] o.s.w.s.resource.ResourceUrlProvider     : No resource handling mappings found
2024-12-07T22:32:33.811-03:00  INFO 33551 --- [pagamentoService] [           main] c.e.pagamentoService.ApplicationTests    : Started ApplicationTests in 10.11 seconds (process running for 10.668)
]]></system-out>
  </testcase>
</testsuite>